<?xml version="1.0" encoding="UTF-8"?>
<TestRun id="b63ac281-b76c-4280-a773-c94fecbf8d28" name="Louis@LOUIS-HP 2012-08-27 15:36:34" runUser="Louis-HP\Louis" xmlns="http://microsoft.com/schemas/VisualStudio/TeamTest/2010">
  <TestSettings name="Local" id="53e514f0-4a59-4535-81eb-4649f33ffbf9">
    <Description>These are default test settings for a local test run.</Description>
    <Deployment enabled="false" runDeploymentRoot="Louis_LOUIS-HP 2012-08-27 15_36_34">
      <DeploymentItem filename="C:\Users\Louis\Documents\School\UCSD\cse136\cse136_vs2010_solution\cse136\bin\Debug\cse136.dll" />
      <DeploymentItem filename="C:\Users\Louis\Documents\School\UCSD\cse136\cse136_vs2010_solution\DomainModel\bin\Debug\DomainModel.dll" />
      <DeploymentItem filename="C:\Users\Louis\Documents\School\UCSD\cse136\cse136_vs2010_solution\BL\bin\Debug\BL.dll" />
    </Deployment>
    <Execution>
      <TestTypeSpecific />
      <AgentRule name="Execution Agents">
      </AgentRule>
    </Execution>
  </TestSettings>
  <Times creation="2012-08-27T15:36:34.6152618-07:00" queuing="2012-08-27T15:36:34.8262739-07:00" start="2012-08-27T15:36:34.8372745-07:00" finish="2012-08-27T15:36:35.3153019-07:00" />
  <ResultSummary outcome="Completed">
    <Counters total="1" executed="1" passed="1" error="0" failed="0" timeout="0" aborted="0" inconclusive="0" passedButRunAborted="0" notRunnable="0" notExecuted="0" disconnected="0" warning="0" completed="0" inProgress="0" pending="0" />
  </ResultSummary>
  <TestDefinitions>
    <UnitTest name="BrandUpdateErrorTest" storage="c:\users\louis\documents\school\ucsd\cse136\cse136_vs2010_solution\bltest\bin\debug\bltest.dll" id="e838b5ac-738c-c97e-c3d6-f1fb0daa2370">
      <Execution id="5e1678a2-3a95-4d8a-82b0-682498b8135b" />
      <TestMethod codeBase="C:/Users/Louis/Documents/School/UCSD/cse136/cse136_vs2010_solution/BLTest/bin/Debug/BLTest.DLL" adapterTypeName="Microsoft.VisualStudio.TestTools.TestTypes.Unit.UnitTestAdapter, Microsoft.VisualStudio.QualityTools.Tips.UnitTest.Adapter, Version=10.0.0.0, Culture=neutral, PublicKeyToken=b03f5f7f11d50a3a" className="BLTest.BLBrandTest, BLTest, Version=1.0.0.0, Culture=neutral, PublicKeyToken=null" name="BrandUpdateErrorTest" />
    </UnitTest>
  </TestDefinitions>
  <TestLists>
    <TestList name="Results Not in a List" id="8c84fa94-04c1-424b-9868-57a2d4851a1d" />
    <TestList name="All Loaded Results" id="19431567-8539-422a-85d7-44ee4e166bda" />
  </TestLists>
  <TestEntries>
    <TestEntry testId="e838b5ac-738c-c97e-c3d6-f1fb0daa2370" executionId="5e1678a2-3a95-4d8a-82b0-682498b8135b" testListId="8c84fa94-04c1-424b-9868-57a2d4851a1d" />
  </TestEntries>
  <Results>
    <UnitTestResult executionId="5e1678a2-3a95-4d8a-82b0-682498b8135b" testId="e838b5ac-738c-c97e-c3d6-f1fb0daa2370" testName="BrandUpdateErrorTest" computerName="LOUIS-HP" duration="00:00:00.0489053" startTime="2012-08-27T15:36:34.8442749-07:00" endTime="2012-08-27T15:36:35.2913005-07:00" testType="13cdc9d9-ddb5-4fa4-a97d-d965ccfc6d4b" outcome="Passed" testListId="8c84fa94-04c1-424b-9868-57a2d4851a1d" relativeResultsDirectory="5e1678a2-3a95-4d8a-82b0-682498b8135b">
    </UnitTestResult>
  </Results>
</TestRun>