<?xml version="1.0" encoding="UTF-8"?>
<TestRun id="0d6893ad-347f-4472-9853-0173e43b085d" name="Louis@LOUIS-HP 2012-08-20 01:56:24" runUser="Louis-HP\Louis" xmlns="http://microsoft.com/schemas/VisualStudio/TeamTest/2010">
  <TestSettings name="Local" id="53e514f0-4a59-4535-81eb-4649f33ffbf9">
    <Description>These are default test settings for a local test run.</Description>
    <Deployment userDeploymentRoot="C:\Users\Louis\Documents\School\UCSD\cse136\cse136_vs2010_solution\TestResults" useDefaultDeploymentRoot="false" enabled="false" runDeploymentRoot="Louis_LOUIS-HP 2012-08-20 01_56_24">
      <DeploymentItem filename="C:\Users\Louis\Documents\School\UCSD\cse136\cse136_vs2010_solution\cse136\bin\Debug\cse136.dll" />
      <DeploymentItem filename="C:\Users\Louis\Documents\School\UCSD\cse136\cse136_vs2010_solution\DomainModel\bin\Debug\DomainModel.dll" />
    </Deployment>
    <Execution>
      <TestTypeSpecific />
      <AgentRule name="Execution Agents">
      </AgentRule>
    </Execution>
  </TestSettings>
  <Times creation="2012-08-20T01:56:24.1255273-07:00" queuing="2012-08-20T01:56:27.3417112-07:00" start="2012-08-20T01:56:27.4657183-07:00" finish="2012-08-20T01:57:22.5628697-07:00" />
  <ResultSummary outcome="Error">
    <Counters total="1" executed="1" error="0" failed="0" timeout="0" aborted="1" inconclusive="0" passedButRunAborted="0" notRunnable="0" notExecuted="0" disconnected="0" warning="0" passed="0" completed="0" inProgress="0" pending="0" />
    <RunInfos>
      <RunInfo computerName="LOUIS-HP" outcome="Error" timestamp="2012-08-20T01:57:22.5618697-07:00">
        <Text>Test host process exited unexpectedly.</Text>
      </RunInfo>
    </RunInfos>
  </ResultSummary>
  <TestDefinitions>
    <UnitTest name="UpdateProductVariationInfoTest" storage="c:\users\louis\documents\school\ucsd\cse136\cse136_vs2010_solution\daltest\bin\debug\daltest.dll" id="c68b8238-9415-4bac-14f0-0a40a7e90643">
      <Execution id="9d33cd58-598d-4f9e-96d4-81b02d842116" />
      <TestMethod codeBase="C:/Users/Louis/Documents/School/UCSD/cse136/cse136_vs2010_solution/DALTest/bin/Debug/DALTest.DLL" adapterTypeName="Microsoft.VisualStudio.TestTools.TestTypes.Unit.UnitTestAdapter, Microsoft.VisualStudio.QualityTools.Tips.UnitTest.Adapter, Version=10.0.0.0, Culture=neutral, PublicKeyToken=b03f5f7f11d50a3a" className="DALTest.DALProductVariationInfoTest, DALTest, Version=1.0.0.0, Culture=neutral, PublicKeyToken=null" name="UpdateProductVariationInfoTest" />
    </UnitTest>
  </TestDefinitions>
  <TestLists>
    <TestList name="Results Not in a List" id="8c84fa94-04c1-424b-9868-57a2d4851a1d" />
    <TestList name="All Loaded Results" id="19431567-8539-422a-85d7-44ee4e166bda" />
  </TestLists>
  <TestEntries>
    <TestEntry testId="c68b8238-9415-4bac-14f0-0a40a7e90643" executionId="9d33cd58-598d-4f9e-96d4-81b02d842116" testListId="8c84fa94-04c1-424b-9868-57a2d4851a1d" />
  </TestEntries>
  <Results>
    <UnitTestResult executionId="9d33cd58-598d-4f9e-96d4-81b02d842116" testId="c68b8238-9415-4bac-14f0-0a40a7e90643" testName="UpdateProductVariationInfoTest" computerName="LOUIS-HP" duration="00:00:55.0201470" startTime="2012-08-20T01:56:27.5427227-07:00" endTime="2012-08-20T01:57:22.5628697-07:00" testType="13cdc9d9-ddb5-4fa4-a97d-d965ccfc6d4b" outcome="Aborted" testListId="8c84fa94-04c1-424b-9868-57a2d4851a1d" relativeResultsDirectory="9d33cd58-598d-4f9e-96d4-81b02d842116">
    </UnitTestResult>
  </Results>
</TestRun>