<?xml version="1.0" encoding="UTF-8"?>
<TestRun id="a29f36e1-84b1-4e93-b779-e955abdfb7ad" name="Louis@LOUIS-HP 2012-08-23 11:13:48" runUser="Louis-HP\Louis" xmlns="http://microsoft.com/schemas/VisualStudio/TeamTest/2010">
  <TestSettings name="Local" id="53e514f0-4a59-4535-81eb-4649f33ffbf9">
    <Description>These are default test settings for a local test run.</Description>
    <Deployment userDeploymentRoot="C:\Users\Louis\Documents\School\UCSD\cse136\cse136_vs2010_solution\TestResults" useDefaultDeploymentRoot="false" enabled="false" runDeploymentRoot="Louis_LOUIS-HP 2012-08-23 11_13_48">
      <DeploymentItem filename="C:\Users\Louis\Documents\School\UCSD\cse136\cse136_vs2010_solution\cse136\bin\Debug\cse136.dll" />
      <DeploymentItem filename="C:\Users\Louis\Documents\School\UCSD\cse136\cse136_vs2010_solution\DomainModel\bin\Debug\DomainModel.dll" />
    </Deployment>
    <Execution>
      <TestTypeSpecific />
      <AgentRule name="Execution Agents">
      </AgentRule>
    </Execution>
  </TestSettings>
  <Times creation="2012-08-23T11:13:48.3436658-07:00" queuing="2012-08-23T11:13:50.1307680-07:00" start="2012-08-23T11:13:50.2527750-07:00" finish="2012-08-23T11:15:04.4836231-07:00" />
  <ResultSummary outcome="Error">
    <Counters total="1" executed="1" error="0" failed="0" timeout="0" aborted="1" inconclusive="0" passedButRunAborted="0" notRunnable="0" notExecuted="0" disconnected="0" warning="0" passed="0" completed="0" inProgress="0" pending="0" />
    <RunInfos>
      <RunInfo computerName="LOUIS-HP" outcome="Error" timestamp="2012-08-23T11:15:04.4836231-07:00">
        <Text>Test host process exited unexpectedly.</Text>
      </RunInfo>
    </RunInfos>
  </ResultSummary>
  <TestDefinitions>
    <UnitTest name="CreateBrandTest" storage="c:\users\louis\documents\school\ucsd\cse136\cse136_vs2010_solution\daltest\bin\debug\daltest.dll" id="f164ed89-d296-5ff9-08d7-a7e4a1f0d9d7">
      <Execution id="49fffd55-71db-42df-baa7-3027c8cc1620" />
      <TestMethod codeBase="C:/Users/Louis/Documents/School/UCSD/cse136/cse136_vs2010_solution/DALTest/bin/Debug/DALTest.DLL" adapterTypeName="Microsoft.VisualStudio.TestTools.TestTypes.Unit.UnitTestAdapter, Microsoft.VisualStudio.QualityTools.Tips.UnitTest.Adapter, Version=10.0.0.0, Culture=neutral, PublicKeyToken=b03f5f7f11d50a3a" className="DALTest.DALBrandTest, DALTest, Version=1.0.0.0, Culture=neutral, PublicKeyToken=null" name="CreateBrandTest" />
    </UnitTest>
  </TestDefinitions>
  <TestLists>
    <TestList name="Results Not in a List" id="8c84fa94-04c1-424b-9868-57a2d4851a1d" />
    <TestList name="All Loaded Results" id="19431567-8539-422a-85d7-44ee4e166bda" />
  </TestLists>
  <TestEntries>
    <TestEntry testId="f164ed89-d296-5ff9-08d7-a7e4a1f0d9d7" executionId="49fffd55-71db-42df-baa7-3027c8cc1620" testListId="8c84fa94-04c1-424b-9868-57a2d4851a1d" />
  </TestEntries>
  <Results>
    <UnitTestResult executionId="49fffd55-71db-42df-baa7-3027c8cc1620" testId="f164ed89-d296-5ff9-08d7-a7e4a1f0d9d7" testName="CreateBrandTest" computerName="LOUIS-HP" duration="00:01:14.1608441" startTime="2012-08-23T11:13:50.3227790-07:00" endTime="2012-08-23T11:15:04.4836231-07:00" testType="13cdc9d9-ddb5-4fa4-a97d-d965ccfc6d4b" outcome="Aborted" testListId="8c84fa94-04c1-424b-9868-57a2d4851a1d" relativeResultsDirectory="49fffd55-71db-42df-baa7-3027c8cc1620">
    </UnitTestResult>
  </Results>
</TestRun>