<?xml version="1.0" encoding="UTF-8"?>
<TestRun id="abb89aec-563b-4a85-82d7-fea6ac86c087" name="Louis@LOUIS-HP 2012-08-27 14:38:15" runUser="Louis-HP\Louis" xmlns="http://microsoft.com/schemas/VisualStudio/TeamTest/2010">
  <TestSettings name="Local" id="53e514f0-4a59-4535-81eb-4649f33ffbf9">
    <Description>These are default test settings for a local test run.</Description>
    <Deployment enabled="false" runDeploymentRoot="Louis_LOUIS-HP 2012-08-27 14_38_15">
      <DeploymentItem filename="C:\Users\Louis\Documents\School\UCSD\cse136\cse136_vs2010_solution\cse136\bin\Debug\cse136.dll" />
      <DeploymentItem filename="C:\Users\Louis\Documents\School\UCSD\cse136\cse136_vs2010_solution\DomainModel\bin\Debug\DomainModel.dll" />
      <DeploymentItem filename="C:\Users\Louis\Documents\School\UCSD\cse136\cse136_vs2010_solution\BL\bin\Debug\BL.dll" />
    </Deployment>
    <Execution>
      <TestTypeSpecific />
      <AgentRule name="Execution Agents">
      </AgentRule>
    </Execution>
  </TestSettings>
  <Times creation="2012-08-27T14:38:15.3711165-07:00" queuing="2012-08-27T14:38:15.8261425-07:00" start="2012-08-27T14:38:15.8861460-07:00" finish="2012-08-27T14:38:16.5901862-07:00" />
  <ResultSummary outcome="Failed">
    <Counters total="1" executed="1" error="0" failed="1" timeout="0" aborted="0" inconclusive="0" passedButRunAborted="0" notRunnable="0" notExecuted="0" disconnected="0" warning="0" passed="0" completed="0" inProgress="0" pending="0" />
  </ResultSummary>
  <TestDefinitions>
    <UnitTest name="CreateProductVariationErrorTest" storage="c:\users\louis\documents\school\ucsd\cse136\cse136_vs2010_solution\bltest\bin\debug\bltest.dll" id="2c820968-7c91-03d3-a299-ef437a4adae9">
      <Execution id="b742015d-43a0-41c2-a55b-06439258ebdc" />
      <TestMethod codeBase="C:/Users/Louis/Documents/School/UCSD/cse136/cse136_vs2010_solution/BLTest/bin/Debug/BLTest.DLL" adapterTypeName="Microsoft.VisualStudio.TestTools.TestTypes.Unit.UnitTestAdapter, Microsoft.VisualStudio.QualityTools.Tips.UnitTest.Adapter, Version=10.0.0.0, Culture=neutral, PublicKeyToken=b03f5f7f11d50a3a" className="BLTest.BLProductVariationTest, BLTest, Version=1.0.0.0, Culture=neutral, PublicKeyToken=null" name="CreateProductVariationErrorTest" />
    </UnitTest>
  </TestDefinitions>
  <TestLists>
    <TestList name="Results Not in a List" id="8c84fa94-04c1-424b-9868-57a2d4851a1d" />
    <TestList name="All Loaded Results" id="19431567-8539-422a-85d7-44ee4e166bda" />
  </TestLists>
  <TestEntries>
    <TestEntry testId="2c820968-7c91-03d3-a299-ef437a4adae9" executionId="b742015d-43a0-41c2-a55b-06439258ebdc" testListId="8c84fa94-04c1-424b-9868-57a2d4851a1d" />
  </TestEntries>
  <Results>
    <UnitTestResult executionId="b742015d-43a0-41c2-a55b-06439258ebdc" testId="2c820968-7c91-03d3-a299-ef437a4adae9" testName="CreateProductVariationErrorTest" computerName="LOUIS-HP" duration="00:00:00.1637964" startTime="2012-08-27T14:38:15.9041470-07:00" endTime="2012-08-27T14:38:16.5511840-07:00" testType="13cdc9d9-ddb5-4fa4-a97d-d965ccfc6d4b" outcome="Failed" testListId="8c84fa94-04c1-424b-9868-57a2d4851a1d" relativeResultsDirectory="b742015d-43a0-41c2-a55b-06439258ebdc">
      <Output>
        <DebugTrace>THIS IS THE PID:24
THIS IS THE ERROR:Invalid product_brand_id
THIS IS THE ERROR:Invalid product_cutting_id
THIS IS THE ERROR:Invalid product_color_id
THIS IS THE ERROR:Invalid sex
THIS IS THE ERROR:Invalid size
THIS IS THE ERROR:Invalid stock
THIS IS THE ERROR:Invalid price
THIS IS THE ERROR:Invalid condition
</DebugTrace>
        <ErrorInfo>
          <Message>Assert.AreEqual failed. Expected:&lt;9&gt;. Actual:&lt;8&gt;. </Message>
          <StackTrace>   at BLTest.BLProductVariationTest.CreateProductVariationErrorTest() in C:\Users\Louis\Documents\School\UCSD\cse136\cse136_vs2010_solution\BLTest\BLProductVariationTest.cs:line 201
</StackTrace>
        </ErrorInfo>
      </Output>
    </UnitTestResult>
  </Results>
</TestRun>