<?xml version="1.0" encoding="UTF-8"?>
<TestRun id="60bf5254-ecf9-4739-a9fb-097be94b4ad9" name="Louis@LOUIS-HP 2012-08-20 22:52:04" runUser="Louis-HP\Louis" xmlns="http://microsoft.com/schemas/VisualStudio/TeamTest/2010">
  <TestSettings name="Local" id="53e514f0-4a59-4535-81eb-4649f33ffbf9">
    <Description>These are default test settings for a local test run.</Description>
    <Deployment enabled="false" runDeploymentRoot="Louis_LOUIS-HP 2012-08-20 22_52_04">
      <DeploymentItem filename="C:\Users\Louis\Documents\School\UCSD\cse136\cse136_vs2010_solution\cse136\bin\Debug\cse136.dll" />
      <DeploymentItem filename="C:\Users\Louis\Documents\School\UCSD\cse136\cse136_vs2010_solution\MVC3\bin\MVC3.dll" />
      <DeploymentItem filename="C:\Users\Louis\Documents\School\UCSD\cse136\cse136_vs2010_solution\DomainModel\bin\Debug\DomainModel.dll" />
      <DeploymentItem filename="C:\Users\Louis\Documents\School\UCSD\cse136\cse136_vs2010_solution\BL\bin\Debug\BL.dll" />
    </Deployment>
    <Execution>
      <TestTypeSpecific />
      <AgentRule name="Execution Agents">
      </AgentRule>
    </Execution>
  </TestSettings>
  <Times creation="2012-08-20T22:52:04.9984691-07:00" queuing="2012-08-20T22:52:06.3185447-07:00" start="2012-08-20T22:52:06.3315454-07:00" finish="2012-08-20T22:52:10.4047784-07:00" />
  <ResultSummary outcome="Failed">
    <Counters total="13" executed="13" passed="12" error="0" failed="1" timeout="0" aborted="0" inconclusive="0" passedButRunAborted="0" notRunnable="0" notExecuted="0" disconnected="0" warning="0" completed="0" inProgress="0" pending="0" />
  </ResultSummary>
  <TestDefinitions>
    <UnitTest name="UpdateBrandTest" storage="c:\users\louis\documents\school\ucsd\cse136\cse136_vs2010_solution\daltest\bin\debug\daltest.dll" id="d496ab9a-135a-b41a-ebd0-a9734f28bea8">
      <Execution id="45ade1e7-0dd5-40c0-bfaf-1769410ceb31" />
      <TestMethod codeBase="C:/Users/Louis/Documents/School/UCSD/cse136/cse136_vs2010_solution/DALTest/bin/Debug/DALTest.DLL" adapterTypeName="Microsoft.VisualStudio.TestTools.TestTypes.Unit.UnitTestAdapter, Microsoft.VisualStudio.QualityTools.Tips.UnitTest.Adapter, Version=10.0.0.0, Culture=neutral, PublicKeyToken=b03f5f7f11d50a3a" className="DALTest.DALProductVariationInfoTest, DALTest, Version=1.0.0.0, Culture=neutral, PublicKeyToken=null" name="UpdateBrandTest" />
    </UnitTest>
    <UnitTest name="UpdateProductCuttingTest" storage="c:\users\louis\documents\school\ucsd\cse136\cse136_vs2010_solution\daltest\bin\debug\daltest.dll" id="43e76ea6-89b4-eac5-0286-0ae39a94b4de">
      <Execution id="28e00366-6adc-46af-917a-ae66361b0b61" />
      <TestMethod codeBase="C:/Users/Louis/Documents/School/UCSD/cse136/cse136_vs2010_solution/DALTest/bin/Debug/DALTest.DLL" adapterTypeName="Microsoft.VisualStudio.TestTools.TestTypes.Unit.UnitTestAdapter, Microsoft.VisualStudio.QualityTools.Tips.UnitTest.Adapter, Version=10.0.0.0, Culture=neutral, PublicKeyToken=b03f5f7f11d50a3a" className="DALTest.DALProductVariationInfoTest, DALTest, Version=1.0.0.0, Culture=neutral, PublicKeyToken=null" name="UpdateProductCuttingTest" />
    </UnitTest>
    <UnitTest name="UpdateProductTypeTest" storage="c:\users\louis\documents\school\ucsd\cse136\cse136_vs2010_solution\daltest\bin\debug\daltest.dll" id="0ec447f2-07d5-179e-7774-18ff32d77d50">
      <Execution id="08ad3533-a21d-46c6-9224-bbf12d663bde" />
      <TestMethod codeBase="C:/Users/Louis/Documents/School/UCSD/cse136/cse136_vs2010_solution/DALTest/bin/Debug/DALTest.DLL" adapterTypeName="Microsoft.VisualStudio.TestTools.TestTypes.Unit.UnitTestAdapter, Microsoft.VisualStudio.QualityTools.Tips.UnitTest.Adapter, Version=10.0.0.0, Culture=neutral, PublicKeyToken=b03f5f7f11d50a3a" className="DALTest.DALProductVariationInfoTest, DALTest, Version=1.0.0.0, Culture=neutral, PublicKeyToken=null" name="UpdateProductTypeTest" />
    </UnitTest>
    <UnitTest name="UpdateProductColorTest" storage="c:\users\louis\documents\school\ucsd\cse136\cse136_vs2010_solution\daltest\bin\debug\daltest.dll" id="d2d432c7-3f05-a63e-32da-befa6b8a3c7d">
      <Execution id="23c036c4-e96e-4654-8649-449fa9c634ae" />
      <TestMethod codeBase="C:/Users/Louis/Documents/School/UCSD/cse136/cse136_vs2010_solution/DALTest/bin/Debug/DALTest.DLL" adapterTypeName="Microsoft.VisualStudio.TestTools.TestTypes.Unit.UnitTestAdapter, Microsoft.VisualStudio.QualityTools.Tips.UnitTest.Adapter, Version=10.0.0.0, Culture=neutral, PublicKeyToken=b03f5f7f11d50a3a" className="DALTest.DALProductVariationInfoTest, DALTest, Version=1.0.0.0, Culture=neutral, PublicKeyToken=null" name="UpdateProductColorTest" />
    </UnitTest>
    <UnitTest name="DeletePVErrorTest" storage="c:\users\louis\documents\school\ucsd\cse136\cse136_vs2010_solution\bltest\bin\debug\bltest.dll" id="97f51d42-11f8-ce9c-b79e-c3d976edc662">
      <Execution id="94ec6b80-11a2-4321-9e38-1df847671700" />
      <TestMethod codeBase="C:/Users/Louis/Documents/School/UCSD/cse136/cse136_vs2010_solution/BLTest/bin/Debug/BLTest.DLL" adapterTypeName="Microsoft.VisualStudio.TestTools.TestTypes.Unit.UnitTestAdapter, Microsoft.VisualStudio.QualityTools.Tips.UnitTest.Adapter, Version=10.0.0.0, Culture=neutral, PublicKeyToken=b03f5f7f11d50a3a" className="BLTest.BLProductVariationTest, BLTest, Version=1.0.0.0, Culture=neutral, PublicKeyToken=null" name="DeletePVErrorTest" />
    </UnitTest>
    <UnitTest name="UpdateProductVariationInfoTest" storage="c:\users\louis\documents\school\ucsd\cse136\cse136_vs2010_solution\daltest\bin\debug\daltest.dll" id="c68b8238-9415-4bac-14f0-0a40a7e90643">
      <Execution id="4d8f2bc2-6c9b-4ad5-b991-a7a7b7e40475" />
      <TestMethod codeBase="C:/Users/Louis/Documents/School/UCSD/cse136/cse136_vs2010_solution/DALTest/bin/Debug/DALTest.DLL" adapterTypeName="Microsoft.VisualStudio.TestTools.TestTypes.Unit.UnitTestAdapter, Microsoft.VisualStudio.QualityTools.Tips.UnitTest.Adapter, Version=10.0.0.0, Culture=neutral, PublicKeyToken=b03f5f7f11d50a3a" className="DALTest.DALProductVariationInfoTest, DALTest, Version=1.0.0.0, Culture=neutral, PublicKeyToken=null" name="UpdateProductVariationInfoTest" />
    </UnitTest>
    <UnitTest name="CreateStudentTest" storage="c:\users\louis\documents\school\ucsd\cse136\cse136_vs2010_solution\mvc3.tests\bin\debug\mvc3.tests.dll" id="0a9faab6-c2ff-6cfa-e314-2f6d98eb74e4">
      <Execution id="ac599578-27ba-4414-b793-214c5354eba5" />
      <TestMethod codeBase="C:/Users/Louis/Documents/School/UCSD/cse136/cse136_vs2010_solution/MVC3.Tests/bin/Debug/MVC3.Tests.DLL" adapterTypeName="Microsoft.VisualStudio.TestTools.TestTypes.Unit.UnitTestAdapter, Microsoft.VisualStudio.QualityTools.Tips.UnitTest.Adapter, Version=10.0.0.0, Culture=neutral, PublicKeyToken=b03f5f7f11d50a3a" className="MVC3.Tests.Controllers.StudentControllerTest, MVC3.Tests, Version=1.0.0.0, Culture=neutral, PublicKeyToken=null" name="CreateStudentTest" />
    </UnitTest>
    <UnitTest name="UpdatePVErrorTest" storage="c:\users\louis\documents\school\ucsd\cse136\cse136_vs2010_solution\bltest\bin\debug\bltest.dll" id="6d47a2f3-39c9-19d7-afae-f0a10e6b6730">
      <Execution id="0e313355-cf41-4715-9876-ba065cdf0bad" />
      <TestMethod codeBase="C:/Users/Louis/Documents/School/UCSD/cse136/cse136_vs2010_solution/BLTest/bin/Debug/BLTest.DLL" adapterTypeName="Microsoft.VisualStudio.TestTools.TestTypes.Unit.UnitTestAdapter, Microsoft.VisualStudio.QualityTools.Tips.UnitTest.Adapter, Version=10.0.0.0, Culture=neutral, PublicKeyToken=b03f5f7f11d50a3a" className="BLTest.BLProductVariationTest, BLTest, Version=1.0.0.0, Culture=neutral, PublicKeyToken=null" name="UpdatePVErrorTest" />
    </UnitTest>
    <UnitTest name="CreatePVErrorTest" storage="c:\users\louis\documents\school\ucsd\cse136\cse136_vs2010_solution\bltest\bin\debug\bltest.dll" id="9ea66d23-33d8-5207-a8ad-fb09aacd8091">
      <Execution id="3413bf09-c976-4045-806c-948115b363e7" />
      <TestMethod codeBase="C:/Users/Louis/Documents/School/UCSD/cse136/cse136_vs2010_solution/BLTest/bin/Debug/BLTest.DLL" adapterTypeName="Microsoft.VisualStudio.TestTools.TestTypes.Unit.UnitTestAdapter, Microsoft.VisualStudio.QualityTools.Tips.UnitTest.Adapter, Version=10.0.0.0, Culture=neutral, PublicKeyToken=b03f5f7f11d50a3a" className="BLTest.BLProductVariationTest, BLTest, Version=1.0.0.0, Culture=neutral, PublicKeyToken=null" name="CreatePVErrorTest" />
    </UnitTest>
    <UnitTest name="Index" storage="c:\users\louis\documents\school\ucsd\cse136\cse136_vs2010_solution\mvc3.tests\bin\debug\mvc3.tests.dll" id="12e3c4c9-0e7f-4fb6-44e9-504011a51fde">
      <Execution id="948b36b3-57bb-42b7-997e-a13f01ce1a43" />
      <TestMethod codeBase="C:/Users/Louis/Documents/School/UCSD/cse136/cse136_vs2010_solution/MVC3.Tests/bin/Debug/MVC3.Tests.DLL" adapterTypeName="Microsoft.VisualStudio.TestTools.TestTypes.Unit.UnitTestAdapter, Microsoft.VisualStudio.QualityTools.Tips.UnitTest.Adapter, Version=10.0.0.0, Culture=neutral, PublicKeyToken=b03f5f7f11d50a3a" className="MVC3.Tests.Controllers.HomeControllerTest, MVC3.Tests, Version=1.0.0.0, Culture=neutral, PublicKeyToken=null" name="Index" />
    </UnitTest>
    <UnitTest name="CreatePVTest" storage="c:\users\louis\documents\school\ucsd\cse136\cse136_vs2010_solution\daltest\bin\debug\daltest.dll" id="c76098cd-5f49-f576-d094-a3b9b8dc9118">
      <Execution id="71feb21d-a797-4fde-a2e9-0e7af48b30cc" />
      <TestMethod codeBase="C:/Users/Louis/Documents/School/UCSD/cse136/cse136_vs2010_solution/DALTest/bin/Debug/DALTest.DLL" adapterTypeName="Microsoft.VisualStudio.TestTools.TestTypes.Unit.UnitTestAdapter, Microsoft.VisualStudio.QualityTools.Tips.UnitTest.Adapter, Version=10.0.0.0, Culture=neutral, PublicKeyToken=b03f5f7f11d50a3a" className="DALTest.DALProductVariationInfoTest, DALTest, Version=1.0.0.0, Culture=neutral, PublicKeyToken=null" name="CreatePVTest" />
    </UnitTest>
    <UnitTest name="DeleteProductVariationInfoTest" storage="c:\users\louis\documents\school\ucsd\cse136\cse136_vs2010_solution\daltest\bin\debug\daltest.dll" id="52df322f-98b6-4e57-d285-dc4d7f1b9314">
      <Execution id="53e9f052-bfad-4576-8e82-9f7f6c50f61b" />
      <TestMethod codeBase="C:/Users/Louis/Documents/School/UCSD/cse136/cse136_vs2010_solution/DALTest/bin/Debug/DALTest.DLL" adapterTypeName="Microsoft.VisualStudio.TestTools.TestTypes.Unit.UnitTestAdapter, Microsoft.VisualStudio.QualityTools.Tips.UnitTest.Adapter, Version=10.0.0.0, Culture=neutral, PublicKeyToken=b03f5f7f11d50a3a" className="DALTest.DALProductVariationInfoTest, DALTest, Version=1.0.0.0, Culture=neutral, PublicKeyToken=null" name="DeleteProductVariationInfoTest" />
    </UnitTest>
    <UnitTest name="UpdateProductTest" storage="c:\users\louis\documents\school\ucsd\cse136\cse136_vs2010_solution\daltest\bin\debug\daltest.dll" id="9dad9ff8-f77d-191e-a6f2-959e9fe70b04">
      <Execution id="f1fb314a-9543-464b-b83d-39ac9a768193" />
      <TestMethod codeBase="C:/Users/Louis/Documents/School/UCSD/cse136/cse136_vs2010_solution/DALTest/bin/Debug/DALTest.DLL" adapterTypeName="Microsoft.VisualStudio.TestTools.TestTypes.Unit.UnitTestAdapter, Microsoft.VisualStudio.QualityTools.Tips.UnitTest.Adapter, Version=10.0.0.0, Culture=neutral, PublicKeyToken=b03f5f7f11d50a3a" className="DALTest.DALProductVariationInfoTest, DALTest, Version=1.0.0.0, Culture=neutral, PublicKeyToken=null" name="UpdateProductTest" />
    </UnitTest>
  </TestDefinitions>
  <TestLists>
    <TestList name="Results Not in a List" id="8c84fa94-04c1-424b-9868-57a2d4851a1d" />
    <TestList name="All Loaded Results" id="19431567-8539-422a-85d7-44ee4e166bda" />
  </TestLists>
  <TestEntries>
    <TestEntry testId="0a9faab6-c2ff-6cfa-e314-2f6d98eb74e4" executionId="ac599578-27ba-4414-b793-214c5354eba5" testListId="8c84fa94-04c1-424b-9868-57a2d4851a1d" />
    <TestEntry testId="0ec447f2-07d5-179e-7774-18ff32d77d50" executionId="08ad3533-a21d-46c6-9224-bbf12d663bde" testListId="8c84fa94-04c1-424b-9868-57a2d4851a1d" />
    <TestEntry testId="12e3c4c9-0e7f-4fb6-44e9-504011a51fde" executionId="948b36b3-57bb-42b7-997e-a13f01ce1a43" testListId="8c84fa94-04c1-424b-9868-57a2d4851a1d" />
    <TestEntry testId="43e76ea6-89b4-eac5-0286-0ae39a94b4de" executionId="28e00366-6adc-46af-917a-ae66361b0b61" testListId="8c84fa94-04c1-424b-9868-57a2d4851a1d" />
    <TestEntry testId="52df322f-98b6-4e57-d285-dc4d7f1b9314" executionId="53e9f052-bfad-4576-8e82-9f7f6c50f61b" testListId="8c84fa94-04c1-424b-9868-57a2d4851a1d" />
    <TestEntry testId="6d47a2f3-39c9-19d7-afae-f0a10e6b6730" executionId="0e313355-cf41-4715-9876-ba065cdf0bad" testListId="8c84fa94-04c1-424b-9868-57a2d4851a1d" />
    <TestEntry testId="97f51d42-11f8-ce9c-b79e-c3d976edc662" executionId="94ec6b80-11a2-4321-9e38-1df847671700" testListId="8c84fa94-04c1-424b-9868-57a2d4851a1d" />
    <TestEntry testId="9dad9ff8-f77d-191e-a6f2-959e9fe70b04" executionId="f1fb314a-9543-464b-b83d-39ac9a768193" testListId="8c84fa94-04c1-424b-9868-57a2d4851a1d" />
    <TestEntry testId="9ea66d23-33d8-5207-a8ad-fb09aacd8091" executionId="3413bf09-c976-4045-806c-948115b363e7" testListId="8c84fa94-04c1-424b-9868-57a2d4851a1d" />
    <TestEntry testId="c68b8238-9415-4bac-14f0-0a40a7e90643" executionId="4d8f2bc2-6c9b-4ad5-b991-a7a7b7e40475" testListId="8c84fa94-04c1-424b-9868-57a2d4851a1d" />
    <TestEntry testId="c76098cd-5f49-f576-d094-a3b9b8dc9118" executionId="71feb21d-a797-4fde-a2e9-0e7af48b30cc" testListId="8c84fa94-04c1-424b-9868-57a2d4851a1d" />
    <TestEntry testId="d2d432c7-3f05-a63e-32da-befa6b8a3c7d" executionId="23c036c4-e96e-4654-8649-449fa9c634ae" testListId="8c84fa94-04c1-424b-9868-57a2d4851a1d" />
    <TestEntry testId="d496ab9a-135a-b41a-ebd0-a9734f28bea8" executionId="45ade1e7-0dd5-40c0-bfaf-1769410ceb31" testListId="8c84fa94-04c1-424b-9868-57a2d4851a1d" />
  </TestEntries>
  <Results>
    <UnitTestResult executionId="ac599578-27ba-4414-b793-214c5354eba5" testId="0a9faab6-c2ff-6cfa-e314-2f6d98eb74e4" testName="CreateStudentTest" computerName="LOUIS-HP" duration="00:00:02.3320977" startTime="2012-08-20T22:52:06.3385458-07:00" endTime="2012-08-20T22:52:09.0457006-07:00" testType="13cdc9d9-ddb5-4fa4-a97d-d965ccfc6d4b" outcome="Failed" testListId="8c84fa94-04c1-424b-9868-57a2d4851a1d" relativeResultsDirectory="ac599578-27ba-4414-b793-214c5354eba5">
      <Output>
        <ErrorInfo>
          <Message>Test method MVC3.Tests.Controllers.StudentControllerTest.CreateStudentTest threw exception: 
System.NullReferenceException: Object reference not set to an instance of an object.</Message>
          <StackTrace>    at MVC3.Tests.Controllers.StudentControllerTest.CreateStudentTest() in C:\Users\Louis\Documents\School\UCSD\cse136\cse136_vs2010_solution\MVC3.Tests\Controllers\StudentControllerTest.cs:line 46
</StackTrace>
        </ErrorInfo>
      </Output>
    </UnitTestResult>
    <UnitTestResult executionId="08ad3533-a21d-46c6-9224-bbf12d663bde" testId="0ec447f2-07d5-179e-7774-18ff32d77d50" testName="UpdateProductTypeTest" computerName="LOUIS-HP" duration="00:00:00.0844807" startTime="2012-08-20T22:52:09.0497009-07:00" endTime="2012-08-20T22:52:09.6067327-07:00" testType="13cdc9d9-ddb5-4fa4-a97d-d965ccfc6d4b" outcome="Passed" testListId="8c84fa94-04c1-424b-9868-57a2d4851a1d" relativeResultsDirectory="08ad3533-a21d-46c6-9224-bbf12d663bde">
    </UnitTestResult>
    <UnitTestResult executionId="948b36b3-57bb-42b7-997e-a13f01ce1a43" testId="12e3c4c9-0e7f-4fb6-44e9-504011a51fde" testName="Index" computerName="LOUIS-HP" duration="00:00:00.0575050" startTime="2012-08-20T22:52:09.6097329-07:00" endTime="2012-08-20T22:52:09.6727365-07:00" testType="13cdc9d9-ddb5-4fa4-a97d-d965ccfc6d4b" outcome="Passed" testListId="8c84fa94-04c1-424b-9868-57a2d4851a1d" relativeResultsDirectory="948b36b3-57bb-42b7-997e-a13f01ce1a43">
    </UnitTestResult>
    <UnitTestResult executionId="28e00366-6adc-46af-917a-ae66361b0b61" testId="43e76ea6-89b4-eac5-0286-0ae39a94b4de" testName="UpdateProductCuttingTest" computerName="LOUIS-HP" duration="00:00:00.0065250" startTime="2012-08-20T22:52:09.6767367-07:00" endTime="2012-08-20T22:52:09.6877374-07:00" testType="13cdc9d9-ddb5-4fa4-a97d-d965ccfc6d4b" outcome="Passed" testListId="8c84fa94-04c1-424b-9868-57a2d4851a1d" relativeResultsDirectory="28e00366-6adc-46af-917a-ae66361b0b61">
    </UnitTestResult>
    <UnitTestResult executionId="53e9f052-bfad-4576-8e82-9f7f6c50f61b" testId="52df322f-98b6-4e57-d285-dc4d7f1b9314" testName="DeleteProductVariationInfoTest" computerName="LOUIS-HP" duration="00:00:00.0050801" startTime="2012-08-20T22:52:09.6907375-07:00" endTime="2012-08-20T22:52:09.7007381-07:00" testType="13cdc9d9-ddb5-4fa4-a97d-d965ccfc6d4b" outcome="Passed" testListId="8c84fa94-04c1-424b-9868-57a2d4851a1d" relativeResultsDirectory="53e9f052-bfad-4576-8e82-9f7f6c50f61b">
    </UnitTestResult>
    <UnitTestResult executionId="0e313355-cf41-4715-9876-ba065cdf0bad" testId="6d47a2f3-39c9-19d7-afae-f0a10e6b6730" testName="UpdatePVErrorTest" computerName="LOUIS-HP" duration="00:00:00.0307480" startTime="2012-08-20T22:52:09.7047383-07:00" endTime="2012-08-20T22:52:10.1297626-07:00" testType="13cdc9d9-ddb5-4fa4-a97d-d965ccfc6d4b" outcome="Passed" testListId="8c84fa94-04c1-424b-9868-57a2d4851a1d" relativeResultsDirectory="0e313355-cf41-4715-9876-ba065cdf0bad">
    </UnitTestResult>
    <UnitTestResult executionId="94ec6b80-11a2-4321-9e38-1df847671700" testId="97f51d42-11f8-ce9c-b79e-c3d976edc662" testName="DeletePVErrorTest" computerName="LOUIS-HP" duration="00:00:00.0008246" startTime="2012-08-20T22:52:10.1327628-07:00" endTime="2012-08-20T22:52:10.1387632-07:00" testType="13cdc9d9-ddb5-4fa4-a97d-d965ccfc6d4b" outcome="Passed" testListId="8c84fa94-04c1-424b-9868-57a2d4851a1d" relativeResultsDirectory="94ec6b80-11a2-4321-9e38-1df847671700">
    </UnitTestResult>
    <UnitTestResult executionId="f1fb314a-9543-464b-b83d-39ac9a768193" testId="9dad9ff8-f77d-191e-a6f2-959e9fe70b04" testName="UpdateProductTest" computerName="LOUIS-HP" duration="00:00:00.0574881" startTime="2012-08-20T22:52:10.1427634-07:00" endTime="2012-08-20T22:52:10.2047669-07:00" testType="13cdc9d9-ddb5-4fa4-a97d-d965ccfc6d4b" outcome="Passed" testListId="8c84fa94-04c1-424b-9868-57a2d4851a1d" relativeResultsDirectory="f1fb314a-9543-464b-b83d-39ac9a768193">
    </UnitTestResult>
    <UnitTestResult executionId="3413bf09-c976-4045-806c-948115b363e7" testId="9ea66d23-33d8-5207-a8ad-fb09aacd8091" testName="CreatePVErrorTest" computerName="LOUIS-HP" duration="00:00:00.0018562" startTime="2012-08-20T22:52:10.2097672-07:00" endTime="2012-08-20T22:52:10.2167676-07:00" testType="13cdc9d9-ddb5-4fa4-a97d-d965ccfc6d4b" outcome="Passed" testListId="8c84fa94-04c1-424b-9868-57a2d4851a1d" relativeResultsDirectory="3413bf09-c976-4045-806c-948115b363e7">
    </UnitTestResult>
    <UnitTestResult executionId="4d8f2bc2-6c9b-4ad5-b991-a7a7b7e40475" testId="c68b8238-9415-4bac-14f0-0a40a7e90643" testName="UpdateProductVariationInfoTest" computerName="LOUIS-HP" duration="00:00:00.0726965" startTime="2012-08-20T22:52:10.2207678-07:00" endTime="2012-08-20T22:52:10.2987723-07:00" testType="13cdc9d9-ddb5-4fa4-a97d-d965ccfc6d4b" outcome="Passed" testListId="8c84fa94-04c1-424b-9868-57a2d4851a1d" relativeResultsDirectory="4d8f2bc2-6c9b-4ad5-b991-a7a7b7e40475">
    </UnitTestResult>
    <UnitTestResult executionId="71feb21d-a797-4fde-a2e9-0e7af48b30cc" testId="c76098cd-5f49-f576-d094-a3b9b8dc9118" testName="CreatePVTest" computerName="LOUIS-HP" duration="00:00:00.0076013" startTime="2012-08-20T22:52:10.3027725-07:00" endTime="2012-08-20T22:52:10.3147732-07:00" testType="13cdc9d9-ddb5-4fa4-a97d-d965ccfc6d4b" outcome="Passed" testListId="8c84fa94-04c1-424b-9868-57a2d4851a1d" relativeResultsDirectory="71feb21d-a797-4fde-a2e9-0e7af48b30cc">
    </UnitTestResult>
    <UnitTestResult executionId="23c036c4-e96e-4654-8649-449fa9c634ae" testId="d2d432c7-3f05-a63e-32da-befa6b8a3c7d" testName="UpdateProductColorTest" computerName="LOUIS-HP" duration="00:00:00.0050440" startTime="2012-08-20T22:52:10.3187735-07:00" endTime="2012-08-20T22:52:10.3287740-07:00" testType="13cdc9d9-ddb5-4fa4-a97d-d965ccfc6d4b" outcome="Passed" testListId="8c84fa94-04c1-424b-9868-57a2d4851a1d" relativeResultsDirectory="23c036c4-e96e-4654-8649-449fa9c634ae">
    </UnitTestResult>
    <UnitTestResult executionId="45ade1e7-0dd5-40c0-bfaf-1769410ceb31" testId="d496ab9a-135a-b41a-ebd0-a9734f28bea8" testName="UpdateBrandTest" computerName="LOUIS-HP" duration="00:00:00.0053541" startTime="2012-08-20T22:52:10.3317742-07:00" endTime="2012-08-20T22:52:10.3417748-07:00" testType="13cdc9d9-ddb5-4fa4-a97d-d965ccfc6d4b" outcome="Passed" testListId="8c84fa94-04c1-424b-9868-57a2d4851a1d" relativeResultsDirectory="45ade1e7-0dd5-40c0-bfaf-1769410ceb31">
    </UnitTestResult>
  </Results>
</TestRun>