<?xml version="1.0" encoding="UTF-8"?>
<TestRun id="79a28ba2-3847-4355-8caf-b0fa0c1c9e50" name="Louis@LOUIS-HP 2012-08-27 15:23:28" runUser="Louis-HP\Louis" xmlns="http://microsoft.com/schemas/VisualStudio/TeamTest/2010">
  <TestSettings name="Local" id="53e514f0-4a59-4535-81eb-4649f33ffbf9">
    <Description>These are default test settings for a local test run.</Description>
    <Deployment enabled="false" runDeploymentRoot="Louis_LOUIS-HP 2012-08-27 15_23_28">
      <DeploymentItem filename="C:\Users\Louis\Documents\School\UCSD\cse136\cse136_vs2010_solution\cse136\bin\Debug\cse136.dll" />
      <DeploymentItem filename="C:\Users\Louis\Documents\School\UCSD\cse136\cse136_vs2010_solution\DomainModel\bin\Debug\DomainModel.dll" />
      <DeploymentItem filename="C:\Users\Louis\Documents\School\UCSD\cse136\cse136_vs2010_solution\BL\bin\Debug\BL.dll" />
    </Deployment>
    <Execution>
      <TestTypeSpecific />
      <AgentRule name="Execution Agents">
      </AgentRule>
    </Execution>
  </TestSettings>
  <Times creation="2012-08-27T15:23:28.6953098-07:00" queuing="2012-08-27T15:23:28.7853149-07:00" start="2012-08-27T15:23:28.7963155-07:00" finish="2012-08-27T15:23:29.4563533-07:00" />
  <ResultSummary outcome="Completed">
    <Counters total="7" executed="7" passed="7" error="0" failed="0" timeout="0" aborted="0" inconclusive="0" passedButRunAborted="0" notRunnable="0" notExecuted="0" disconnected="0" warning="0" completed="0" inProgress="0" pending="0" />
  </ResultSummary>
  <TestDefinitions>
    <UnitTest name="DeleteProductVariationInfoTest" storage="c:\users\louis\documents\school\ucsd\cse136\cse136_vs2010_solution\bltest\bin\debug\bltest.dll" id="51e7e7bf-6ccc-542c-0d91-d03ec1c8332e">
      <Execution id="c90e185e-7bac-464a-bb35-f9f99ff1c3c2" />
      <TestMethod codeBase="C:/Users/Louis/Documents/School/UCSD/cse136/cse136_vs2010_solution/BLTest/bin/Debug/BLTest.DLL" adapterTypeName="Microsoft.VisualStudio.TestTools.TestTypes.Unit.UnitTestAdapter, Microsoft.VisualStudio.QualityTools.Tips.UnitTest.Adapter, Version=10.0.0.0, Culture=neutral, PublicKeyToken=b03f5f7f11d50a3a" className="BLTest.BLProductVariationTest, BLTest, Version=1.0.0.0, Culture=neutral, PublicKeyToken=null" name="DeleteProductVariationInfoTest" />
    </UnitTest>
    <UnitTest name="UpdateProductVariationInfoTest" storage="c:\users\louis\documents\school\ucsd\cse136\cse136_vs2010_solution\bltest\bin\debug\bltest.dll" id="17a47e80-72b2-0437-6c34-884341a72cbe">
      <Execution id="1ff37879-94bb-4dc9-be00-cbf4aacd35eb" />
      <TestMethod codeBase="C:/Users/Louis/Documents/School/UCSD/cse136/cse136_vs2010_solution/BLTest/bin/Debug/BLTest.DLL" adapterTypeName="Microsoft.VisualStudio.TestTools.TestTypes.Unit.UnitTestAdapter, Microsoft.VisualStudio.QualityTools.Tips.UnitTest.Adapter, Version=10.0.0.0, Culture=neutral, PublicKeyToken=b03f5f7f11d50a3a" className="BLTest.BLProductVariationTest, BLTest, Version=1.0.0.0, Culture=neutral, PublicKeyToken=null" name="UpdateProductVariationInfoTest" />
    </UnitTest>
    <UnitTest name="ProductVariationReadErrorTest" storage="c:\users\louis\documents\school\ucsd\cse136\cse136_vs2010_solution\bltest\bin\debug\bltest.dll" id="769129ee-601e-ba5f-360d-d3013c602f01">
      <Execution id="abeb9fee-2e00-4c00-8928-b6e5b8fbfb0a" />
      <TestMethod codeBase="C:/Users/Louis/Documents/School/UCSD/cse136/cse136_vs2010_solution/BLTest/bin/Debug/BLTest.DLL" adapterTypeName="Microsoft.VisualStudio.TestTools.TestTypes.Unit.UnitTestAdapter, Microsoft.VisualStudio.QualityTools.Tips.UnitTest.Adapter, Version=10.0.0.0, Culture=neutral, PublicKeyToken=b03f5f7f11d50a3a" className="BLTest.BLProductVariationTest, BLTest, Version=1.0.0.0, Culture=neutral, PublicKeyToken=null" name="ProductVariationReadErrorTest" />
    </UnitTest>
    <UnitTest name="CreatePVTest" storage="c:\users\louis\documents\school\ucsd\cse136\cse136_vs2010_solution\bltest\bin\debug\bltest.dll" id="32befc5b-2805-679f-e132-a2c900e50a08">
      <Execution id="60c42dbd-154d-4fa8-8ed6-940aabb8cf23" />
      <TestMethod codeBase="C:/Users/Louis/Documents/School/UCSD/cse136/cse136_vs2010_solution/BLTest/bin/Debug/BLTest.DLL" adapterTypeName="Microsoft.VisualStudio.TestTools.TestTypes.Unit.UnitTestAdapter, Microsoft.VisualStudio.QualityTools.Tips.UnitTest.Adapter, Version=10.0.0.0, Culture=neutral, PublicKeyToken=b03f5f7f11d50a3a" className="BLTest.BLProductVariationTest, BLTest, Version=1.0.0.0, Culture=neutral, PublicKeyToken=null" name="CreatePVTest" />
    </UnitTest>
    <UnitTest name="CreateProductVariationErrorTest" storage="c:\users\louis\documents\school\ucsd\cse136\cse136_vs2010_solution\bltest\bin\debug\bltest.dll" id="2c820968-7c91-03d3-a299-ef437a4adae9">
      <Execution id="a82ff057-e6c1-45ac-b17f-fa6f2f5481d2" />
      <TestMethod codeBase="C:/Users/Louis/Documents/School/UCSD/cse136/cse136_vs2010_solution/BLTest/bin/Debug/BLTest.DLL" adapterTypeName="Microsoft.VisualStudio.TestTools.TestTypes.Unit.UnitTestAdapter, Microsoft.VisualStudio.QualityTools.Tips.UnitTest.Adapter, Version=10.0.0.0, Culture=neutral, PublicKeyToken=b03f5f7f11d50a3a" className="BLTest.BLProductVariationTest, BLTest, Version=1.0.0.0, Culture=neutral, PublicKeyToken=null" name="CreateProductVariationErrorTest" />
    </UnitTest>
    <UnitTest name="ProductVariationUpdateErrorTest" storage="c:\users\louis\documents\school\ucsd\cse136\cse136_vs2010_solution\bltest\bin\debug\bltest.dll" id="8ddb55d2-cc76-8371-0cab-349758d0faba">
      <Execution id="15a34a55-c860-4602-ba9a-29ef20736a2f" />
      <TestMethod codeBase="C:/Users/Louis/Documents/School/UCSD/cse136/cse136_vs2010_solution/BLTest/bin/Debug/BLTest.DLL" adapterTypeName="Microsoft.VisualStudio.TestTools.TestTypes.Unit.UnitTestAdapter, Microsoft.VisualStudio.QualityTools.Tips.UnitTest.Adapter, Version=10.0.0.0, Culture=neutral, PublicKeyToken=b03f5f7f11d50a3a" className="BLTest.BLProductVariationTest, BLTest, Version=1.0.0.0, Culture=neutral, PublicKeyToken=null" name="ProductVariationUpdateErrorTest" />
    </UnitTest>
    <UnitTest name="ReadAllPVTest" storage="c:\users\louis\documents\school\ucsd\cse136\cse136_vs2010_solution\bltest\bin\debug\bltest.dll" id="83def0be-13ed-eb0c-cf34-39cb5d72d47e">
      <Execution id="bca1ae6c-ac41-41ed-8acc-01d070f94fe9" />
      <TestMethod codeBase="C:/Users/Louis/Documents/School/UCSD/cse136/cse136_vs2010_solution/BLTest/bin/Debug/BLTest.DLL" adapterTypeName="Microsoft.VisualStudio.TestTools.TestTypes.Unit.UnitTestAdapter, Microsoft.VisualStudio.QualityTools.Tips.UnitTest.Adapter, Version=10.0.0.0, Culture=neutral, PublicKeyToken=b03f5f7f11d50a3a" className="BLTest.BLProductVariationTest, BLTest, Version=1.0.0.0, Culture=neutral, PublicKeyToken=null" name="ReadAllPVTest" />
    </UnitTest>
  </TestDefinitions>
  <TestLists>
    <TestList name="Results Not in a List" id="8c84fa94-04c1-424b-9868-57a2d4851a1d" />
    <TestList name="All Loaded Results" id="19431567-8539-422a-85d7-44ee4e166bda" />
  </TestLists>
  <TestEntries>
    <TestEntry testId="17a47e80-72b2-0437-6c34-884341a72cbe" executionId="1ff37879-94bb-4dc9-be00-cbf4aacd35eb" testListId="8c84fa94-04c1-424b-9868-57a2d4851a1d" />
    <TestEntry testId="2c820968-7c91-03d3-a299-ef437a4adae9" executionId="a82ff057-e6c1-45ac-b17f-fa6f2f5481d2" testListId="8c84fa94-04c1-424b-9868-57a2d4851a1d" />
    <TestEntry testId="32befc5b-2805-679f-e132-a2c900e50a08" executionId="60c42dbd-154d-4fa8-8ed6-940aabb8cf23" testListId="8c84fa94-04c1-424b-9868-57a2d4851a1d" />
    <TestEntry testId="51e7e7bf-6ccc-542c-0d91-d03ec1c8332e" executionId="c90e185e-7bac-464a-bb35-f9f99ff1c3c2" testListId="8c84fa94-04c1-424b-9868-57a2d4851a1d" />
    <TestEntry testId="769129ee-601e-ba5f-360d-d3013c602f01" executionId="abeb9fee-2e00-4c00-8928-b6e5b8fbfb0a" testListId="8c84fa94-04c1-424b-9868-57a2d4851a1d" />
    <TestEntry testId="83def0be-13ed-eb0c-cf34-39cb5d72d47e" executionId="bca1ae6c-ac41-41ed-8acc-01d070f94fe9" testListId="8c84fa94-04c1-424b-9868-57a2d4851a1d" />
    <TestEntry testId="8ddb55d2-cc76-8371-0cab-349758d0faba" executionId="15a34a55-c860-4602-ba9a-29ef20736a2f" testListId="8c84fa94-04c1-424b-9868-57a2d4851a1d" />
  </TestEntries>
  <Results>
    <UnitTestResult executionId="1ff37879-94bb-4dc9-be00-cbf4aacd35eb" testId="17a47e80-72b2-0437-6c34-884341a72cbe" testName="UpdateProductVariationInfoTest" computerName="LOUIS-HP" duration="00:00:00.0843431" startTime="2012-08-27T15:23:28.8013158-07:00" endTime="2012-08-27T15:23:29.2763430-07:00" testType="13cdc9d9-ddb5-4fa4-a97d-d965ccfc6d4b" outcome="Passed" testListId="8c84fa94-04c1-424b-9868-57a2d4851a1d" relativeResultsDirectory="1ff37879-94bb-4dc9-be00-cbf4aacd35eb">
    </UnitTestResult>
    <UnitTestResult executionId="a82ff057-e6c1-45ac-b17f-fa6f2f5481d2" testId="2c820968-7c91-03d3-a299-ef437a4adae9" testName="CreateProductVariationErrorTest" computerName="LOUIS-HP" duration="00:00:00.0193781" startTime="2012-08-27T15:23:29.2803432-07:00" endTime="2012-08-27T15:23:29.3053447-07:00" testType="13cdc9d9-ddb5-4fa4-a97d-d965ccfc6d4b" outcome="Passed" testListId="8c84fa94-04c1-424b-9868-57a2d4851a1d" relativeResultsDirectory="a82ff057-e6c1-45ac-b17f-fa6f2f5481d2">
      <Output>
        <DebugTrace>THIS IS THE PID:37
THIS IS THE ERROR:Invalid product_id
THIS IS THE ERROR:Invalid product_brand_id
THIS IS THE ERROR:Invalid product_cutting_id
THIS IS THE ERROR:Invalid product_color_id
THIS IS THE ERROR:Invalid sex
THIS IS THE ERROR:Invalid size
THIS IS THE ERROR:Invalid stock
THIS IS THE ERROR:Invalid price
THIS IS THE ERROR:Invalid condition
</DebugTrace>
      </Output>
    </UnitTestResult>
    <UnitTestResult executionId="60c42dbd-154d-4fa8-8ed6-940aabb8cf23" testId="32befc5b-2805-679f-e132-a2c900e50a08" testName="CreatePVTest" computerName="LOUIS-HP" duration="00:00:00.0250751" startTime="2012-08-27T15:23:29.3093449-07:00" endTime="2012-08-27T15:23:29.3403467-07:00" testType="13cdc9d9-ddb5-4fa4-a97d-d965ccfc6d4b" outcome="Passed" testListId="8c84fa94-04c1-424b-9868-57a2d4851a1d" relativeResultsDirectory="60c42dbd-154d-4fa8-8ed6-940aabb8cf23">
      <Output>
        <DebugTrace>THIS IS THE PID:1
RESULT:107
RESULT:1
RESULT:1
RESULT:1
RESULT:1
RESULT:1
RESULT:M
RESULT:L
RESULT:1
RESULT:1
RESULT:a
</DebugTrace>
      </Output>
    </UnitTestResult>
    <UnitTestResult executionId="c90e185e-7bac-464a-bb35-f9f99ff1c3c2" testId="51e7e7bf-6ccc-542c-0d91-d03ec1c8332e" testName="DeleteProductVariationInfoTest" computerName="LOUIS-HP" duration="00:00:00.0200292" startTime="2012-08-27T15:23:29.3443469-07:00" endTime="2012-08-27T15:23:29.3703484-07:00" testType="13cdc9d9-ddb5-4fa4-a97d-d965ccfc6d4b" outcome="Passed" testListId="8c84fa94-04c1-424b-9868-57a2d4851a1d" relativeResultsDirectory="c90e185e-7bac-464a-bb35-f9f99ff1c3c2">
      <Output>
        <DebugTrace>THIS IS THE PID:1
THIS IS THE ID: 108
</DebugTrace>
      </Output>
    </UnitTestResult>
    <UnitTestResult executionId="abeb9fee-2e00-4c00-8928-b6e5b8fbfb0a" testId="769129ee-601e-ba5f-360d-d3013c602f01" testName="ProductVariationReadErrorTest" computerName="LOUIS-HP" duration="00:00:00.0078691" startTime="2012-08-27T15:23:29.3773488-07:00" endTime="2012-08-27T15:23:29.3913496-07:00" testType="13cdc9d9-ddb5-4fa4-a97d-d965ccfc6d4b" outcome="Passed" testListId="8c84fa94-04c1-424b-9868-57a2d4851a1d" relativeResultsDirectory="abeb9fee-2e00-4c00-8928-b6e5b8fbfb0a">
      <Output>
        <DebugTrace>REACHED here is the id: 109
THIS IS THE ERROR: Invalid product variation id
REACHED here is the id: -1
THIS IS THE ERROR: Invalid product variation id
THIS IS THE ERROR: Invalid product variation id
</DebugTrace>
      </Output>
    </UnitTestResult>
    <UnitTestResult executionId="bca1ae6c-ac41-41ed-8acc-01d070f94fe9" testId="83def0be-13ed-eb0c-cf34-39cb5d72d47e" testName="ReadAllPVTest" computerName="LOUIS-HP" duration="00:00:00.0094398" startTime="2012-08-27T15:23:29.3973499-07:00" endTime="2012-08-27T15:23:29.4123508-07:00" testType="13cdc9d9-ddb5-4fa4-a97d-d965ccfc6d4b" outcome="Passed" testListId="8c84fa94-04c1-424b-9868-57a2d4851a1d" relativeResultsDirectory="bca1ae6c-ac41-41ed-8acc-01d070f94fe9">
    </UnitTestResult>
    <UnitTestResult executionId="15a34a55-c860-4602-ba9a-29ef20736a2f" testId="8ddb55d2-cc76-8371-0cab-349758d0faba" testName="ProductVariationUpdateErrorTest" computerName="LOUIS-HP" duration="00:00:00.0080257" startTime="2012-08-27T15:23:29.4173511-07:00" endTime="2012-08-27T15:23:29.4303518-07:00" testType="13cdc9d9-ddb5-4fa4-a97d-d965ccfc6d4b" outcome="Passed" testListId="8c84fa94-04c1-424b-9868-57a2d4851a1d" relativeResultsDirectory="15a34a55-c860-4602-ba9a-29ef20736a2f">
    </UnitTestResult>
  </Results>
</TestRun>