<?xml version="1.0" encoding="UTF-8"?>
<TestRun id="e7cbd4c0-deb7-45d3-aa16-d19feceb2405" name="Louis@LOUIS-HP 2012-08-23 10:54:01" runUser="Louis-HP\Louis" xmlns="http://microsoft.com/schemas/VisualStudio/TeamTest/2010">
  <TestSettings name="Local" id="53e514f0-4a59-4535-81eb-4649f33ffbf9">
    <Description>These are default test settings for a local test run.</Description>
    <Deployment enabled="false" runDeploymentRoot="Louis_LOUIS-HP 2012-08-23 10_54_01">
      <DeploymentItem filename="C:\Users\Louis\Documents\School\UCSD\cse136\cse136_vs2010_solution\cse136\bin\Debug\cse136.dll" />
      <DeploymentItem filename="C:\Users\Louis\Documents\School\UCSD\cse136\cse136_vs2010_solution\DomainModel\bin\Debug\DomainModel.dll" />
    </Deployment>
    <Execution>
      <TestTypeSpecific />
      <AgentRule name="Execution Agents">
      </AgentRule>
    </Execution>
  </TestSettings>
  <Times creation="2012-08-23T10:54:01.3823262-07:00" queuing="2012-08-23T10:54:03.5195300-07:00" start="2012-08-23T10:54:03.6443302-07:00" finish="2012-08-23T10:54:15.7566375-07:00" />
  <ResultSummary outcome="Error">
    <Counters total="1" executed="1" error="0" failed="0" timeout="0" aborted="1" inconclusive="0" passedButRunAborted="0" notRunnable="0" notExecuted="0" disconnected="0" warning="0" passed="0" completed="0" inProgress="0" pending="0" />
    <RunInfos>
      <RunInfo computerName="LOUIS-HP" outcome="Error" timestamp="2012-08-23T10:54:15.7566375-07:00">
        <Text>Test host process exited unexpectedly.</Text>
      </RunInfo>
    </RunInfos>
  </ResultSummary>
  <TestDefinitions>
    <UnitTest name="CreateProductCuttingTest" storage="c:\users\louis\documents\school\ucsd\cse136\cse136_vs2010_solution\daltest\bin\debug\daltest.dll" id="4ee29c4c-716b-1b25-cc47-e7d557e9b20f">
      <Execution id="52b481bd-79b8-4d8a-9793-17fa4988029d" />
      <TestMethod codeBase="C:/Users/Louis/Documents/School/UCSD/cse136/cse136_vs2010_solution/DALTest/bin/Debug/DALTest.DLL" adapterTypeName="Microsoft.VisualStudio.TestTools.TestTypes.Unit.UnitTestAdapter, Microsoft.VisualStudio.QualityTools.Tips.UnitTest.Adapter, Version=10.0.0.0, Culture=neutral, PublicKeyToken=b03f5f7f11d50a3a" className="DALTest.DALProductCuttingTest, DALTest, Version=1.0.0.0, Culture=neutral, PublicKeyToken=null" name="CreateProductCuttingTest" />
    </UnitTest>
  </TestDefinitions>
  <TestLists>
    <TestList name="Results Not in a List" id="8c84fa94-04c1-424b-9868-57a2d4851a1d" />
    <TestList name="All Loaded Results" id="19431567-8539-422a-85d7-44ee4e166bda" />
  </TestLists>
  <TestEntries>
    <TestEntry testId="4ee29c4c-716b-1b25-cc47-e7d557e9b20f" executionId="52b481bd-79b8-4d8a-9793-17fa4988029d" testListId="8c84fa94-04c1-424b-9868-57a2d4851a1d" />
  </TestEntries>
  <Results>
    <UnitTestResult executionId="52b481bd-79b8-4d8a-9793-17fa4988029d" testId="4ee29c4c-716b-1b25-cc47-e7d557e9b20f" testName="CreateProductCuttingTest" computerName="LOUIS-HP" duration="00:00:12.0343072" startTime="2012-08-23T10:54:03.7223303-07:00" endTime="2012-08-23T10:54:15.7566375-07:00" testType="13cdc9d9-ddb5-4fa4-a97d-d965ccfc6d4b" outcome="Aborted" testListId="8c84fa94-04c1-424b-9868-57a2d4851a1d" relativeResultsDirectory="52b481bd-79b8-4d8a-9793-17fa4988029d">
    </UnitTestResult>
  </Results>
</TestRun>