<?xml version="1.0" encoding="UTF-8"?>
<TestRun id="655aba2f-5ea7-4a82-8d6a-720dab61dac8" name="Louis@LOUIS-HP 2012-08-23 11:41:23" runUser="Louis-HP\Louis" xmlns="http://microsoft.com/schemas/VisualStudio/TeamTest/2010">
  <TestSettings name="Local" id="53e514f0-4a59-4535-81eb-4649f33ffbf9">
    <Description>These are default test settings for a local test run.</Description>
    <Deployment enabled="false" runDeploymentRoot="Louis_LOUIS-HP 2012-08-23 11_41_23">
      <DeploymentItem filename="C:\Users\Louis\Documents\School\UCSD\cse136\cse136_vs2010_solution\cse136\bin\Debug\cse136.dll" />
      <DeploymentItem filename="C:\Users\Louis\Documents\School\UCSD\cse136\cse136_vs2010_solution\DomainModel\bin\Debug\DomainModel.dll" />
    </Deployment>
    <Execution>
      <TestTypeSpecific />
      <AgentRule name="Execution Agents">
      </AgentRule>
    </Execution>
  </TestSettings>
  <Times creation="2012-08-23T11:41:23.9944878-07:00" queuing="2012-08-23T11:41:24.1036879-07:00" start="2012-08-23T11:41:24.1036879-07:00" finish="2012-08-23T11:41:24.6808890-07:00" />
  <ResultSummary outcome="Completed">
    <Counters total="1" executed="1" passed="1" error="0" failed="0" timeout="0" aborted="0" inconclusive="0" passedButRunAborted="0" notRunnable="0" notExecuted="0" disconnected="0" warning="0" completed="0" inProgress="0" pending="0" />
  </ResultSummary>
  <TestDefinitions>
    <UnitTest name="UpdateProductTypeTest" storage="c:\users\louis\documents\school\ucsd\cse136\cse136_vs2010_solution\daltest\bin\debug\daltest.dll" id="54e7777a-c6ad-8aae-0fca-0734abbb2233">
      <Execution id="91248312-71e9-4c38-a867-c8521ab59a9d" />
      <TestMethod codeBase="C:/Users/Louis/Documents/School/UCSD/cse136/cse136_vs2010_solution/DALTest/bin/Debug/DALTest.DLL" adapterTypeName="Microsoft.VisualStudio.TestTools.TestTypes.Unit.UnitTestAdapter, Microsoft.VisualStudio.QualityTools.Tips.UnitTest.Adapter, Version=10.0.0.0, Culture=neutral, PublicKeyToken=b03f5f7f11d50a3a" className="DALTest.DALTypeTest, DALTest, Version=1.0.0.0, Culture=neutral, PublicKeyToken=null" name="UpdateProductTypeTest" />
    </UnitTest>
  </TestDefinitions>
  <TestLists>
    <TestList name="Results Not in a List" id="8c84fa94-04c1-424b-9868-57a2d4851a1d" />
    <TestList name="All Loaded Results" id="19431567-8539-422a-85d7-44ee4e166bda" />
  </TestLists>
  <TestEntries>
    <TestEntry testId="54e7777a-c6ad-8aae-0fca-0734abbb2233" executionId="91248312-71e9-4c38-a867-c8521ab59a9d" testListId="8c84fa94-04c1-424b-9868-57a2d4851a1d" />
  </TestEntries>
  <Results>
    <UnitTestResult executionId="91248312-71e9-4c38-a867-c8521ab59a9d" testId="54e7777a-c6ad-8aae-0fca-0734abbb2233" testName="UpdateProductTypeTest" computerName="LOUIS-HP" duration="00:00:00.0503042" startTime="2012-08-23T11:41:24.1192880-07:00" endTime="2012-08-23T11:41:24.6652889-07:00" testType="13cdc9d9-ddb5-4fa4-a97d-d965ccfc6d4b" outcome="Passed" testListId="8c84fa94-04c1-424b-9868-57a2d4851a1d" relativeResultsDirectory="91248312-71e9-4c38-a867-c8521ab59a9d">
    </UnitTestResult>
  </Results>
</TestRun>