<?xml version="1.0" encoding="UTF-8"?>
<TestRun id="731f6ad0-2104-40f2-9947-c66cd6bf27ea" name="Louis@LOUIS-HP 2012-08-20 01:14:32" runUser="Louis-HP\Louis" xmlns="http://microsoft.com/schemas/VisualStudio/TeamTest/2010">
  <TestSettings name="Local" id="53e514f0-4a59-4535-81eb-4649f33ffbf9">
    <Description>These are default test settings for a local test run.</Description>
    <Deployment userDeploymentRoot="C:\Users\Louis\Documents\School\UCSD\cse136\cse136_vs2010_solution\TestResults" useDefaultDeploymentRoot="false" enabled="false" runDeploymentRoot="Louis_LOUIS-HP 2012-08-20 01_14_32">
      <DeploymentItem filename="C:\Users\Louis\Documents\School\UCSD\cse136\cse136_vs2010_solution\cse136\bin\Debug\cse136.dll" />
      <DeploymentItem filename="C:\Users\Louis\Documents\School\UCSD\cse136\cse136_vs2010_solution\DomainModel\bin\Debug\DomainModel.dll" />
    </Deployment>
    <Execution>
      <TestTypeSpecific />
      <AgentRule name="Execution Agents">
      </AgentRule>
    </Execution>
  </TestSettings>
  <Times creation="2012-08-20T01:14:32.3428615-07:00" queuing="2012-08-20T01:14:35.6700518-07:00" start="2012-08-20T01:14:35.7720577-07:00" finish="2012-08-20T01:14:57.8183187-07:00" />
  <ResultSummary outcome="Error">
    <Counters total="1" executed="1" error="0" failed="0" timeout="0" aborted="1" inconclusive="0" passedButRunAborted="0" notRunnable="0" notExecuted="0" disconnected="0" warning="0" passed="0" completed="0" inProgress="0" pending="0" />
    <RunInfos>
      <RunInfo computerName="LOUIS-HP" outcome="Error" timestamp="2012-08-20T01:14:57.8163185-07:00">
        <Text>Test host process exited unexpectedly.</Text>
      </RunInfo>
    </RunInfos>
  </ResultSummary>
  <TestDefinitions>
    <UnitTest name="DeleteProductVariationInfoTest" storage="c:\users\louis\documents\school\ucsd\cse136\cse136_vs2010_solution\daltest\bin\debug\daltest.dll" id="52df322f-98b6-4e57-d285-dc4d7f1b9314">
      <Execution id="79b7c444-96b8-453b-9435-1970cdf46c4b" />
      <TestMethod codeBase="C:/Users/Louis/Documents/School/UCSD/cse136/cse136_vs2010_solution/DALTest/bin/Debug/DALTest.DLL" adapterTypeName="Microsoft.VisualStudio.TestTools.TestTypes.Unit.UnitTestAdapter, Microsoft.VisualStudio.QualityTools.Tips.UnitTest.Adapter, Version=10.0.0.0, Culture=neutral, PublicKeyToken=b03f5f7f11d50a3a" className="DALTest.DALProductVariationInfoTest, DALTest, Version=1.0.0.0, Culture=neutral, PublicKeyToken=null" name="DeleteProductVariationInfoTest" />
    </UnitTest>
  </TestDefinitions>
  <TestLists>
    <TestList name="Results Not in a List" id="8c84fa94-04c1-424b-9868-57a2d4851a1d" />
    <TestList name="All Loaded Results" id="19431567-8539-422a-85d7-44ee4e166bda" />
  </TestLists>
  <TestEntries>
    <TestEntry testId="52df322f-98b6-4e57-d285-dc4d7f1b9314" executionId="79b7c444-96b8-453b-9435-1970cdf46c4b" testListId="8c84fa94-04c1-424b-9868-57a2d4851a1d" />
  </TestEntries>
  <Results>
    <UnitTestResult executionId="79b7c444-96b8-453b-9435-1970cdf46c4b" testId="52df322f-98b6-4e57-d285-dc4d7f1b9314" testName="DeleteProductVariationInfoTest" computerName="LOUIS-HP" duration="00:00:21.9782571" startTime="2012-08-20T01:14:35.8400616-07:00" endTime="2012-08-20T01:14:57.8183187-07:00" testType="13cdc9d9-ddb5-4fa4-a97d-d965ccfc6d4b" outcome="Aborted" testListId="8c84fa94-04c1-424b-9868-57a2d4851a1d" relativeResultsDirectory="79b7c444-96b8-453b-9435-1970cdf46c4b">
    </UnitTestResult>
  </Results>
</TestRun>