<?xml version="1.0" encoding="UTF-8"?>
<TestRun id="7e26b6d2-9df4-445d-ab4f-aa868e2932ff" name="Louis@LOUIS-HP 2012-08-27 15:43:33" runUser="Louis-HP\Louis" xmlns="http://microsoft.com/schemas/VisualStudio/TeamTest/2010">
  <TestSettings name="Local" id="53e514f0-4a59-4535-81eb-4649f33ffbf9">
    <Description>These are default test settings for a local test run.</Description>
    <Deployment enabled="false" runDeploymentRoot="Louis_LOUIS-HP 2012-08-27 15_43_33">
      <DeploymentItem filename="C:\Users\Louis\Documents\School\UCSD\cse136\cse136_vs2010_solution\cse136\bin\Debug\cse136.dll" />
      <DeploymentItem filename="C:\Users\Louis\Documents\School\UCSD\cse136\cse136_vs2010_solution\DomainModel\bin\Debug\DomainModel.dll" />
      <DeploymentItem filename="C:\Users\Louis\Documents\School\UCSD\cse136\cse136_vs2010_solution\BL\bin\Debug\BL.dll" />
    </Deployment>
    <Execution>
      <TestTypeSpecific />
      <AgentRule name="Execution Agents">
      </AgentRule>
    </Execution>
  </TestSettings>
  <Times creation="2012-08-27T15:43:33.0791966-07:00" queuing="2012-08-27T15:43:33.1772022-07:00" start="2012-08-27T15:43:33.1882028-07:00" finish="2012-08-27T15:43:33.6732306-07:00" />
  <ResultSummary outcome="Completed">
    <Counters total="1" executed="1" passed="1" error="0" failed="0" timeout="0" aborted="0" inconclusive="0" passedButRunAborted="0" notRunnable="0" notExecuted="0" disconnected="0" warning="0" completed="0" inProgress="0" pending="0" />
  </ResultSummary>
  <TestDefinitions>
    <UnitTest name="CreateProductTypeErrorTest" storage="c:\users\louis\documents\school\ucsd\cse136\cse136_vs2010_solution\bltest\bin\debug\bltest.dll" id="bfb23467-9ed6-2af2-a378-dc1e9bbf5b26">
      <Execution id="27aad1cd-f550-4921-8c16-478a656af5c0" />
      <TestMethod codeBase="C:/Users/Louis/Documents/School/UCSD/cse136/cse136_vs2010_solution/BLTest/bin/Debug/BLTest.DLL" adapterTypeName="Microsoft.VisualStudio.TestTools.TestTypes.Unit.UnitTestAdapter, Microsoft.VisualStudio.QualityTools.Tips.UnitTest.Adapter, Version=10.0.0.0, Culture=neutral, PublicKeyToken=b03f5f7f11d50a3a" className="BLTest.BLProductTypeTest, BLTest, Version=1.0.0.0, Culture=neutral, PublicKeyToken=null" name="CreateProductTypeErrorTest" />
    </UnitTest>
  </TestDefinitions>
  <TestLists>
    <TestList name="Results Not in a List" id="8c84fa94-04c1-424b-9868-57a2d4851a1d" />
    <TestList name="All Loaded Results" id="19431567-8539-422a-85d7-44ee4e166bda" />
  </TestLists>
  <TestEntries>
    <TestEntry testId="bfb23467-9ed6-2af2-a378-dc1e9bbf5b26" executionId="27aad1cd-f550-4921-8c16-478a656af5c0" testListId="8c84fa94-04c1-424b-9868-57a2d4851a1d" />
  </TestEntries>
  <Results>
    <UnitTestResult executionId="27aad1cd-f550-4921-8c16-478a656af5c0" testId="bfb23467-9ed6-2af2-a378-dc1e9bbf5b26" testName="CreateProductTypeErrorTest" computerName="LOUIS-HP" duration="00:00:00.0543697" startTime="2012-08-27T15:43:33.1942032-07:00" endTime="2012-08-27T15:43:33.6452290-07:00" testType="13cdc9d9-ddb5-4fa4-a97d-d965ccfc6d4b" outcome="Passed" testListId="8c84fa94-04c1-424b-9868-57a2d4851a1d" relativeResultsDirectory="27aad1cd-f550-4921-8c16-478a656af5c0">
    </UnitTestResult>
  </Results>
</TestRun>