<?xml version="1.0" encoding="UTF-8"?>
<TestRun id="b001334a-344b-408b-8aa4-19b1a0d244ed" name="Louis@LOUIS-HP 2012-08-27 14:38:20" runUser="Louis-HP\Louis" xmlns="http://microsoft.com/schemas/VisualStudio/TeamTest/2010">
  <TestSettings name="Local" id="53e514f0-4a59-4535-81eb-4649f33ffbf9">
    <Description>These are default test settings for a local test run.</Description>
    <Deployment userDeploymentRoot="C:\Users\Louis\Documents\School\UCSD\cse136\cse136_vs2010_solution\TestResults" useDefaultDeploymentRoot="false" enabled="false" runDeploymentRoot="Louis_LOUIS-HP 2012-08-27 14_38_20">
      <DeploymentItem filename="C:\Users\Louis\Documents\School\UCSD\cse136\cse136_vs2010_solution\cse136\bin\Debug\cse136.dll" />
      <DeploymentItem filename="C:\Users\Louis\Documents\School\UCSD\cse136\cse136_vs2010_solution\DomainModel\bin\Debug\DomainModel.dll" />
      <DeploymentItem filename="C:\Users\Louis\Documents\School\UCSD\cse136\cse136_vs2010_solution\BL\bin\Debug\BL.dll" />
    </Deployment>
    <Execution>
      <TestTypeSpecific />
      <AgentRule name="Execution Agents">
      </AgentRule>
    </Execution>
  </TestSettings>
  <Times creation="2012-08-27T14:38:20.0883863-07:00" queuing="2012-08-27T14:38:21.9524929-07:00" start="2012-08-27T14:38:22.0724998-07:00" finish="2012-08-27T14:38:57.7665414-07:00" />
  <ResultSummary outcome="Error">
    <Counters total="1" executed="1" error="0" failed="0" timeout="0" aborted="1" inconclusive="0" passedButRunAborted="0" notRunnable="0" notExecuted="0" disconnected="0" warning="0" passed="0" completed="0" inProgress="0" pending="0" />
    <RunInfos>
      <RunInfo computerName="LOUIS-HP" outcome="Error" timestamp="2012-08-27T14:38:57.7645413-07:00">
        <Text>Test host process exited unexpectedly.</Text>
      </RunInfo>
    </RunInfos>
  </ResultSummary>
  <TestDefinitions>
    <UnitTest name="CreateProductVariationErrorTest" storage="c:\users\louis\documents\school\ucsd\cse136\cse136_vs2010_solution\bltest\bin\debug\bltest.dll" id="2c820968-7c91-03d3-a299-ef437a4adae9">
      <Execution id="eae38f4b-7477-4a48-b48b-8a36fbc6788d" />
      <TestMethod codeBase="C:/Users/Louis/Documents/School/UCSD/cse136/cse136_vs2010_solution/BLTest/bin/Debug/BLTest.DLL" adapterTypeName="Microsoft.VisualStudio.TestTools.TestTypes.Unit.UnitTestAdapter, Microsoft.VisualStudio.QualityTools.Tips.UnitTest.Adapter, Version=10.0.0.0, Culture=neutral, PublicKeyToken=b03f5f7f11d50a3a" className="BLTest.BLProductVariationTest, BLTest, Version=1.0.0.0, Culture=neutral, PublicKeyToken=null" name="CreateProductVariationErrorTest" />
    </UnitTest>
  </TestDefinitions>
  <TestLists>
    <TestList name="Results Not in a List" id="8c84fa94-04c1-424b-9868-57a2d4851a1d" />
    <TestList name="All Loaded Results" id="19431567-8539-422a-85d7-44ee4e166bda" />
  </TestLists>
  <TestEntries>
    <TestEntry testId="2c820968-7c91-03d3-a299-ef437a4adae9" executionId="eae38f4b-7477-4a48-b48b-8a36fbc6788d" testListId="8c84fa94-04c1-424b-9868-57a2d4851a1d" />
  </TestEntries>
  <Results>
    <UnitTestResult executionId="eae38f4b-7477-4a48-b48b-8a36fbc6788d" testId="2c820968-7c91-03d3-a299-ef437a4adae9" testName="CreateProductVariationErrorTest" computerName="LOUIS-HP" duration="00:00:35.6140370" startTime="2012-08-27T14:38:22.1525044-07:00" endTime="2012-08-27T14:38:57.7665414-07:00" testType="13cdc9d9-ddb5-4fa4-a97d-d965ccfc6d4b" outcome="Aborted" testListId="8c84fa94-04c1-424b-9868-57a2d4851a1d" relativeResultsDirectory="eae38f4b-7477-4a48-b48b-8a36fbc6788d">
    </UnitTestResult>
  </Results>
</TestRun>