<?xml version="1.0" encoding="UTF-8"?>
<TestRun id="17f5411d-ff35-4e8a-9714-cb9f01b487a7" name="Louis@LOUIS-HP 2012-08-23 15:05:53" runUser="Louis-HP\Louis" xmlns="http://microsoft.com/schemas/VisualStudio/TeamTest/2010">
  <TestSettings name="Local" id="53e514f0-4a59-4535-81eb-4649f33ffbf9">
    <Description>These are default test settings for a local test run.</Description>
    <Deployment enabled="false" runDeploymentRoot="Louis_LOUIS-HP 2012-08-23 15_05_53">
      <DeploymentItem filename="C:\Users\Louis\Documents\School\UCSD\cse136\cse136_vs2010_solution\cse136\bin\Debug\cse136.dll" />
      <DeploymentItem filename="C:\Users\Louis\Documents\School\UCSD\cse136\cse136_vs2010_solution\DomainModel\bin\Debug\DomainModel.dll" />
    </Deployment>
    <Execution>
      <TestTypeSpecific />
      <AgentRule name="Execution Agents">
      </AgentRule>
    </Execution>
  </TestSettings>
  <Times creation="2012-08-23T15:05:53.2270014-07:00" queuing="2012-08-23T15:05:53.3206016-07:00" start="2012-08-23T15:05:53.3206016-07:00" finish="2012-08-23T15:05:53.8414201-07:00" />
  <ResultSummary outcome="Completed">
    <Counters total="1" executed="1" passed="1" error="0" failed="0" timeout="0" aborted="0" inconclusive="0" passedButRunAborted="0" notRunnable="0" notExecuted="0" disconnected="0" warning="0" completed="0" inProgress="0" pending="0" />
  </ResultSummary>
  <TestDefinitions>
    <UnitTest name="ReadAllBrandTest" storage="c:\users\louis\documents\school\ucsd\cse136\cse136_vs2010_solution\daltest\bin\debug\daltest.dll" id="e852a1f2-fb34-ffdc-ed5c-718cafd085e2">
      <Execution id="cec070ec-559c-4ad1-9013-c155c8e56c27" />
      <TestMethod codeBase="C:/Users/Louis/Documents/School/UCSD/cse136/cse136_vs2010_solution/DALTest/bin/Debug/DALTest.DLL" adapterTypeName="Microsoft.VisualStudio.TestTools.TestTypes.Unit.UnitTestAdapter, Microsoft.VisualStudio.QualityTools.Tips.UnitTest.Adapter, Version=10.0.0.0, Culture=neutral, PublicKeyToken=b03f5f7f11d50a3a" className="DALTest.DALBrandTest, DALTest, Version=1.0.0.0, Culture=neutral, PublicKeyToken=null" name="ReadAllBrandTest" />
    </UnitTest>
  </TestDefinitions>
  <TestLists>
    <TestList name="Results Not in a List" id="8c84fa94-04c1-424b-9868-57a2d4851a1d" />
    <TestList name="All Loaded Results" id="19431567-8539-422a-85d7-44ee4e166bda" />
  </TestLists>
  <TestEntries>
    <TestEntry testId="e852a1f2-fb34-ffdc-ed5c-718cafd085e2" executionId="cec070ec-559c-4ad1-9013-c155c8e56c27" testListId="8c84fa94-04c1-424b-9868-57a2d4851a1d" />
  </TestEntries>
  <Results>
    <UnitTestResult executionId="cec070ec-559c-4ad1-9013-c155c8e56c27" testId="e852a1f2-fb34-ffdc-ed5c-718cafd085e2" testName="ReadAllBrandTest" computerName="LOUIS-HP" duration="00:00:00.0555963" startTime="2012-08-23T15:05:53.3206016-07:00" endTime="2012-08-23T15:05:53.8164187-07:00" testType="13cdc9d9-ddb5-4fa4-a97d-d965ccfc6d4b" outcome="Passed" testListId="8c84fa94-04c1-424b-9868-57a2d4851a1d" relativeResultsDirectory="cec070ec-559c-4ad1-9013-c155c8e56c27">
    </UnitTestResult>
  </Results>
</TestRun>