<?xml version="1.0" encoding="UTF-8"?>
<TestRun id="973870f8-159d-4839-9257-cc78172c741e" name="Louis@LOUIS-HP 2012-08-23 15:02:16" runUser="Louis-HP\Louis" xmlns="http://microsoft.com/schemas/VisualStudio/TeamTest/2010">
  <TestSettings name="Local" id="53e514f0-4a59-4535-81eb-4649f33ffbf9">
    <Description>These are default test settings for a local test run.</Description>
    <Deployment enabled="false" runDeploymentRoot="Louis_LOUIS-HP 2012-08-23 15_02_16">
      <DeploymentItem filename="C:\Users\Louis\Documents\School\UCSD\cse136\cse136_vs2010_solution\cse136\bin\Debug\cse136.dll" />
      <DeploymentItem filename="C:\Users\Louis\Documents\School\UCSD\cse136\cse136_vs2010_solution\DomainModel\bin\Debug\DomainModel.dll" />
    </Deployment>
    <Execution>
      <TestTypeSpecific />
      <AgentRule name="Execution Agents">
      </AgentRule>
    </Execution>
  </TestSettings>
  <Times creation="2012-08-23T15:02:16.1644397-07:00" queuing="2012-08-23T15:02:16.2210420-07:00" start="2012-08-23T15:02:16.2366421-07:00" finish="2012-08-23T15:02:16.8306501-07:00" />
  <ResultSummary outcome="Completed">
    <Counters total="1" executed="1" passed="1" error="0" failed="0" timeout="0" aborted="0" inconclusive="0" passedButRunAborted="0" notRunnable="0" notExecuted="0" disconnected="0" warning="0" completed="0" inProgress="0" pending="0" />
  </ResultSummary>
  <TestDefinitions>
    <UnitTest name="ReadAllProductTest" storage="c:\users\louis\documents\school\ucsd\cse136\cse136_vs2010_solution\daltest\bin\debug\daltest.dll" id="39ec5642-081d-ef93-52a6-7125803da287">
      <Execution id="df387506-1597-4ffb-872c-c4b93ff35ff2" />
      <TestMethod codeBase="C:/Users/Louis/Documents/School/UCSD/cse136/cse136_vs2010_solution/DALTest/bin/Debug/DALTest.DLL" adapterTypeName="Microsoft.VisualStudio.TestTools.TestTypes.Unit.UnitTestAdapter, Microsoft.VisualStudio.QualityTools.Tips.UnitTest.Adapter, Version=10.0.0.0, Culture=neutral, PublicKeyToken=b03f5f7f11d50a3a" className="DALTest.DALProductTest, DALTest, Version=1.0.0.0, Culture=neutral, PublicKeyToken=null" name="ReadAllProductTest" />
    </UnitTest>
  </TestDefinitions>
  <TestLists>
    <TestList name="Results Not in a List" id="8c84fa94-04c1-424b-9868-57a2d4851a1d" />
    <TestList name="All Loaded Results" id="19431567-8539-422a-85d7-44ee4e166bda" />
  </TestLists>
  <TestEntries>
    <TestEntry testId="39ec5642-081d-ef93-52a6-7125803da287" executionId="df387506-1597-4ffb-872c-c4b93ff35ff2" testListId="8c84fa94-04c1-424b-9868-57a2d4851a1d" />
  </TestEntries>
  <Results>
    <UnitTestResult executionId="df387506-1597-4ffb-872c-c4b93ff35ff2" testId="39ec5642-081d-ef93-52a6-7125803da287" testName="ReadAllProductTest" computerName="LOUIS-HP" duration="00:00:00.0609112" startTime="2012-08-23T15:02:16.2366421-07:00" endTime="2012-08-23T15:02:16.8026485-07:00" testType="13cdc9d9-ddb5-4fa4-a97d-d965ccfc6d4b" outcome="Passed" testListId="8c84fa94-04c1-424b-9868-57a2d4851a1d" relativeResultsDirectory="df387506-1597-4ffb-872c-c4b93ff35ff2">
    </UnitTestResult>
  </Results>
</TestRun>