<?xml version="1.0" encoding="UTF-8"?>
<TestRun id="3837834f-f63b-404d-978c-fa1a183fb89d" name="Louis@LOUIS-HP 2012-08-27 15:23:55" runUser="Louis-HP\Louis" xmlns="http://microsoft.com/schemas/VisualStudio/TeamTest/2010">
  <TestSettings name="Local" id="53e514f0-4a59-4535-81eb-4649f33ffbf9">
    <Description>These are default test settings for a local test run.</Description>
    <Deployment enabled="false" runDeploymentRoot="Louis_LOUIS-HP 2012-08-27 15_23_55">
      <DeploymentItem filename="C:\Users\Louis\Documents\School\UCSD\cse136\cse136_vs2010_solution\cse136\bin\Debug\cse136.dll" />
      <DeploymentItem filename="C:\Users\Louis\Documents\School\UCSD\cse136\cse136_vs2010_solution\DomainModel\bin\Debug\DomainModel.dll" />
      <DeploymentItem filename="C:\Users\Louis\Documents\School\UCSD\cse136\cse136_vs2010_solution\BL\bin\Debug\BL.dll" />
    </Deployment>
    <Execution>
      <TestTypeSpecific />
      <AgentRule name="Execution Agents">
      </AgentRule>
    </Execution>
  </TestSettings>
  <Times creation="2012-08-27T15:23:55.3898366-07:00" queuing="2012-08-27T15:23:55.4778416-07:00" start="2012-08-27T15:23:55.4888423-07:00" finish="2012-08-27T15:23:56.1398795-07:00" />
  <ResultSummary outcome="Completed">
    <Counters total="7" executed="7" passed="7" error="0" failed="0" timeout="0" aborted="0" inconclusive="0" passedButRunAborted="0" notRunnable="0" notExecuted="0" disconnected="0" warning="0" completed="0" inProgress="0" pending="0" />
  </ResultSummary>
  <TestDefinitions>
    <UnitTest name="DeleteProductVariationInfoTest" storage="c:\users\louis\documents\school\ucsd\cse136\cse136_vs2010_solution\bltest\bin\debug\bltest.dll" id="51e7e7bf-6ccc-542c-0d91-d03ec1c8332e">
      <Execution id="6d709bb7-5e0f-4719-a17b-647e390a9eec" />
      <TestMethod codeBase="C:/Users/Louis/Documents/School/UCSD/cse136/cse136_vs2010_solution/BLTest/bin/Debug/BLTest.DLL" adapterTypeName="Microsoft.VisualStudio.TestTools.TestTypes.Unit.UnitTestAdapter, Microsoft.VisualStudio.QualityTools.Tips.UnitTest.Adapter, Version=10.0.0.0, Culture=neutral, PublicKeyToken=b03f5f7f11d50a3a" className="BLTest.BLProductVariationTest, BLTest, Version=1.0.0.0, Culture=neutral, PublicKeyToken=null" name="DeleteProductVariationInfoTest" />
    </UnitTest>
    <UnitTest name="UpdateProductVariationInfoTest" storage="c:\users\louis\documents\school\ucsd\cse136\cse136_vs2010_solution\bltest\bin\debug\bltest.dll" id="17a47e80-72b2-0437-6c34-884341a72cbe">
      <Execution id="a3d30ced-ab0b-403c-a40e-406453ae0823" />
      <TestMethod codeBase="C:/Users/Louis/Documents/School/UCSD/cse136/cse136_vs2010_solution/BLTest/bin/Debug/BLTest.DLL" adapterTypeName="Microsoft.VisualStudio.TestTools.TestTypes.Unit.UnitTestAdapter, Microsoft.VisualStudio.QualityTools.Tips.UnitTest.Adapter, Version=10.0.0.0, Culture=neutral, PublicKeyToken=b03f5f7f11d50a3a" className="BLTest.BLProductVariationTest, BLTest, Version=1.0.0.0, Culture=neutral, PublicKeyToken=null" name="UpdateProductVariationInfoTest" />
    </UnitTest>
    <UnitTest name="ProductVariationReadErrorTest" storage="c:\users\louis\documents\school\ucsd\cse136\cse136_vs2010_solution\bltest\bin\debug\bltest.dll" id="769129ee-601e-ba5f-360d-d3013c602f01">
      <Execution id="d3f1add8-d23e-4e52-a76b-ccb5021bce62" />
      <TestMethod codeBase="C:/Users/Louis/Documents/School/UCSD/cse136/cse136_vs2010_solution/BLTest/bin/Debug/BLTest.DLL" adapterTypeName="Microsoft.VisualStudio.TestTools.TestTypes.Unit.UnitTestAdapter, Microsoft.VisualStudio.QualityTools.Tips.UnitTest.Adapter, Version=10.0.0.0, Culture=neutral, PublicKeyToken=b03f5f7f11d50a3a" className="BLTest.BLProductVariationTest, BLTest, Version=1.0.0.0, Culture=neutral, PublicKeyToken=null" name="ProductVariationReadErrorTest" />
    </UnitTest>
    <UnitTest name="CreatePVTest" storage="c:\users\louis\documents\school\ucsd\cse136\cse136_vs2010_solution\bltest\bin\debug\bltest.dll" id="32befc5b-2805-679f-e132-a2c900e50a08">
      <Execution id="218ee071-19a9-4cb0-85f3-0fb699de9ac9" />
      <TestMethod codeBase="C:/Users/Louis/Documents/School/UCSD/cse136/cse136_vs2010_solution/BLTest/bin/Debug/BLTest.DLL" adapterTypeName="Microsoft.VisualStudio.TestTools.TestTypes.Unit.UnitTestAdapter, Microsoft.VisualStudio.QualityTools.Tips.UnitTest.Adapter, Version=10.0.0.0, Culture=neutral, PublicKeyToken=b03f5f7f11d50a3a" className="BLTest.BLProductVariationTest, BLTest, Version=1.0.0.0, Culture=neutral, PublicKeyToken=null" name="CreatePVTest" />
    </UnitTest>
    <UnitTest name="CreateProductVariationErrorTest" storage="c:\users\louis\documents\school\ucsd\cse136\cse136_vs2010_solution\bltest\bin\debug\bltest.dll" id="2c820968-7c91-03d3-a299-ef437a4adae9">
      <Execution id="4f80f49a-3874-4bc7-bc10-f87654bf14b8" />
      <TestMethod codeBase="C:/Users/Louis/Documents/School/UCSD/cse136/cse136_vs2010_solution/BLTest/bin/Debug/BLTest.DLL" adapterTypeName="Microsoft.VisualStudio.TestTools.TestTypes.Unit.UnitTestAdapter, Microsoft.VisualStudio.QualityTools.Tips.UnitTest.Adapter, Version=10.0.0.0, Culture=neutral, PublicKeyToken=b03f5f7f11d50a3a" className="BLTest.BLProductVariationTest, BLTest, Version=1.0.0.0, Culture=neutral, PublicKeyToken=null" name="CreateProductVariationErrorTest" />
    </UnitTest>
    <UnitTest name="ProductVariationUpdateErrorTest" storage="c:\users\louis\documents\school\ucsd\cse136\cse136_vs2010_solution\bltest\bin\debug\bltest.dll" id="8ddb55d2-cc76-8371-0cab-349758d0faba">
      <Execution id="5a33f1d4-b473-4047-ac15-e9f900b28f2a" />
      <TestMethod codeBase="C:/Users/Louis/Documents/School/UCSD/cse136/cse136_vs2010_solution/BLTest/bin/Debug/BLTest.DLL" adapterTypeName="Microsoft.VisualStudio.TestTools.TestTypes.Unit.UnitTestAdapter, Microsoft.VisualStudio.QualityTools.Tips.UnitTest.Adapter, Version=10.0.0.0, Culture=neutral, PublicKeyToken=b03f5f7f11d50a3a" className="BLTest.BLProductVariationTest, BLTest, Version=1.0.0.0, Culture=neutral, PublicKeyToken=null" name="ProductVariationUpdateErrorTest" />
    </UnitTest>
    <UnitTest name="ReadAllPVTest" storage="c:\users\louis\documents\school\ucsd\cse136\cse136_vs2010_solution\bltest\bin\debug\bltest.dll" id="83def0be-13ed-eb0c-cf34-39cb5d72d47e">
      <Execution id="7ff19f16-c44f-451c-bb22-786cad2531b0" />
      <TestMethod codeBase="C:/Users/Louis/Documents/School/UCSD/cse136/cse136_vs2010_solution/BLTest/bin/Debug/BLTest.DLL" adapterTypeName="Microsoft.VisualStudio.TestTools.TestTypes.Unit.UnitTestAdapter, Microsoft.VisualStudio.QualityTools.Tips.UnitTest.Adapter, Version=10.0.0.0, Culture=neutral, PublicKeyToken=b03f5f7f11d50a3a" className="BLTest.BLProductVariationTest, BLTest, Version=1.0.0.0, Culture=neutral, PublicKeyToken=null" name="ReadAllPVTest" />
    </UnitTest>
  </TestDefinitions>
  <TestLists>
    <TestList name="Results Not in a List" id="8c84fa94-04c1-424b-9868-57a2d4851a1d" />
    <TestList name="All Loaded Results" id="19431567-8539-422a-85d7-44ee4e166bda" />
  </TestLists>
  <TestEntries>
    <TestEntry testId="17a47e80-72b2-0437-6c34-884341a72cbe" executionId="a3d30ced-ab0b-403c-a40e-406453ae0823" testListId="8c84fa94-04c1-424b-9868-57a2d4851a1d" />
    <TestEntry testId="2c820968-7c91-03d3-a299-ef437a4adae9" executionId="4f80f49a-3874-4bc7-bc10-f87654bf14b8" testListId="8c84fa94-04c1-424b-9868-57a2d4851a1d" />
    <TestEntry testId="32befc5b-2805-679f-e132-a2c900e50a08" executionId="218ee071-19a9-4cb0-85f3-0fb699de9ac9" testListId="8c84fa94-04c1-424b-9868-57a2d4851a1d" />
    <TestEntry testId="51e7e7bf-6ccc-542c-0d91-d03ec1c8332e" executionId="6d709bb7-5e0f-4719-a17b-647e390a9eec" testListId="8c84fa94-04c1-424b-9868-57a2d4851a1d" />
    <TestEntry testId="769129ee-601e-ba5f-360d-d3013c602f01" executionId="d3f1add8-d23e-4e52-a76b-ccb5021bce62" testListId="8c84fa94-04c1-424b-9868-57a2d4851a1d" />
    <TestEntry testId="83def0be-13ed-eb0c-cf34-39cb5d72d47e" executionId="7ff19f16-c44f-451c-bb22-786cad2531b0" testListId="8c84fa94-04c1-424b-9868-57a2d4851a1d" />
    <TestEntry testId="8ddb55d2-cc76-8371-0cab-349758d0faba" executionId="5a33f1d4-b473-4047-ac15-e9f900b28f2a" testListId="8c84fa94-04c1-424b-9868-57a2d4851a1d" />
  </TestEntries>
  <Results>
    <UnitTestResult executionId="a3d30ced-ab0b-403c-a40e-406453ae0823" testId="17a47e80-72b2-0437-6c34-884341a72cbe" testName="UpdateProductVariationInfoTest" computerName="LOUIS-HP" duration="00:00:00.0787385" startTime="2012-08-27T15:23:55.4948426-07:00" endTime="2012-08-27T15:23:55.9668696-07:00" testType="13cdc9d9-ddb5-4fa4-a97d-d965ccfc6d4b" outcome="Passed" testListId="8c84fa94-04c1-424b-9868-57a2d4851a1d" relativeResultsDirectory="a3d30ced-ab0b-403c-a40e-406453ae0823">
    </UnitTestResult>
    <UnitTestResult executionId="4f80f49a-3874-4bc7-bc10-f87654bf14b8" testId="2c820968-7c91-03d3-a299-ef437a4adae9" testName="CreateProductVariationErrorTest" computerName="LOUIS-HP" duration="00:00:00.0200988" startTime="2012-08-27T15:23:55.9708698-07:00" endTime="2012-08-27T15:23:55.9968713-07:00" testType="13cdc9d9-ddb5-4fa4-a97d-d965ccfc6d4b" outcome="Passed" testListId="8c84fa94-04c1-424b-9868-57a2d4851a1d" relativeResultsDirectory="4f80f49a-3874-4bc7-bc10-f87654bf14b8">
      <Output>
        <DebugTrace>THIS IS THE PID:37
THIS IS THE ERROR:Invalid product_id
THIS IS THE ERROR:Invalid product_brand_id
THIS IS THE ERROR:Invalid product_cutting_id
THIS IS THE ERROR:Invalid product_color_id
THIS IS THE ERROR:Invalid sex
THIS IS THE ERROR:Invalid size
THIS IS THE ERROR:Invalid stock
THIS IS THE ERROR:Invalid price
THIS IS THE ERROR:Invalid condition
</DebugTrace>
      </Output>
    </UnitTestResult>
    <UnitTestResult executionId="218ee071-19a9-4cb0-85f3-0fb699de9ac9" testId="32befc5b-2805-679f-e132-a2c900e50a08" testName="CreatePVTest" computerName="LOUIS-HP" duration="00:00:00.0227864" startTime="2012-08-27T15:23:55.9998715-07:00" endTime="2012-08-27T15:23:56.0278731-07:00" testType="13cdc9d9-ddb5-4fa4-a97d-d965ccfc6d4b" outcome="Passed" testListId="8c84fa94-04c1-424b-9868-57a2d4851a1d" relativeResultsDirectory="218ee071-19a9-4cb0-85f3-0fb699de9ac9">
      <Output>
        <DebugTrace>THIS IS THE PID:1
RESULT:109
RESULT:1
RESULT:1
RESULT:1
RESULT:1
RESULT:1
RESULT:M
RESULT:L
RESULT:1
RESULT:1
RESULT:a
</DebugTrace>
      </Output>
    </UnitTestResult>
    <UnitTestResult executionId="6d709bb7-5e0f-4719-a17b-647e390a9eec" testId="51e7e7bf-6ccc-542c-0d91-d03ec1c8332e" testName="DeleteProductVariationInfoTest" computerName="LOUIS-HP" duration="00:00:00.0186477" startTime="2012-08-27T15:23:56.0318733-07:00" endTime="2012-08-27T15:23:56.0558747-07:00" testType="13cdc9d9-ddb5-4fa4-a97d-d965ccfc6d4b" outcome="Passed" testListId="8c84fa94-04c1-424b-9868-57a2d4851a1d" relativeResultsDirectory="6d709bb7-5e0f-4719-a17b-647e390a9eec">
      <Output>
        <DebugTrace>THIS IS THE PID:1
THIS IS THE ID: 110
</DebugTrace>
      </Output>
    </UnitTestResult>
    <UnitTestResult executionId="d3f1add8-d23e-4e52-a76b-ccb5021bce62" testId="769129ee-601e-ba5f-360d-d3013c602f01" testName="ProductVariationReadErrorTest" computerName="LOUIS-HP" duration="00:00:00.0082582" startTime="2012-08-27T15:23:56.0588749-07:00" endTime="2012-08-27T15:23:56.0718756-07:00" testType="13cdc9d9-ddb5-4fa4-a97d-d965ccfc6d4b" outcome="Passed" testListId="8c84fa94-04c1-424b-9868-57a2d4851a1d" relativeResultsDirectory="d3f1add8-d23e-4e52-a76b-ccb5021bce62">
      <Output>
        <DebugTrace>REACHED here is the id: 111
THIS IS THE ERROR: Invalid product variation id
REACHED here is the id: -1
THIS IS THE ERROR: Invalid product variation id
THIS IS THE ERROR: Invalid product variation id
</DebugTrace>
      </Output>
    </UnitTestResult>
    <UnitTestResult executionId="7ff19f16-c44f-451c-bb22-786cad2531b0" testId="83def0be-13ed-eb0c-cf34-39cb5d72d47e" testName="ReadAllPVTest" computerName="LOUIS-HP" duration="00:00:00.0097758" startTime="2012-08-27T15:23:56.0758758-07:00" endTime="2012-08-27T15:23:56.0908767-07:00" testType="13cdc9d9-ddb5-4fa4-a97d-d965ccfc6d4b" outcome="Passed" testListId="8c84fa94-04c1-424b-9868-57a2d4851a1d" relativeResultsDirectory="7ff19f16-c44f-451c-bb22-786cad2531b0">
    </UnitTestResult>
    <UnitTestResult executionId="5a33f1d4-b473-4047-ac15-e9f900b28f2a" testId="8ddb55d2-cc76-8371-0cab-349758d0faba" testName="ProductVariationUpdateErrorTest" computerName="LOUIS-HP" duration="00:00:00.0090828" startTime="2012-08-27T15:23:56.0958770-07:00" endTime="2012-08-27T15:23:56.1108778-07:00" testType="13cdc9d9-ddb5-4fa4-a97d-d965ccfc6d4b" outcome="Passed" testListId="8c84fa94-04c1-424b-9868-57a2d4851a1d" relativeResultsDirectory="5a33f1d4-b473-4047-ac15-e9f900b28f2a">
    </UnitTestResult>
  </Results>
</TestRun>