<?xml version="1.0" encoding="UTF-8"?>
<TestRun id="2028589c-5308-442c-a4b3-5ab976159839" name="Louis@LOUIS-HP 2012-08-20 21:40:22" runUser="Louis-HP\Louis" xmlns="http://microsoft.com/schemas/VisualStudio/TeamTest/2010">
  <TestSettings name="Local" id="53e514f0-4a59-4535-81eb-4649f33ffbf9">
    <Description>These are default test settings for a local test run.</Description>
    <Deployment enabled="false" runDeploymentRoot="Louis_LOUIS-HP 2012-08-20 21_40_22">
      <DeploymentItem filename="C:\Users\Louis\Documents\School\UCSD\cse136\cse136_vs2010_solution\cse136\bin\Debug\cse136.dll" />
      <DeploymentItem filename="C:\Users\Louis\Documents\School\UCSD\cse136\cse136_vs2010_solution\MVC3\bin\MVC3.dll" />
      <DeploymentItem filename="C:\Users\Louis\Documents\School\UCSD\cse136\cse136_vs2010_solution\DomainModel\bin\Debug\DomainModel.dll" />
      <DeploymentItem filename="C:\Users\Louis\Documents\School\UCSD\cse136\cse136_vs2010_solution\BL\bin\Debug\BL.dll" />
    </Deployment>
    <Execution>
      <TestTypeSpecific />
      <AgentRule name="Execution Agents">
      </AgentRule>
    </Execution>
  </TestSettings>
  <Times creation="2012-08-20T21:40:22.3823736-07:00" queuing="2012-08-20T21:40:23.8874597-07:00" start="2012-08-20T21:40:23.9104610-07:00" finish="2012-08-20T21:40:28.4667216-07:00" />
  <ResultSummary outcome="Failed">
    <Counters total="14" executed="14" passed="9" error="0" failed="5" timeout="0" aborted="0" inconclusive="0" passedButRunAborted="0" notRunnable="0" notExecuted="0" disconnected="0" warning="0" completed="0" inProgress="0" pending="0" />
  </ResultSummary>
  <TestDefinitions>
    <UnitTest name="StudentInsertAndSelectTest" storage="c:\users\louis\documents\school\ucsd\cse136\cse136_vs2010_solution\bltest\bin\debug\bltest.dll" id="b45d1266-5bf1-9771-b554-dfed2bcf9dcb">
      <Execution id="8cb4b915-9294-48e3-b55e-2c421fb09978" />
      <TestMethod codeBase="C:/Users/Louis/Documents/School/UCSD/cse136/cse136_vs2010_solution/BLTest/bin/Debug/BLTest.DLL" adapterTypeName="Microsoft.VisualStudio.TestTools.TestTypes.Unit.UnitTestAdapter, Microsoft.VisualStudio.QualityTools.Tips.UnitTest.Adapter, Version=10.0.0.0, Culture=neutral, PublicKeyToken=b03f5f7f11d50a3a" className="BLTest.BLStudentTest, BLTest, Version=1.0.0.0, Culture=neutral, PublicKeyToken=null" name="StudentInsertAndSelectTest" />
    </UnitTest>
    <UnitTest name="UpdateProductVariationInfoTest" storage="c:\users\louis\documents\school\ucsd\cse136\cse136_vs2010_solution\daltest\bin\debug\daltest.dll" id="c68b8238-9415-4bac-14f0-0a40a7e90643">
      <Execution id="e3fa04c0-da01-49ad-8c3c-a248323ed9cb" />
      <TestMethod codeBase="C:/Users/Louis/Documents/School/UCSD/cse136/cse136_vs2010_solution/DALTest/bin/Debug/DALTest.DLL" adapterTypeName="Microsoft.VisualStudio.TestTools.TestTypes.Unit.UnitTestAdapter, Microsoft.VisualStudio.QualityTools.Tips.UnitTest.Adapter, Version=10.0.0.0, Culture=neutral, PublicKeyToken=b03f5f7f11d50a3a" className="DALTest.DALProductVariationInfoTest, DALTest, Version=1.0.0.0, Culture=neutral, PublicKeyToken=null" name="UpdateProductVariationInfoTest" />
    </UnitTest>
    <UnitTest name="UpdateBrandTest" storage="c:\users\louis\documents\school\ucsd\cse136\cse136_vs2010_solution\daltest\bin\debug\daltest.dll" id="d496ab9a-135a-b41a-ebd0-a9734f28bea8">
      <Execution id="26bc0fcd-ea64-453f-84ed-f37638c2de0a" />
      <TestMethod codeBase="C:/Users/Louis/Documents/School/UCSD/cse136/cse136_vs2010_solution/DALTest/bin/Debug/DALTest.DLL" adapterTypeName="Microsoft.VisualStudio.TestTools.TestTypes.Unit.UnitTestAdapter, Microsoft.VisualStudio.QualityTools.Tips.UnitTest.Adapter, Version=10.0.0.0, Culture=neutral, PublicKeyToken=b03f5f7f11d50a3a" className="DALTest.DALProductVariationInfoTest, DALTest, Version=1.0.0.0, Culture=neutral, PublicKeyToken=null" name="UpdateBrandTest" />
    </UnitTest>
    <UnitTest name="InsertStudentErrorTest" storage="c:\users\louis\documents\school\ucsd\cse136\cse136_vs2010_solution\bltest\bin\debug\bltest.dll" id="27414cce-b0c9-6911-0d93-0b5cbb4de1d6">
      <Execution id="4fb06c39-c274-4f2a-a6e4-a0f70fcc481e" />
      <TestMethod codeBase="C:/Users/Louis/Documents/School/UCSD/cse136/cse136_vs2010_solution/BLTest/bin/Debug/BLTest.DLL" adapterTypeName="Microsoft.VisualStudio.TestTools.TestTypes.Unit.UnitTestAdapter, Microsoft.VisualStudio.QualityTools.Tips.UnitTest.Adapter, Version=10.0.0.0, Culture=neutral, PublicKeyToken=b03f5f7f11d50a3a" className="BLTest.BLStudentTest, BLTest, Version=1.0.0.0, Culture=neutral, PublicKeyToken=null" name="InsertStudentErrorTest" />
    </UnitTest>
    <UnitTest name="UpdateProductTypeTest" storage="c:\users\louis\documents\school\ucsd\cse136\cse136_vs2010_solution\daltest\bin\debug\daltest.dll" id="0ec447f2-07d5-179e-7774-18ff32d77d50">
      <Execution id="d281ce20-790e-4e81-a741-a18376b045ee" />
      <TestMethod codeBase="C:/Users/Louis/Documents/School/UCSD/cse136/cse136_vs2010_solution/DALTest/bin/Debug/DALTest.DLL" adapterTypeName="Microsoft.VisualStudio.TestTools.TestTypes.Unit.UnitTestAdapter, Microsoft.VisualStudio.QualityTools.Tips.UnitTest.Adapter, Version=10.0.0.0, Culture=neutral, PublicKeyToken=b03f5f7f11d50a3a" className="DALTest.DALProductVariationInfoTest, DALTest, Version=1.0.0.0, Culture=neutral, PublicKeyToken=null" name="UpdateProductTypeTest" />
    </UnitTest>
    <UnitTest name="UpdateProductColorTest" storage="c:\users\louis\documents\school\ucsd\cse136\cse136_vs2010_solution\daltest\bin\debug\daltest.dll" id="d2d432c7-3f05-a63e-32da-befa6b8a3c7d">
      <Execution id="f55dccfe-e953-4ff9-952d-8024c109f699" />
      <TestMethod codeBase="C:/Users/Louis/Documents/School/UCSD/cse136/cse136_vs2010_solution/DALTest/bin/Debug/DALTest.DLL" adapterTypeName="Microsoft.VisualStudio.TestTools.TestTypes.Unit.UnitTestAdapter, Microsoft.VisualStudio.QualityTools.Tips.UnitTest.Adapter, Version=10.0.0.0, Culture=neutral, PublicKeyToken=b03f5f7f11d50a3a" className="DALTest.DALProductVariationInfoTest, DALTest, Version=1.0.0.0, Culture=neutral, PublicKeyToken=null" name="UpdateProductColorTest" />
    </UnitTest>
    <UnitTest name="StudentErrorTest" storage="c:\users\louis\documents\school\ucsd\cse136\cse136_vs2010_solution\bltest\bin\debug\bltest.dll" id="4494ef7f-8e1c-e659-6020-d0d54840f25a">
      <Execution id="d50c6c35-c598-4568-9075-ba82e50af686" />
      <TestMethod codeBase="C:/Users/Louis/Documents/School/UCSD/cse136/cse136_vs2010_solution/BLTest/bin/Debug/BLTest.DLL" adapterTypeName="Microsoft.VisualStudio.TestTools.TestTypes.Unit.UnitTestAdapter, Microsoft.VisualStudio.QualityTools.Tips.UnitTest.Adapter, Version=10.0.0.0, Culture=neutral, PublicKeyToken=b03f5f7f11d50a3a" className="BLTest.BLStudentTest, BLTest, Version=1.0.0.0, Culture=neutral, PublicKeyToken=null" name="StudentErrorTest" />
    </UnitTest>
    <UnitTest name="CreateStudentTest" storage="c:\users\louis\documents\school\ucsd\cse136\cse136_vs2010_solution\mvc3.tests\bin\debug\mvc3.tests.dll" id="0a9faab6-c2ff-6cfa-e314-2f6d98eb74e4">
      <Execution id="f5fbebdf-3476-49ab-8c35-e698823a66f1" />
      <TestMethod codeBase="C:/Users/Louis/Documents/School/UCSD/cse136/cse136_vs2010_solution/MVC3.Tests/bin/Debug/MVC3.Tests.DLL" adapterTypeName="Microsoft.VisualStudio.TestTools.TestTypes.Unit.UnitTestAdapter, Microsoft.VisualStudio.QualityTools.Tips.UnitTest.Adapter, Version=10.0.0.0, Culture=neutral, PublicKeyToken=b03f5f7f11d50a3a" className="MVC3.Tests.Controllers.StudentControllerTest, MVC3.Tests, Version=1.0.0.0, Culture=neutral, PublicKeyToken=null" name="CreateStudentTest" />
    </UnitTest>
    <UnitTest name="Index" storage="c:\users\louis\documents\school\ucsd\cse136\cse136_vs2010_solution\mvc3.tests\bin\debug\mvc3.tests.dll" id="12e3c4c9-0e7f-4fb6-44e9-504011a51fde">
      <Execution id="8dc5a217-7919-43c2-89c6-69fbe3e0adba" />
      <TestMethod codeBase="C:/Users/Louis/Documents/School/UCSD/cse136/cse136_vs2010_solution/MVC3.Tests/bin/Debug/MVC3.Tests.DLL" adapterTypeName="Microsoft.VisualStudio.TestTools.TestTypes.Unit.UnitTestAdapter, Microsoft.VisualStudio.QualityTools.Tips.UnitTest.Adapter, Version=10.0.0.0, Culture=neutral, PublicKeyToken=b03f5f7f11d50a3a" className="MVC3.Tests.Controllers.HomeControllerTest, MVC3.Tests, Version=1.0.0.0, Culture=neutral, PublicKeyToken=null" name="Index" />
    </UnitTest>
    <UnitTest name="CreatePVTest" storage="c:\users\louis\documents\school\ucsd\cse136\cse136_vs2010_solution\daltest\bin\debug\daltest.dll" id="c76098cd-5f49-f576-d094-a3b9b8dc9118">
      <Execution id="22764e8d-1f36-4c24-baee-4633aa4c409c" />
      <TestMethod codeBase="C:/Users/Louis/Documents/School/UCSD/cse136/cse136_vs2010_solution/DALTest/bin/Debug/DALTest.DLL" adapterTypeName="Microsoft.VisualStudio.TestTools.TestTypes.Unit.UnitTestAdapter, Microsoft.VisualStudio.QualityTools.Tips.UnitTest.Adapter, Version=10.0.0.0, Culture=neutral, PublicKeyToken=b03f5f7f11d50a3a" className="DALTest.DALProductVariationInfoTest, DALTest, Version=1.0.0.0, Culture=neutral, PublicKeyToken=null" name="CreatePVTest" />
    </UnitTest>
    <UnitTest name="UpdateProductCuttingTest" storage="c:\users\louis\documents\school\ucsd\cse136\cse136_vs2010_solution\daltest\bin\debug\daltest.dll" id="43e76ea6-89b4-eac5-0286-0ae39a94b4de">
      <Execution id="3a6d224c-a721-49fb-9984-78b8c68781c6" />
      <TestMethod codeBase="C:/Users/Louis/Documents/School/UCSD/cse136/cse136_vs2010_solution/DALTest/bin/Debug/DALTest.DLL" adapterTypeName="Microsoft.VisualStudio.TestTools.TestTypes.Unit.UnitTestAdapter, Microsoft.VisualStudio.QualityTools.Tips.UnitTest.Adapter, Version=10.0.0.0, Culture=neutral, PublicKeyToken=b03f5f7f11d50a3a" className="DALTest.DALProductVariationInfoTest, DALTest, Version=1.0.0.0, Culture=neutral, PublicKeyToken=null" name="UpdateProductCuttingTest" />
    </UnitTest>
    <UnitTest name="DeleteProductVariationInfoTest" storage="c:\users\louis\documents\school\ucsd\cse136\cse136_vs2010_solution\daltest\bin\debug\daltest.dll" id="52df322f-98b6-4e57-d285-dc4d7f1b9314">
      <Execution id="a77d729e-39b8-43ae-830e-9e76186bf352" />
      <TestMethod codeBase="C:/Users/Louis/Documents/School/UCSD/cse136/cse136_vs2010_solution/DALTest/bin/Debug/DALTest.DLL" adapterTypeName="Microsoft.VisualStudio.TestTools.TestTypes.Unit.UnitTestAdapter, Microsoft.VisualStudio.QualityTools.Tips.UnitTest.Adapter, Version=10.0.0.0, Culture=neutral, PublicKeyToken=b03f5f7f11d50a3a" className="DALTest.DALProductVariationInfoTest, DALTest, Version=1.0.0.0, Culture=neutral, PublicKeyToken=null" name="DeleteProductVariationInfoTest" />
    </UnitTest>
    <UnitTest name="DeleteStudentErrorTest" storage="c:\users\louis\documents\school\ucsd\cse136\cse136_vs2010_solution\bltest\bin\debug\bltest.dll" id="b302d921-d0e4-a47c-2d48-9be6995b507a">
      <Execution id="21636446-86ef-4251-a98a-14336a9d083e" />
      <TestMethod codeBase="C:/Users/Louis/Documents/School/UCSD/cse136/cse136_vs2010_solution/BLTest/bin/Debug/BLTest.DLL" adapterTypeName="Microsoft.VisualStudio.TestTools.TestTypes.Unit.UnitTestAdapter, Microsoft.VisualStudio.QualityTools.Tips.UnitTest.Adapter, Version=10.0.0.0, Culture=neutral, PublicKeyToken=b03f5f7f11d50a3a" className="BLTest.BLStudentTest, BLTest, Version=1.0.0.0, Culture=neutral, PublicKeyToken=null" name="DeleteStudentErrorTest" />
    </UnitTest>
    <UnitTest name="UpdateProductTest" storage="c:\users\louis\documents\school\ucsd\cse136\cse136_vs2010_solution\daltest\bin\debug\daltest.dll" id="9dad9ff8-f77d-191e-a6f2-959e9fe70b04">
      <Execution id="fb5d41c2-79c2-4e24-b18d-dc737b80d6ce" />
      <TestMethod codeBase="C:/Users/Louis/Documents/School/UCSD/cse136/cse136_vs2010_solution/DALTest/bin/Debug/DALTest.DLL" adapterTypeName="Microsoft.VisualStudio.TestTools.TestTypes.Unit.UnitTestAdapter, Microsoft.VisualStudio.QualityTools.Tips.UnitTest.Adapter, Version=10.0.0.0, Culture=neutral, PublicKeyToken=b03f5f7f11d50a3a" className="DALTest.DALProductVariationInfoTest, DALTest, Version=1.0.0.0, Culture=neutral, PublicKeyToken=null" name="UpdateProductTest" />
    </UnitTest>
  </TestDefinitions>
  <TestLists>
    <TestList name="Results Not in a List" id="8c84fa94-04c1-424b-9868-57a2d4851a1d" />
    <TestList name="All Loaded Results" id="19431567-8539-422a-85d7-44ee4e166bda" />
  </TestLists>
  <TestEntries>
    <TestEntry testId="0a9faab6-c2ff-6cfa-e314-2f6d98eb74e4" executionId="f5fbebdf-3476-49ab-8c35-e698823a66f1" testListId="8c84fa94-04c1-424b-9868-57a2d4851a1d" />
    <TestEntry testId="0ec447f2-07d5-179e-7774-18ff32d77d50" executionId="d281ce20-790e-4e81-a741-a18376b045ee" testListId="8c84fa94-04c1-424b-9868-57a2d4851a1d" />
    <TestEntry testId="12e3c4c9-0e7f-4fb6-44e9-504011a51fde" executionId="8dc5a217-7919-43c2-89c6-69fbe3e0adba" testListId="8c84fa94-04c1-424b-9868-57a2d4851a1d" />
    <TestEntry testId="27414cce-b0c9-6911-0d93-0b5cbb4de1d6" executionId="4fb06c39-c274-4f2a-a6e4-a0f70fcc481e" testListId="8c84fa94-04c1-424b-9868-57a2d4851a1d" />
    <TestEntry testId="43e76ea6-89b4-eac5-0286-0ae39a94b4de" executionId="3a6d224c-a721-49fb-9984-78b8c68781c6" testListId="8c84fa94-04c1-424b-9868-57a2d4851a1d" />
    <TestEntry testId="4494ef7f-8e1c-e659-6020-d0d54840f25a" executionId="d50c6c35-c598-4568-9075-ba82e50af686" testListId="8c84fa94-04c1-424b-9868-57a2d4851a1d" />
    <TestEntry testId="52df322f-98b6-4e57-d285-dc4d7f1b9314" executionId="a77d729e-39b8-43ae-830e-9e76186bf352" testListId="8c84fa94-04c1-424b-9868-57a2d4851a1d" />
    <TestEntry testId="9dad9ff8-f77d-191e-a6f2-959e9fe70b04" executionId="fb5d41c2-79c2-4e24-b18d-dc737b80d6ce" testListId="8c84fa94-04c1-424b-9868-57a2d4851a1d" />
    <TestEntry testId="b302d921-d0e4-a47c-2d48-9be6995b507a" executionId="21636446-86ef-4251-a98a-14336a9d083e" testListId="8c84fa94-04c1-424b-9868-57a2d4851a1d" />
    <TestEntry testId="b45d1266-5bf1-9771-b554-dfed2bcf9dcb" executionId="8cb4b915-9294-48e3-b55e-2c421fb09978" testListId="8c84fa94-04c1-424b-9868-57a2d4851a1d" />
    <TestEntry testId="c68b8238-9415-4bac-14f0-0a40a7e90643" executionId="e3fa04c0-da01-49ad-8c3c-a248323ed9cb" testListId="8c84fa94-04c1-424b-9868-57a2d4851a1d" />
    <TestEntry testId="c76098cd-5f49-f576-d094-a3b9b8dc9118" executionId="22764e8d-1f36-4c24-baee-4633aa4c409c" testListId="8c84fa94-04c1-424b-9868-57a2d4851a1d" />
    <TestEntry testId="d2d432c7-3f05-a63e-32da-befa6b8a3c7d" executionId="f55dccfe-e953-4ff9-952d-8024c109f699" testListId="8c84fa94-04c1-424b-9868-57a2d4851a1d" />
    <TestEntry testId="d496ab9a-135a-b41a-ebd0-a9734f28bea8" executionId="26bc0fcd-ea64-453f-84ed-f37638c2de0a" testListId="8c84fa94-04c1-424b-9868-57a2d4851a1d" />
  </TestEntries>
  <Results>
    <UnitTestResult executionId="f5fbebdf-3476-49ab-8c35-e698823a66f1" testId="0a9faab6-c2ff-6cfa-e314-2f6d98eb74e4" testName="CreateStudentTest" computerName="LOUIS-HP" duration="00:00:02.7589330" startTime="2012-08-20T21:40:23.9164613-07:00" endTime="2012-08-20T21:40:27.0816424-07:00" testType="13cdc9d9-ddb5-4fa4-a97d-d965ccfc6d4b" outcome="Failed" testListId="8c84fa94-04c1-424b-9868-57a2d4851a1d" relativeResultsDirectory="f5fbebdf-3476-49ab-8c35-e698823a66f1">
      <Output>
        <ErrorInfo>
          <Message>Test method MVC3.Tests.Controllers.StudentControllerTest.CreateStudentTest threw exception: 
System.NullReferenceException: Object reference not set to an instance of an object.</Message>
          <StackTrace>    at MVC3.Tests.Controllers.StudentControllerTest.CreateStudentTest() in C:\Users\Louis\Documents\School\UCSD\cse136\cse136_vs2010_solution\MVC3.Tests\Controllers\StudentControllerTest.cs:line 46
</StackTrace>
        </ErrorInfo>
      </Output>
    </UnitTestResult>
    <UnitTestResult executionId="d281ce20-790e-4e81-a741-a18376b045ee" testId="0ec447f2-07d5-179e-7774-18ff32d77d50" testName="UpdateProductTypeTest" computerName="LOUIS-HP" duration="00:00:00.0449774" startTime="2012-08-20T21:40:27.0846425-07:00" endTime="2012-08-20T21:40:27.5966718-07:00" testType="13cdc9d9-ddb5-4fa4-a97d-d965ccfc6d4b" outcome="Passed" testListId="8c84fa94-04c1-424b-9868-57a2d4851a1d" relativeResultsDirectory="d281ce20-790e-4e81-a741-a18376b045ee">
    </UnitTestResult>
    <UnitTestResult executionId="8dc5a217-7919-43c2-89c6-69fbe3e0adba" testId="12e3c4c9-0e7f-4fb6-44e9-504011a51fde" testName="Index" computerName="LOUIS-HP" duration="00:00:00.0908380" startTime="2012-08-20T21:40:27.6006721-07:00" endTime="2012-08-20T21:40:27.6966775-07:00" testType="13cdc9d9-ddb5-4fa4-a97d-d965ccfc6d4b" outcome="Passed" testListId="8c84fa94-04c1-424b-9868-57a2d4851a1d" relativeResultsDirectory="8dc5a217-7919-43c2-89c6-69fbe3e0adba">
    </UnitTestResult>
    <UnitTestResult executionId="4fb06c39-c274-4f2a-a6e4-a0f70fcc481e" testId="27414cce-b0c9-6911-0d93-0b5cbb4de1d6" testName="InsertStudentErrorTest" computerName="LOUIS-HP" duration="00:00:00.0753685" startTime="2012-08-20T21:40:27.7006778-07:00" endTime="2012-08-20T21:40:28.1647043-07:00" testType="13cdc9d9-ddb5-4fa4-a97d-d965ccfc6d4b" outcome="Failed" testListId="8c84fa94-04c1-424b-9868-57a2d4851a1d" relativeResultsDirectory="4fb06c39-c274-4f2a-a6e4-a0f70fcc481e">
      <Output>
        <ErrorInfo>
          <Message>Test method BLTest.BLStudentTest.InsertStudentErrorTest threw exception: 
System.TypeLoadException: Could not load type 'DAL.DALStudent' from assembly 'cse136, Version=1.0.0.0, Culture=neutral, PublicKeyToken=null'.</Message>
          <StackTrace>    at BL.BLStudent.InsertStudent(Student student, List`1&amp; errors)
   at BLTest.BLStudentTest.InsertStudentErrorTest() in C:\Users\Louis\Documents\School\UCSD\cse136\cse136_vs2010_solution\BLTest\BLStudentTest.cs:line 69
</StackTrace>
        </ErrorInfo>
      </Output>
    </UnitTestResult>
    <UnitTestResult executionId="3a6d224c-a721-49fb-9984-78b8c68781c6" testId="43e76ea6-89b4-eac5-0286-0ae39a94b4de" testName="UpdateProductCuttingTest" computerName="LOUIS-HP" duration="00:00:00.0054188" startTime="2012-08-20T21:40:28.1687045-07:00" endTime="2012-08-20T21:40:28.1837054-07:00" testType="13cdc9d9-ddb5-4fa4-a97d-d965ccfc6d4b" outcome="Passed" testListId="8c84fa94-04c1-424b-9868-57a2d4851a1d" relativeResultsDirectory="3a6d224c-a721-49fb-9984-78b8c68781c6">
    </UnitTestResult>
    <UnitTestResult executionId="d50c6c35-c598-4568-9075-ba82e50af686" testId="4494ef7f-8e1c-e659-6020-d0d54840f25a" testName="StudentErrorTest" computerName="LOUIS-HP" duration="00:00:00.0035429" startTime="2012-08-20T21:40:28.1877056-07:00" endTime="2012-08-20T21:40:28.1967061-07:00" testType="13cdc9d9-ddb5-4fa4-a97d-d965ccfc6d4b" outcome="Failed" testListId="8c84fa94-04c1-424b-9868-57a2d4851a1d" relativeResultsDirectory="d50c6c35-c598-4568-9075-ba82e50af686">
      <Output>
        <ErrorInfo>
          <Message>Test method BLTest.BLStudentTest.StudentErrorTest threw exception: 
System.TypeLoadException: Could not load type 'DAL.DALStudent' from assembly 'cse136, Version=1.0.0.0, Culture=neutral, PublicKeyToken=null'.</Message>
          <StackTrace>    at BL.BLStudent.GetStudent(String id, List`1&amp; errors)
   at BLTest.BLStudentTest.StudentErrorTest() in C:\Users\Louis\Documents\School\UCSD\cse136\cse136_vs2010_solution\BLTest\BLStudentTest.cs:line 85
</StackTrace>
        </ErrorInfo>
      </Output>
    </UnitTestResult>
    <UnitTestResult executionId="a77d729e-39b8-43ae-830e-9e76186bf352" testId="52df322f-98b6-4e57-d285-dc4d7f1b9314" testName="DeleteProductVariationInfoTest" computerName="LOUIS-HP" duration="00:00:00.0753694" startTime="2012-08-20T21:40:28.1997063-07:00" endTime="2012-08-20T21:40:28.2807109-07:00" testType="13cdc9d9-ddb5-4fa4-a97d-d965ccfc6d4b" outcome="Passed" testListId="8c84fa94-04c1-424b-9868-57a2d4851a1d" relativeResultsDirectory="a77d729e-39b8-43ae-830e-9e76186bf352">
    </UnitTestResult>
    <UnitTestResult executionId="fb5d41c2-79c2-4e24-b18d-dc737b80d6ce" testId="9dad9ff8-f77d-191e-a6f2-959e9fe70b04" testName="UpdateProductTest" computerName="LOUIS-HP" duration="00:00:00.0048968" startTime="2012-08-20T21:40:28.2837111-07:00" endTime="2012-08-20T21:40:28.2937117-07:00" testType="13cdc9d9-ddb5-4fa4-a97d-d965ccfc6d4b" outcome="Passed" testListId="8c84fa94-04c1-424b-9868-57a2d4851a1d" relativeResultsDirectory="fb5d41c2-79c2-4e24-b18d-dc737b80d6ce">
    </UnitTestResult>
    <UnitTestResult executionId="21636446-86ef-4251-a98a-14336a9d083e" testId="b302d921-d0e4-a47c-2d48-9be6995b507a" testName="DeleteStudentErrorTest" computerName="LOUIS-HP" duration="00:00:00.0035014" startTime="2012-08-20T21:40:28.2977119-07:00" endTime="2012-08-20T21:40:28.3057124-07:00" testType="13cdc9d9-ddb5-4fa4-a97d-d965ccfc6d4b" outcome="Failed" testListId="8c84fa94-04c1-424b-9868-57a2d4851a1d" relativeResultsDirectory="21636446-86ef-4251-a98a-14336a9d083e">
      <Output>
        <ErrorInfo>
          <Message>Test method BLTest.BLStudentTest.DeleteStudentErrorTest threw exception: 
System.TypeLoadException: Could not load type 'DAL.DALStudent' from assembly 'cse136, Version=1.0.0.0, Culture=neutral, PublicKeyToken=null'.</Message>
          <StackTrace>    at BL.BLStudent.DeleteStudent(String id, List`1&amp; errors)
   at BLTest.BLStudentTest.DeleteStudentErrorTest() in C:\Users\Louis\Documents\School\UCSD\cse136\cse136_vs2010_solution\BLTest\BLStudentTest.cs:line 94
</StackTrace>
        </ErrorInfo>
      </Output>
    </UnitTestResult>
    <UnitTestResult executionId="8cb4b915-9294-48e3-b55e-2c421fb09978" testId="b45d1266-5bf1-9771-b554-dfed2bcf9dcb" testName="StudentInsertAndSelectTest" computerName="LOUIS-HP" duration="00:00:00.0061007" startTime="2012-08-20T21:40:28.3107127-07:00" endTime="2012-08-20T21:40:28.3217133-07:00" testType="13cdc9d9-ddb5-4fa4-a97d-d965ccfc6d4b" outcome="Failed" testListId="8c84fa94-04c1-424b-9868-57a2d4851a1d" relativeResultsDirectory="8cb4b915-9294-48e3-b55e-2c421fb09978">
      <Output>
        <ErrorInfo>
          <Message>Test method BLTest.BLStudentTest.StudentInsertAndSelectTest threw exception: 
System.TypeLoadException: Could not load type 'DAL.DALStudent' from assembly 'cse136, Version=1.0.0.0, Culture=neutral, PublicKeyToken=null'.</Message>
          <StackTrace>    at BL.BLStudent.InsertStudent(Student student, List`1&amp; errors)
   at BLTest.BLStudentTest.StudentInsertAndSelectTest() in C:\Users\Louis\Documents\School\UCSD\cse136\cse136_vs2010_solution\BLTest\BLStudentTest.cs:line 111
</StackTrace>
        </ErrorInfo>
      </Output>
    </UnitTestResult>
    <UnitTestResult executionId="e3fa04c0-da01-49ad-8c3c-a248323ed9cb" testId="c68b8238-9415-4bac-14f0-0a40a7e90643" testName="UpdateProductVariationInfoTest" computerName="LOUIS-HP" duration="00:00:00.0124178" startTime="2012-08-20T21:40:28.3247135-07:00" endTime="2012-08-20T21:40:28.3427145-07:00" testType="13cdc9d9-ddb5-4fa4-a97d-d965ccfc6d4b" outcome="Passed" testListId="8c84fa94-04c1-424b-9868-57a2d4851a1d" relativeResultsDirectory="e3fa04c0-da01-49ad-8c3c-a248323ed9cb">
    </UnitTestResult>
    <UnitTestResult executionId="22764e8d-1f36-4c24-baee-4633aa4c409c" testId="c76098cd-5f49-f576-d094-a3b9b8dc9118" testName="CreatePVTest" computerName="LOUIS-HP" duration="00:00:00.0080810" startTime="2012-08-20T21:40:28.3467147-07:00" endTime="2012-08-20T21:40:28.3597155-07:00" testType="13cdc9d9-ddb5-4fa4-a97d-d965ccfc6d4b" outcome="Passed" testListId="8c84fa94-04c1-424b-9868-57a2d4851a1d" relativeResultsDirectory="22764e8d-1f36-4c24-baee-4633aa4c409c">
    </UnitTestResult>
    <UnitTestResult executionId="f55dccfe-e953-4ff9-952d-8024c109f699" testId="d2d432c7-3f05-a63e-32da-befa6b8a3c7d" testName="UpdateProductColorTest" computerName="LOUIS-HP" duration="00:00:00.0055045" startTime="2012-08-20T21:40:28.3627156-07:00" endTime="2012-08-20T21:40:28.3737163-07:00" testType="13cdc9d9-ddb5-4fa4-a97d-d965ccfc6d4b" outcome="Passed" testListId="8c84fa94-04c1-424b-9868-57a2d4851a1d" relativeResultsDirectory="f55dccfe-e953-4ff9-952d-8024c109f699">
    </UnitTestResult>
    <UnitTestResult executionId="26bc0fcd-ea64-453f-84ed-f37638c2de0a" testId="d496ab9a-135a-b41a-ebd0-a9734f28bea8" testName="UpdateBrandTest" computerName="LOUIS-HP" duration="00:00:00.0050436" startTime="2012-08-20T21:40:28.3777165-07:00" endTime="2012-08-20T21:40:28.3887171-07:00" testType="13cdc9d9-ddb5-4fa4-a97d-d965ccfc6d4b" outcome="Passed" testListId="8c84fa94-04c1-424b-9868-57a2d4851a1d" relativeResultsDirectory="26bc0fcd-ea64-453f-84ed-f37638c2de0a">
    </UnitTestResult>
  </Results>
</TestRun>