<?xml version="1.0" encoding="UTF-8"?>
<TestRun id="994ef4db-5f9a-4d15-8b57-0af28cfded2d" name="Louis@LOUIS-HP 2012-08-23 11:40:14" runUser="Louis-HP\Louis" xmlns="http://microsoft.com/schemas/VisualStudio/TeamTest/2010">
  <TestSettings name="Local" id="53e514f0-4a59-4535-81eb-4649f33ffbf9">
    <Description>These are default test settings for a local test run.</Description>
    <Deployment enabled="false" runDeploymentRoot="Louis_LOUIS-HP 2012-08-23 11_40_14">
      <DeploymentItem filename="C:\Users\Louis\Documents\School\UCSD\cse136\cse136_vs2010_solution\cse136\bin\Debug\cse136.dll" />
      <DeploymentItem filename="C:\Users\Louis\Documents\School\UCSD\cse136\cse136_vs2010_solution\DomainModel\bin\Debug\DomainModel.dll" />
    </Deployment>
    <Execution>
      <TestTypeSpecific />
      <AgentRule name="Execution Agents">
      </AgentRule>
    </Execution>
  </TestSettings>
  <Times creation="2012-08-23T11:40:14.2786771-07:00" queuing="2012-08-23T11:40:14.4016798-07:00" start="2012-08-23T11:40:14.4172798-07:00" finish="2012-08-23T11:40:15.0164908-07:00" />
  <ResultSummary outcome="Completed">
    <Counters total="1" executed="1" passed="1" error="0" failed="0" timeout="0" aborted="0" inconclusive="0" passedButRunAborted="0" notRunnable="0" notExecuted="0" disconnected="0" warning="0" completed="0" inProgress="0" pending="0" />
  </ResultSummary>
  <TestDefinitions>
    <UnitTest name="CreateProductColorTest" storage="c:\users\louis\documents\school\ucsd\cse136\cse136_vs2010_solution\daltest\bin\debug\daltest.dll" id="6b18c41e-9b98-699a-6cd9-609e14952373">
      <Execution id="f97e8d32-a474-4aee-bb8c-2c0999c7a28c" />
      <TestMethod codeBase="C:/Users/Louis/Documents/School/UCSD/cse136/cse136_vs2010_solution/DALTest/bin/Debug/DALTest.DLL" adapterTypeName="Microsoft.VisualStudio.TestTools.TestTypes.Unit.UnitTestAdapter, Microsoft.VisualStudio.QualityTools.Tips.UnitTest.Adapter, Version=10.0.0.0, Culture=neutral, PublicKeyToken=b03f5f7f11d50a3a" className="DALTest.DALProductColorTest, DALTest, Version=1.0.0.0, Culture=neutral, PublicKeyToken=null" name="CreateProductColorTest" />
    </UnitTest>
  </TestDefinitions>
  <TestLists>
    <TestList name="Results Not in a List" id="8c84fa94-04c1-424b-9868-57a2d4851a1d" />
    <TestList name="All Loaded Results" id="19431567-8539-422a-85d7-44ee4e166bda" />
  </TestLists>
  <TestEntries>
    <TestEntry testId="6b18c41e-9b98-699a-6cd9-609e14952373" executionId="f97e8d32-a474-4aee-bb8c-2c0999c7a28c" testListId="8c84fa94-04c1-424b-9868-57a2d4851a1d" />
  </TestEntries>
  <Results>
    <UnitTestResult executionId="f97e8d32-a474-4aee-bb8c-2c0999c7a28c" testId="6b18c41e-9b98-699a-6cd9-609e14952373" testName="CreateProductColorTest" computerName="LOUIS-HP" duration="00:00:00.0494140" startTime="2012-08-23T11:40:14.4172798-07:00" endTime="2012-08-23T11:40:14.9874891-07:00" testType="13cdc9d9-ddb5-4fa4-a97d-d965ccfc6d4b" outcome="Passed" testListId="8c84fa94-04c1-424b-9868-57a2d4851a1d" relativeResultsDirectory="f97e8d32-a474-4aee-bb8c-2c0999c7a28c">
    </UnitTestResult>
  </Results>
</TestRun>