<?xml version="1.0" encoding="UTF-8"?>
<TestRun id="66f04947-d3f9-4d01-b1e9-79582f2677e4" name="Louis@LOUIS-HP 2012-08-23 11:41:29" runUser="Louis-HP\Louis" xmlns="http://microsoft.com/schemas/VisualStudio/TeamTest/2010">
  <TestSettings name="Local" id="53e514f0-4a59-4535-81eb-4649f33ffbf9">
    <Description>These are default test settings for a local test run.</Description>
    <Deployment enabled="false" runDeploymentRoot="Louis_LOUIS-HP 2012-08-23 11_41_29">
      <DeploymentItem filename="C:\Users\Louis\Documents\School\UCSD\cse136\cse136_vs2010_solution\cse136\bin\Debug\cse136.dll" />
      <DeploymentItem filename="C:\Users\Louis\Documents\School\UCSD\cse136\cse136_vs2010_solution\DomainModel\bin\Debug\DomainModel.dll" />
    </Deployment>
    <Execution>
      <TestTypeSpecific />
      <AgentRule name="Execution Agents">
      </AgentRule>
    </Execution>
  </TestSettings>
  <Times creation="2012-08-23T11:41:29.2762463-07:00" queuing="2012-08-23T11:41:29.3702517-07:00" start="2012-08-23T11:41:29.3802522-07:00" finish="2012-08-23T11:41:29.9942874-07:00" />
  <ResultSummary outcome="Failed">
    <Counters total="1" executed="1" error="0" failed="1" timeout="0" aborted="0" inconclusive="0" passedButRunAborted="0" notRunnable="0" notExecuted="0" disconnected="0" warning="0" passed="0" completed="0" inProgress="0" pending="0" />
  </ResultSummary>
  <TestDefinitions>
    <UnitTest name="CreateProductTypeTest" storage="c:\users\louis\documents\school\ucsd\cse136\cse136_vs2010_solution\daltest\bin\debug\daltest.dll" id="38819b2b-c49c-ae4c-8ed9-952641081eaf">
      <Execution id="b9ebc01b-a17a-43c4-9156-4b597ef55dcb" />
      <TestMethod codeBase="C:/Users/Louis/Documents/School/UCSD/cse136/cse136_vs2010_solution/DALTest/bin/Debug/DALTest.DLL" adapterTypeName="Microsoft.VisualStudio.TestTools.TestTypes.Unit.UnitTestAdapter, Microsoft.VisualStudio.QualityTools.Tips.UnitTest.Adapter, Version=10.0.0.0, Culture=neutral, PublicKeyToken=b03f5f7f11d50a3a" className="DALTest.DALTypeTest, DALTest, Version=1.0.0.0, Culture=neutral, PublicKeyToken=null" name="CreateProductTypeTest" />
    </UnitTest>
  </TestDefinitions>
  <TestLists>
    <TestList name="Results Not in a List" id="8c84fa94-04c1-424b-9868-57a2d4851a1d" />
    <TestList name="All Loaded Results" id="19431567-8539-422a-85d7-44ee4e166bda" />
  </TestLists>
  <TestEntries>
    <TestEntry testId="38819b2b-c49c-ae4c-8ed9-952641081eaf" executionId="b9ebc01b-a17a-43c4-9156-4b597ef55dcb" testListId="8c84fa94-04c1-424b-9868-57a2d4851a1d" />
  </TestEntries>
  <Results>
    <UnitTestResult executionId="b9ebc01b-a17a-43c4-9156-4b597ef55dcb" testId="38819b2b-c49c-ae4c-8ed9-952641081eaf" testName="CreateProductTypeTest" computerName="LOUIS-HP" duration="00:00:00.0748149" startTime="2012-08-23T11:41:29.3862526-07:00" endTime="2012-08-23T11:41:29.9252834-07:00" testType="13cdc9d9-ddb5-4fa4-a97d-d965ccfc6d4b" outcome="Failed" testListId="8c84fa94-04c1-424b-9868-57a2d4851a1d" relativeResultsDirectory="b9ebc01b-a17a-43c4-9156-4b597ef55dcb">
      <Output>
        <ErrorInfo>
          <Message>Assert.AreEqual failed. Expected:&lt;extremely hot sweater 1615&gt;. Actual:&lt;extremely hot sweater 1304&gt;. </Message>
          <StackTrace>   at DALTest.DALTypeTest.CreateProductTypeTest() in C:\Users\Louis\Documents\School\UCSD\cse136\cse136_vs2010_solution\DALTest\DALTypeTest.cs:line 86
</StackTrace>
        </ErrorInfo>
      </Output>
    </UnitTestResult>
  </Results>
</TestRun>