<?xml version="1.0" encoding="UTF-8"?>
<TestRun id="509e2e91-1d6b-4d51-95c1-89716c6466ea" name="Louis@LOUIS-HP 2012-08-27 15:24:47" runUser="Louis-HP\Louis" xmlns="http://microsoft.com/schemas/VisualStudio/TeamTest/2010">
  <TestSettings name="Local" id="53e514f0-4a59-4535-81eb-4649f33ffbf9">
    <Description>These are default test settings for a local test run.</Description>
    <Deployment enabled="false" runDeploymentRoot="Louis_LOUIS-HP 2012-08-27 15_24_47">
      <DeploymentItem filename="C:\Users\Louis\Documents\School\UCSD\cse136\cse136_vs2010_solution\cse136\bin\Debug\cse136.dll" />
      <DeploymentItem filename="C:\Users\Louis\Documents\School\UCSD\cse136\cse136_vs2010_solution\DomainModel\bin\Debug\DomainModel.dll" />
      <DeploymentItem filename="C:\Users\Louis\Documents\School\UCSD\cse136\cse136_vs2010_solution\BL\bin\Debug\BL.dll" />
    </Deployment>
    <Execution>
      <TestTypeSpecific />
      <AgentRule name="Execution Agents">
      </AgentRule>
    </Execution>
  </TestSettings>
  <Times creation="2012-08-27T15:24:47.4698154-07:00" queuing="2012-08-27T15:24:47.6808275-07:00" start="2012-08-27T15:24:47.6928282-07:00" finish="2012-08-27T15:24:48.3858678-07:00" />
  <ResultSummary outcome="Completed">
    <Counters total="7" executed="7" passed="7" error="0" failed="0" timeout="0" aborted="0" inconclusive="0" passedButRunAborted="0" notRunnable="0" notExecuted="0" disconnected="0" warning="0" completed="0" inProgress="0" pending="0" />
  </ResultSummary>
  <TestDefinitions>
    <UnitTest name="DeleteProductVariationInfoTest" storage="c:\users\louis\documents\school\ucsd\cse136\cse136_vs2010_solution\bltest\bin\debug\bltest.dll" id="51e7e7bf-6ccc-542c-0d91-d03ec1c8332e">
      <Execution id="5a06d6ea-3af6-44e2-a528-ae55950ef973" />
      <TestMethod codeBase="C:/Users/Louis/Documents/School/UCSD/cse136/cse136_vs2010_solution/BLTest/bin/Debug/BLTest.DLL" adapterTypeName="Microsoft.VisualStudio.TestTools.TestTypes.Unit.UnitTestAdapter, Microsoft.VisualStudio.QualityTools.Tips.UnitTest.Adapter, Version=10.0.0.0, Culture=neutral, PublicKeyToken=b03f5f7f11d50a3a" className="BLTest.BLProductVariationTest, BLTest, Version=1.0.0.0, Culture=neutral, PublicKeyToken=null" name="DeleteProductVariationInfoTest" />
    </UnitTest>
    <UnitTest name="UpdateProductVariationInfoTest" storage="c:\users\louis\documents\school\ucsd\cse136\cse136_vs2010_solution\bltest\bin\debug\bltest.dll" id="17a47e80-72b2-0437-6c34-884341a72cbe">
      <Execution id="1983e6ec-d598-486a-a95f-6c5c95662c30" />
      <TestMethod codeBase="C:/Users/Louis/Documents/School/UCSD/cse136/cse136_vs2010_solution/BLTest/bin/Debug/BLTest.DLL" adapterTypeName="Microsoft.VisualStudio.TestTools.TestTypes.Unit.UnitTestAdapter, Microsoft.VisualStudio.QualityTools.Tips.UnitTest.Adapter, Version=10.0.0.0, Culture=neutral, PublicKeyToken=b03f5f7f11d50a3a" className="BLTest.BLProductVariationTest, BLTest, Version=1.0.0.0, Culture=neutral, PublicKeyToken=null" name="UpdateProductVariationInfoTest" />
    </UnitTest>
    <UnitTest name="ProductVariationReadErrorTest" storage="c:\users\louis\documents\school\ucsd\cse136\cse136_vs2010_solution\bltest\bin\debug\bltest.dll" id="769129ee-601e-ba5f-360d-d3013c602f01">
      <Execution id="badc41bc-ff37-4180-8992-558e3808e0a2" />
      <TestMethod codeBase="C:/Users/Louis/Documents/School/UCSD/cse136/cse136_vs2010_solution/BLTest/bin/Debug/BLTest.DLL" adapterTypeName="Microsoft.VisualStudio.TestTools.TestTypes.Unit.UnitTestAdapter, Microsoft.VisualStudio.QualityTools.Tips.UnitTest.Adapter, Version=10.0.0.0, Culture=neutral, PublicKeyToken=b03f5f7f11d50a3a" className="BLTest.BLProductVariationTest, BLTest, Version=1.0.0.0, Culture=neutral, PublicKeyToken=null" name="ProductVariationReadErrorTest" />
    </UnitTest>
    <UnitTest name="CreatePVTest" storage="c:\users\louis\documents\school\ucsd\cse136\cse136_vs2010_solution\bltest\bin\debug\bltest.dll" id="32befc5b-2805-679f-e132-a2c900e50a08">
      <Execution id="2fcf498f-1dd9-48cd-bf3d-5067f679db0e" />
      <TestMethod codeBase="C:/Users/Louis/Documents/School/UCSD/cse136/cse136_vs2010_solution/BLTest/bin/Debug/BLTest.DLL" adapterTypeName="Microsoft.VisualStudio.TestTools.TestTypes.Unit.UnitTestAdapter, Microsoft.VisualStudio.QualityTools.Tips.UnitTest.Adapter, Version=10.0.0.0, Culture=neutral, PublicKeyToken=b03f5f7f11d50a3a" className="BLTest.BLProductVariationTest, BLTest, Version=1.0.0.0, Culture=neutral, PublicKeyToken=null" name="CreatePVTest" />
    </UnitTest>
    <UnitTest name="CreateProductVariationErrorTest" storage="c:\users\louis\documents\school\ucsd\cse136\cse136_vs2010_solution\bltest\bin\debug\bltest.dll" id="2c820968-7c91-03d3-a299-ef437a4adae9">
      <Execution id="f4ff35c3-a9c3-4d12-9e9a-78804fdb20a0" />
      <TestMethod codeBase="C:/Users/Louis/Documents/School/UCSD/cse136/cse136_vs2010_solution/BLTest/bin/Debug/BLTest.DLL" adapterTypeName="Microsoft.VisualStudio.TestTools.TestTypes.Unit.UnitTestAdapter, Microsoft.VisualStudio.QualityTools.Tips.UnitTest.Adapter, Version=10.0.0.0, Culture=neutral, PublicKeyToken=b03f5f7f11d50a3a" className="BLTest.BLProductVariationTest, BLTest, Version=1.0.0.0, Culture=neutral, PublicKeyToken=null" name="CreateProductVariationErrorTest" />
    </UnitTest>
    <UnitTest name="ProductVariationUpdateErrorTest" storage="c:\users\louis\documents\school\ucsd\cse136\cse136_vs2010_solution\bltest\bin\debug\bltest.dll" id="8ddb55d2-cc76-8371-0cab-349758d0faba">
      <Execution id="af28e588-e822-4fb1-9b6b-2ff20117b0c9" />
      <TestMethod codeBase="C:/Users/Louis/Documents/School/UCSD/cse136/cse136_vs2010_solution/BLTest/bin/Debug/BLTest.DLL" adapterTypeName="Microsoft.VisualStudio.TestTools.TestTypes.Unit.UnitTestAdapter, Microsoft.VisualStudio.QualityTools.Tips.UnitTest.Adapter, Version=10.0.0.0, Culture=neutral, PublicKeyToken=b03f5f7f11d50a3a" className="BLTest.BLProductVariationTest, BLTest, Version=1.0.0.0, Culture=neutral, PublicKeyToken=null" name="ProductVariationUpdateErrorTest" />
    </UnitTest>
    <UnitTest name="ReadAllPVTest" storage="c:\users\louis\documents\school\ucsd\cse136\cse136_vs2010_solution\bltest\bin\debug\bltest.dll" id="83def0be-13ed-eb0c-cf34-39cb5d72d47e">
      <Execution id="6b6bd1aa-ea1a-4b20-8844-a4599a0b9974" />
      <TestMethod codeBase="C:/Users/Louis/Documents/School/UCSD/cse136/cse136_vs2010_solution/BLTest/bin/Debug/BLTest.DLL" adapterTypeName="Microsoft.VisualStudio.TestTools.TestTypes.Unit.UnitTestAdapter, Microsoft.VisualStudio.QualityTools.Tips.UnitTest.Adapter, Version=10.0.0.0, Culture=neutral, PublicKeyToken=b03f5f7f11d50a3a" className="BLTest.BLProductVariationTest, BLTest, Version=1.0.0.0, Culture=neutral, PublicKeyToken=null" name="ReadAllPVTest" />
    </UnitTest>
  </TestDefinitions>
  <TestLists>
    <TestList name="Results Not in a List" id="8c84fa94-04c1-424b-9868-57a2d4851a1d" />
    <TestList name="All Loaded Results" id="19431567-8539-422a-85d7-44ee4e166bda" />
  </TestLists>
  <TestEntries>
    <TestEntry testId="17a47e80-72b2-0437-6c34-884341a72cbe" executionId="1983e6ec-d598-486a-a95f-6c5c95662c30" testListId="8c84fa94-04c1-424b-9868-57a2d4851a1d" />
    <TestEntry testId="2c820968-7c91-03d3-a299-ef437a4adae9" executionId="f4ff35c3-a9c3-4d12-9e9a-78804fdb20a0" testListId="8c84fa94-04c1-424b-9868-57a2d4851a1d" />
    <TestEntry testId="32befc5b-2805-679f-e132-a2c900e50a08" executionId="2fcf498f-1dd9-48cd-bf3d-5067f679db0e" testListId="8c84fa94-04c1-424b-9868-57a2d4851a1d" />
    <TestEntry testId="51e7e7bf-6ccc-542c-0d91-d03ec1c8332e" executionId="5a06d6ea-3af6-44e2-a528-ae55950ef973" testListId="8c84fa94-04c1-424b-9868-57a2d4851a1d" />
    <TestEntry testId="769129ee-601e-ba5f-360d-d3013c602f01" executionId="badc41bc-ff37-4180-8992-558e3808e0a2" testListId="8c84fa94-04c1-424b-9868-57a2d4851a1d" />
    <TestEntry testId="83def0be-13ed-eb0c-cf34-39cb5d72d47e" executionId="6b6bd1aa-ea1a-4b20-8844-a4599a0b9974" testListId="8c84fa94-04c1-424b-9868-57a2d4851a1d" />
    <TestEntry testId="8ddb55d2-cc76-8371-0cab-349758d0faba" executionId="af28e588-e822-4fb1-9b6b-2ff20117b0c9" testListId="8c84fa94-04c1-424b-9868-57a2d4851a1d" />
  </TestEntries>
  <Results>
    <UnitTestResult executionId="1983e6ec-d598-486a-a95f-6c5c95662c30" testId="17a47e80-72b2-0437-6c34-884341a72cbe" testName="UpdateProductVariationInfoTest" computerName="LOUIS-HP" duration="00:00:00.0817523" startTime="2012-08-27T15:24:47.7338305-07:00" endTime="2012-08-27T15:24:48.2218584-07:00" testType="13cdc9d9-ddb5-4fa4-a97d-d965ccfc6d4b" outcome="Passed" testListId="8c84fa94-04c1-424b-9868-57a2d4851a1d" relativeResultsDirectory="1983e6ec-d598-486a-a95f-6c5c95662c30">
    </UnitTestResult>
    <UnitTestResult executionId="f4ff35c3-a9c3-4d12-9e9a-78804fdb20a0" testId="2c820968-7c91-03d3-a299-ef437a4adae9" testName="CreateProductVariationErrorTest" computerName="LOUIS-HP" duration="00:00:00.0195423" startTime="2012-08-27T15:24:48.2258586-07:00" endTime="2012-08-27T15:24:48.2518601-07:00" testType="13cdc9d9-ddb5-4fa4-a97d-d965ccfc6d4b" outcome="Passed" testListId="8c84fa94-04c1-424b-9868-57a2d4851a1d" relativeResultsDirectory="f4ff35c3-a9c3-4d12-9e9a-78804fdb20a0">
      <Output>
        <DebugTrace>THIS IS THE PID:37
THIS IS THE ERROR:Invalid product_id
THIS IS THE ERROR:Invalid product_brand_id
THIS IS THE ERROR:Invalid product_cutting_id
THIS IS THE ERROR:Invalid product_color_id
THIS IS THE ERROR:Invalid sex
THIS IS THE ERROR:Invalid size
THIS IS THE ERROR:Invalid stock
THIS IS THE ERROR:Invalid price
THIS IS THE ERROR:Invalid condition
</DebugTrace>
      </Output>
    </UnitTestResult>
    <UnitTestResult executionId="2fcf498f-1dd9-48cd-bf3d-5067f679db0e" testId="32befc5b-2805-679f-e132-a2c900e50a08" testName="CreatePVTest" computerName="LOUIS-HP" duration="00:00:00.0171497" startTime="2012-08-27T15:24:48.2548603-07:00" endTime="2012-08-27T15:24:48.2768616-07:00" testType="13cdc9d9-ddb5-4fa4-a97d-d965ccfc6d4b" outcome="Passed" testListId="8c84fa94-04c1-424b-9868-57a2d4851a1d" relativeResultsDirectory="2fcf498f-1dd9-48cd-bf3d-5067f679db0e">
      <Output>
        <DebugTrace>THIS IS THE PID:1
RESULT:111
RESULT:1
RESULT:1
RESULT:1
RESULT:1
RESULT:1
RESULT:M
RESULT:L
RESULT:1
RESULT:1
RESULT:a
</DebugTrace>
      </Output>
    </UnitTestResult>
    <UnitTestResult executionId="5a06d6ea-3af6-44e2-a528-ae55950ef973" testId="51e7e7bf-6ccc-542c-0d91-d03ec1c8332e" testName="DeleteProductVariationInfoTest" computerName="LOUIS-HP" duration="00:00:00.0193121" startTime="2012-08-27T15:24:48.2808618-07:00" endTime="2012-08-27T15:24:48.3048632-07:00" testType="13cdc9d9-ddb5-4fa4-a97d-d965ccfc6d4b" outcome="Passed" testListId="8c84fa94-04c1-424b-9868-57a2d4851a1d" relativeResultsDirectory="5a06d6ea-3af6-44e2-a528-ae55950ef973">
      <Output>
        <DebugTrace>THIS IS THE PID:1
THIS IS THE ID: 112
</DebugTrace>
      </Output>
    </UnitTestResult>
    <UnitTestResult executionId="badc41bc-ff37-4180-8992-558e3808e0a2" testId="769129ee-601e-ba5f-360d-d3013c602f01" testName="ProductVariationReadErrorTest" computerName="LOUIS-HP" duration="00:00:00.0082274" startTime="2012-08-27T15:24:48.3088634-07:00" endTime="2012-08-27T15:24:48.3218641-07:00" testType="13cdc9d9-ddb5-4fa4-a97d-d965ccfc6d4b" outcome="Passed" testListId="8c84fa94-04c1-424b-9868-57a2d4851a1d" relativeResultsDirectory="badc41bc-ff37-4180-8992-558e3808e0a2">
      <Output>
        <DebugTrace>REACHED here is the id: 113
THIS IS THE ERROR: Invalid product variation id
REACHED here is the id: -1
THIS IS THE ERROR: Invalid product variation id
THIS IS THE ERROR: Invalid product variation id
</DebugTrace>
      </Output>
    </UnitTestResult>
    <UnitTestResult executionId="6b6bd1aa-ea1a-4b20-8844-a4599a0b9974" testId="83def0be-13ed-eb0c-cf34-39cb5d72d47e" testName="ReadAllPVTest" computerName="LOUIS-HP" duration="00:00:00.0095242" startTime="2012-08-27T15:24:48.3248643-07:00" endTime="2012-08-27T15:24:48.3388651-07:00" testType="13cdc9d9-ddb5-4fa4-a97d-d965ccfc6d4b" outcome="Passed" testListId="8c84fa94-04c1-424b-9868-57a2d4851a1d" relativeResultsDirectory="6b6bd1aa-ea1a-4b20-8844-a4599a0b9974">
    </UnitTestResult>
    <UnitTestResult executionId="af28e588-e822-4fb1-9b6b-2ff20117b0c9" testId="8ddb55d2-cc76-8371-0cab-349758d0faba" testName="ProductVariationUpdateErrorTest" computerName="LOUIS-HP" duration="00:00:00.0081587" startTime="2012-08-27T15:24:48.3428653-07:00" endTime="2012-08-27T15:24:48.3558661-07:00" testType="13cdc9d9-ddb5-4fa4-a97d-d965ccfc6d4b" outcome="Passed" testListId="8c84fa94-04c1-424b-9868-57a2d4851a1d" relativeResultsDirectory="af28e588-e822-4fb1-9b6b-2ff20117b0c9">
    </UnitTestResult>
  </Results>
</TestRun>