<?xml version="1.0" encoding="UTF-8"?>
<TestRun id="ec5516b7-622c-4931-82ab-6b3a548ac135" name="Louis@LOUIS-HP 2012-08-23 14:52:44" runUser="Louis-HP\Louis" xmlns="http://microsoft.com/schemas/VisualStudio/TeamTest/2010">
  <TestSettings name="Local" id="53e514f0-4a59-4535-81eb-4649f33ffbf9">
    <Description>These are default test settings for a local test run.</Description>
    <Deployment enabled="false" runDeploymentRoot="Louis_LOUIS-HP 2012-08-23 14_52_44">
      <DeploymentItem filename="C:\Users\Louis\Documents\School\UCSD\cse136\cse136_vs2010_solution\cse136\bin\Debug\cse136.dll" />
      <DeploymentItem filename="C:\Users\Louis\Documents\School\UCSD\cse136\cse136_vs2010_solution\DomainModel\bin\Debug\DomainModel.dll" />
    </Deployment>
    <Execution>
      <TestTypeSpecific />
      <AgentRule name="Execution Agents">
      </AgentRule>
    </Execution>
  </TestSettings>
  <Times creation="2012-08-23T14:52:44.1895294-07:00" queuing="2012-08-23T14:52:44.7991548-07:00" start="2012-08-23T14:52:44.8771549-07:00" finish="2012-08-23T14:52:45.7419888-07:00" />
  <ResultSummary outcome="Failed">
    <Counters total="1" executed="1" error="0" failed="1" timeout="0" aborted="0" inconclusive="0" passedButRunAborted="0" notRunnable="0" notExecuted="0" disconnected="0" warning="0" passed="0" completed="0" inProgress="0" pending="0" />
  </ResultSummary>
  <TestDefinitions>
    <UnitTest name="ReadAllPVTest" storage="c:\users\louis\documents\school\ucsd\cse136\cse136_vs2010_solution\daltest\bin\debug\daltest.dll" id="39a2e8d3-569e-2be2-3617-2b697cf73be3">
      <Execution id="4ff8baa4-a3f8-408b-9411-9129fb31ad75" />
      <TestMethod codeBase="C:/Users/Louis/Documents/School/UCSD/cse136/cse136_vs2010_solution/DALTest/bin/Debug/DALTest.DLL" adapterTypeName="Microsoft.VisualStudio.TestTools.TestTypes.Unit.UnitTestAdapter, Microsoft.VisualStudio.QualityTools.Tips.UnitTest.Adapter, Version=10.0.0.0, Culture=neutral, PublicKeyToken=b03f5f7f11d50a3a" className="DALTest.DALProductVariationInfoTest, DALTest, Version=1.0.0.0, Culture=neutral, PublicKeyToken=null" name="ReadAllPVTest" />
    </UnitTest>
  </TestDefinitions>
  <TestLists>
    <TestList name="Results Not in a List" id="8c84fa94-04c1-424b-9868-57a2d4851a1d" />
    <TestList name="All Loaded Results" id="19431567-8539-422a-85d7-44ee4e166bda" />
  </TestLists>
  <TestEntries>
    <TestEntry testId="39a2e8d3-569e-2be2-3617-2b697cf73be3" executionId="4ff8baa4-a3f8-408b-9411-9129fb31ad75" testListId="8c84fa94-04c1-424b-9868-57a2d4851a1d" />
  </TestEntries>
  <Results>
    <UnitTestResult executionId="4ff8baa4-a3f8-408b-9411-9129fb31ad75" testId="39a2e8d3-569e-2be2-3617-2b697cf73be3" testName="ReadAllPVTest" computerName="LOUIS-HP" duration="00:00:00.1447406" startTime="2012-08-23T14:52:44.8927549-07:00" endTime="2012-08-23T14:52:45.6139815-07:00" testType="13cdc9d9-ddb5-4fa4-a97d-d965ccfc6d4b" outcome="Failed" testListId="8c84fa94-04c1-424b-9868-57a2d4851a1d" relativeResultsDirectory="4ff8baa4-a3f8-408b-9411-9129fb31ad75">
      <Output>
        <ErrorInfo>
          <Message>Assert.AreEqual failed. Expected:&lt;DomainModel.ProductVariationInfo&gt;. Actual:&lt;DomainModel.ProductVariationInfo&gt;. </Message>
          <StackTrace>   at DALTest.DALProductVariationInfoTest.ReadAllPVTest() in C:\Users\Louis\Documents\School\UCSD\cse136\cse136_vs2010_solution\DALTest\DALProductVariationInfoTest.cs:line 120
</StackTrace>
        </ErrorInfo>
      </Output>
    </UnitTestResult>
  </Results>
</TestRun>