<?xml version="1.0" encoding="UTF-8"?>
<TestRun id="87237ebf-8b82-43cc-a028-541ce1648a6f" name="Louis@LOUIS-HP 2012-08-20 22:49:53" runUser="Louis-HP\Louis" xmlns="http://microsoft.com/schemas/VisualStudio/TeamTest/2010">
  <TestSettings name="Local" id="53e514f0-4a59-4535-81eb-4649f33ffbf9">
    <Description>These are default test settings for a local test run.</Description>
    <Deployment enabled="false" runDeploymentRoot="Louis_LOUIS-HP 2012-08-20 22_49_53">
      <DeploymentItem filename="C:\Users\Louis\Documents\School\UCSD\cse136\cse136_vs2010_solution\cse136\bin\Debug\cse136.dll" />
      <DeploymentItem filename="C:\Users\Louis\Documents\School\UCSD\cse136\cse136_vs2010_solution\DomainModel\bin\Debug\DomainModel.dll" />
      <DeploymentItem filename="C:\Users\Louis\Documents\School\UCSD\cse136\cse136_vs2010_solution\BL\bin\Debug\BL.dll" />
    </Deployment>
    <Execution>
      <TestTypeSpecific />
      <AgentRule name="Execution Agents">
      </AgentRule>
    </Execution>
  </TestSettings>
  <Times creation="2012-08-20T22:49:53.0329211-07:00" queuing="2012-08-20T22:49:54.8490250-07:00" start="2012-08-20T22:49:54.9390302-07:00" finish="2012-08-20T22:49:55.5510652-07:00" />
  <ResultSummary outcome="Failed">
    <Counters total="4" executed="4" error="0" failed="4" timeout="0" aborted="0" inconclusive="0" passedButRunAborted="0" notRunnable="0" notExecuted="0" disconnected="0" warning="0" passed="0" completed="0" inProgress="0" pending="0" />
  </ResultSummary>
  <TestDefinitions>
    <UnitTest name="DeleteStudentErrorTest" storage="c:\users\louis\documents\school\ucsd\cse136\cse136_vs2010_solution\bltest\bin\debug\bltest.dll" id="b302d921-d0e4-a47c-2d48-9be6995b507a">
      <Execution id="0a9cc457-b8fc-42c5-a752-f211d8236fe1" />
      <TestMethod codeBase="C:/Users/Louis/Documents/School/UCSD/cse136/cse136_vs2010_solution/BLTest/bin/Debug/BLTest.DLL" adapterTypeName="Microsoft.VisualStudio.TestTools.TestTypes.Unit.UnitTestAdapter, Microsoft.VisualStudio.QualityTools.Tips.UnitTest.Adapter, Version=10.0.0.0, Culture=neutral, PublicKeyToken=b03f5f7f11d50a3a" className="BLTest.BLStudentTest, BLTest, Version=1.0.0.0, Culture=neutral, PublicKeyToken=null" name="DeleteStudentErrorTest" />
    </UnitTest>
    <UnitTest name="StudentErrorTest" storage="c:\users\louis\documents\school\ucsd\cse136\cse136_vs2010_solution\bltest\bin\debug\bltest.dll" id="4494ef7f-8e1c-e659-6020-d0d54840f25a">
      <Execution id="3950e4a2-2fea-4eab-8ab3-769ceae05100" />
      <TestMethod codeBase="C:/Users/Louis/Documents/School/UCSD/cse136/cse136_vs2010_solution/BLTest/bin/Debug/BLTest.DLL" adapterTypeName="Microsoft.VisualStudio.TestTools.TestTypes.Unit.UnitTestAdapter, Microsoft.VisualStudio.QualityTools.Tips.UnitTest.Adapter, Version=10.0.0.0, Culture=neutral, PublicKeyToken=b03f5f7f11d50a3a" className="BLTest.BLStudentTest, BLTest, Version=1.0.0.0, Culture=neutral, PublicKeyToken=null" name="StudentErrorTest" />
    </UnitTest>
    <UnitTest name="InsertStudentErrorTest" storage="c:\users\louis\documents\school\ucsd\cse136\cse136_vs2010_solution\bltest\bin\debug\bltest.dll" id="27414cce-b0c9-6911-0d93-0b5cbb4de1d6">
      <Execution id="a4ef0c63-7c20-449f-b7a1-abf2aea635c7" />
      <TestMethod codeBase="C:/Users/Louis/Documents/School/UCSD/cse136/cse136_vs2010_solution/BLTest/bin/Debug/BLTest.DLL" adapterTypeName="Microsoft.VisualStudio.TestTools.TestTypes.Unit.UnitTestAdapter, Microsoft.VisualStudio.QualityTools.Tips.UnitTest.Adapter, Version=10.0.0.0, Culture=neutral, PublicKeyToken=b03f5f7f11d50a3a" className="BLTest.BLStudentTest, BLTest, Version=1.0.0.0, Culture=neutral, PublicKeyToken=null" name="InsertStudentErrorTest" />
    </UnitTest>
    <UnitTest name="StudentInsertAndSelectTest" storage="c:\users\louis\documents\school\ucsd\cse136\cse136_vs2010_solution\bltest\bin\debug\bltest.dll" id="b45d1266-5bf1-9771-b554-dfed2bcf9dcb">
      <Execution id="68063fbf-ba4c-4133-8b5f-ffe4610b8376" />
      <TestMethod codeBase="C:/Users/Louis/Documents/School/UCSD/cse136/cse136_vs2010_solution/BLTest/bin/Debug/BLTest.DLL" adapterTypeName="Microsoft.VisualStudio.TestTools.TestTypes.Unit.UnitTestAdapter, Microsoft.VisualStudio.QualityTools.Tips.UnitTest.Adapter, Version=10.0.0.0, Culture=neutral, PublicKeyToken=b03f5f7f11d50a3a" className="BLTest.BLStudentTest, BLTest, Version=1.0.0.0, Culture=neutral, PublicKeyToken=null" name="StudentInsertAndSelectTest" />
    </UnitTest>
  </TestDefinitions>
  <TestLists>
    <TestList name="Results Not in a List" id="8c84fa94-04c1-424b-9868-57a2d4851a1d" />
    <TestList name="All Loaded Results" id="19431567-8539-422a-85d7-44ee4e166bda" />
  </TestLists>
  <TestEntries>
    <TestEntry testId="27414cce-b0c9-6911-0d93-0b5cbb4de1d6" executionId="a4ef0c63-7c20-449f-b7a1-abf2aea635c7" testListId="8c84fa94-04c1-424b-9868-57a2d4851a1d" />
    <TestEntry testId="4494ef7f-8e1c-e659-6020-d0d54840f25a" executionId="3950e4a2-2fea-4eab-8ab3-769ceae05100" testListId="8c84fa94-04c1-424b-9868-57a2d4851a1d" />
    <TestEntry testId="b302d921-d0e4-a47c-2d48-9be6995b507a" executionId="0a9cc457-b8fc-42c5-a752-f211d8236fe1" testListId="8c84fa94-04c1-424b-9868-57a2d4851a1d" />
    <TestEntry testId="b45d1266-5bf1-9771-b554-dfed2bcf9dcb" executionId="68063fbf-ba4c-4133-8b5f-ffe4610b8376" testListId="8c84fa94-04c1-424b-9868-57a2d4851a1d" />
  </TestEntries>
  <Results>
    <UnitTestResult executionId="a4ef0c63-7c20-449f-b7a1-abf2aea635c7" testId="27414cce-b0c9-6911-0d93-0b5cbb4de1d6" testName="InsertStudentErrorTest" computerName="LOUIS-HP" duration="00:00:00.0616210" startTime="2012-08-20T22:49:54.9600314-07:00" endTime="2012-08-20T22:49:55.4650603-07:00" testType="13cdc9d9-ddb5-4fa4-a97d-d965ccfc6d4b" outcome="Failed" testListId="8c84fa94-04c1-424b-9868-57a2d4851a1d" relativeResultsDirectory="a4ef0c63-7c20-449f-b7a1-abf2aea635c7">
      <Output>
        <ErrorInfo>
          <Message>Test method BLTest.BLStudentTest.InsertStudentErrorTest threw exception: 
System.TypeLoadException: Could not load type 'DAL.DALStudent' from assembly 'cse136, Version=1.0.0.0, Culture=neutral, PublicKeyToken=null'.</Message>
          <StackTrace>    at BL.BLStudent.InsertStudent(Student student, List`1&amp; errors)
   at BLTest.BLStudentTest.InsertStudentErrorTest() in C:\Users\Louis\Documents\School\UCSD\cse136\cse136_vs2010_solution\BLTest\BLStudentTest.cs:line 69
</StackTrace>
        </ErrorInfo>
      </Output>
    </UnitTestResult>
    <UnitTestResult executionId="3950e4a2-2fea-4eab-8ab3-769ceae05100" testId="4494ef7f-8e1c-e659-6020-d0d54840f25a" testName="StudentErrorTest" computerName="LOUIS-HP" duration="00:00:00.0029088" startTime="2012-08-20T22:49:55.4770609-07:00" endTime="2012-08-20T22:49:55.4860615-07:00" testType="13cdc9d9-ddb5-4fa4-a97d-d965ccfc6d4b" outcome="Failed" testListId="8c84fa94-04c1-424b-9868-57a2d4851a1d" relativeResultsDirectory="3950e4a2-2fea-4eab-8ab3-769ceae05100">
      <Output>
        <ErrorInfo>
          <Message>Test method BLTest.BLStudentTest.StudentErrorTest threw exception: 
System.TypeLoadException: Could not load type 'DAL.DALStudent' from assembly 'cse136, Version=1.0.0.0, Culture=neutral, PublicKeyToken=null'.</Message>
          <StackTrace>    at BL.BLStudent.GetStudent(String id, List`1&amp; errors)
   at BLTest.BLStudentTest.StudentErrorTest() in C:\Users\Louis\Documents\School\UCSD\cse136\cse136_vs2010_solution\BLTest\BLStudentTest.cs:line 85
</StackTrace>
        </ErrorInfo>
      </Output>
    </UnitTestResult>
    <UnitTestResult executionId="0a9cc457-b8fc-42c5-a752-f211d8236fe1" testId="b302d921-d0e4-a47c-2d48-9be6995b507a" testName="DeleteStudentErrorTest" computerName="LOUIS-HP" duration="00:00:00.0030186" startTime="2012-08-20T22:49:55.4890616-07:00" endTime="2012-08-20T22:49:55.4960620-07:00" testType="13cdc9d9-ddb5-4fa4-a97d-d965ccfc6d4b" outcome="Failed" testListId="8c84fa94-04c1-424b-9868-57a2d4851a1d" relativeResultsDirectory="0a9cc457-b8fc-42c5-a752-f211d8236fe1">
      <Output>
        <ErrorInfo>
          <Message>Test method BLTest.BLStudentTest.DeleteStudentErrorTest threw exception: 
System.TypeLoadException: Could not load type 'DAL.DALStudent' from assembly 'cse136, Version=1.0.0.0, Culture=neutral, PublicKeyToken=null'.</Message>
          <StackTrace>    at BL.BLStudent.DeleteStudent(String id, List`1&amp; errors)
   at BLTest.BLStudentTest.DeleteStudentErrorTest() in C:\Users\Louis\Documents\School\UCSD\cse136\cse136_vs2010_solution\BLTest\BLStudentTest.cs:line 94
</StackTrace>
        </ErrorInfo>
      </Output>
    </UnitTestResult>
    <UnitTestResult executionId="68063fbf-ba4c-4133-8b5f-ffe4610b8376" testId="b45d1266-5bf1-9771-b554-dfed2bcf9dcb" testName="StudentInsertAndSelectTest" computerName="LOUIS-HP" duration="00:00:00.0053425" startTime="2012-08-20T22:49:55.5000623-07:00" endTime="2012-08-20T22:49:55.5130630-07:00" testType="13cdc9d9-ddb5-4fa4-a97d-d965ccfc6d4b" outcome="Failed" testListId="8c84fa94-04c1-424b-9868-57a2d4851a1d" relativeResultsDirectory="68063fbf-ba4c-4133-8b5f-ffe4610b8376">
      <Output>
        <ErrorInfo>
          <Message>Test method BLTest.BLStudentTest.StudentInsertAndSelectTest threw exception: 
System.TypeLoadException: Could not load type 'DAL.DALStudent' from assembly 'cse136, Version=1.0.0.0, Culture=neutral, PublicKeyToken=null'.</Message>
          <StackTrace>    at BL.BLStudent.InsertStudent(Student student, List`1&amp; errors)
   at BLTest.BLStudentTest.StudentInsertAndSelectTest() in C:\Users\Louis\Documents\School\UCSD\cse136\cse136_vs2010_solution\BLTest\BLStudentTest.cs:line 111
</StackTrace>
        </ErrorInfo>
      </Output>
    </UnitTestResult>
  </Results>
</TestRun>