<?xml version="1.0" encoding="UTF-8"?>
<TestRun id="471e72c4-bcd0-432a-b104-523150f60493" name="Louis@LOUIS-HP 2012-08-27 15:43:47" runUser="Louis-HP\Louis" xmlns="http://microsoft.com/schemas/VisualStudio/TeamTest/2010">
  <TestSettings name="Local" id="53e514f0-4a59-4535-81eb-4649f33ffbf9">
    <Description>These are default test settings for a local test run.</Description>
    <Deployment enabled="false" runDeploymentRoot="Louis_LOUIS-HP 2012-08-27 15_43_47">
      <DeploymentItem filename="C:\Users\Louis\Documents\School\UCSD\cse136\cse136_vs2010_solution\cse136\bin\Debug\cse136.dll" />
      <DeploymentItem filename="C:\Users\Louis\Documents\School\UCSD\cse136\cse136_vs2010_solution\DomainModel\bin\Debug\DomainModel.dll" />
      <DeploymentItem filename="C:\Users\Louis\Documents\School\UCSD\cse136\cse136_vs2010_solution\BL\bin\Debug\BL.dll" />
      <DeploymentItem filename="C:\Users\Louis\Documents\School\UCSD\cse136\cse136_vs2010_solution\MVC3\bin\MVC3.dll" />
    </Deployment>
    <Execution>
      <TestTypeSpecific />
      <AgentRule name="Execution Agents">
      </AgentRule>
    </Execution>
  </TestSettings>
  <Times creation="2012-08-27T15:43:47.5430239-07:00" queuing="2012-08-27T15:43:47.7650366-07:00" start="2012-08-27T15:43:47.7920381-07:00" finish="2012-08-27T15:43:50.8132109-07:00" />
  <ResultSummary outcome="Failed">
    <Counters total="64" executed="64" passed="58" error="0" failed="6" timeout="0" aborted="0" inconclusive="0" passedButRunAborted="0" notRunnable="0" notExecuted="0" disconnected="0" warning="0" completed="0" inProgress="0" pending="0" />
  </ResultSummary>
  <TestDefinitions>
    <UnitTest name="BrandUpdateErrorTest" storage="c:\users\louis\documents\school\ucsd\cse136\cse136_vs2010_solution\bltest\bin\debug\bltest.dll" id="e838b5ac-738c-c97e-c3d6-f1fb0daa2370">
      <Execution id="386d635e-2224-4432-a196-66614da13c74" />
      <TestMethod codeBase="C:/Users/Louis/Documents/School/UCSD/cse136/cse136_vs2010_solution/BLTest/bin/Debug/BLTest.DLL" adapterTypeName="Microsoft.VisualStudio.TestTools.TestTypes.Unit.UnitTestAdapter, Microsoft.VisualStudio.QualityTools.Tips.UnitTest.Adapter, Version=10.0.0.0, Culture=neutral, PublicKeyToken=b03f5f7f11d50a3a" className="BLTest.BLBrandTest, BLTest, Version=1.0.0.0, Culture=neutral, PublicKeyToken=null" name="BrandUpdateErrorTest" />
    </UnitTest>
    <UnitTest name="CreateProductTypeNullErrorTest" storage="c:\users\louis\documents\school\ucsd\cse136\cse136_vs2010_solution\bltest\bin\debug\bltest.dll" id="7c829374-b2b7-a64c-0106-8a1c527f9eee">
      <Execution id="210f0099-c9fe-4263-b774-a2edbd5264d5" />
      <TestMethod codeBase="C:/Users/Louis/Documents/School/UCSD/cse136/cse136_vs2010_solution/BLTest/bin/Debug/BLTest.DLL" adapterTypeName="Microsoft.VisualStudio.TestTools.TestTypes.Unit.UnitTestAdapter, Microsoft.VisualStudio.QualityTools.Tips.UnitTest.Adapter, Version=10.0.0.0, Culture=neutral, PublicKeyToken=b03f5f7f11d50a3a" className="BLTest.BLProductTypeTest, BLTest, Version=1.0.0.0, Culture=neutral, PublicKeyToken=null" name="CreateProductTypeNullErrorTest" />
    </UnitTest>
    <UnitTest name="CreateProductColorTest" storage="c:\users\louis\documents\school\ucsd\cse136\cse136_vs2010_solution\daltest\bin\debug\daltest.dll" id="6b18c41e-9b98-699a-6cd9-609e14952373">
      <Execution id="28c18da2-0b42-4263-899f-f4bbe10d5587" />
      <TestMethod codeBase="C:/Users/Louis/Documents/School/UCSD/cse136/cse136_vs2010_solution/DALTest/bin/Debug/DALTest.DLL" adapterTypeName="Microsoft.VisualStudio.TestTools.TestTypes.Unit.UnitTestAdapter, Microsoft.VisualStudio.QualityTools.Tips.UnitTest.Adapter, Version=10.0.0.0, Culture=neutral, PublicKeyToken=b03f5f7f11d50a3a" className="DALTest.DALProductColorTest, DALTest, Version=1.0.0.0, Culture=neutral, PublicKeyToken=null" name="CreateProductColorTest" />
    </UnitTest>
    <UnitTest name="CreateProductCuttingNullErrorTest" storage="c:\users\louis\documents\school\ucsd\cse136\cse136_vs2010_solution\bltest\bin\debug\bltest.dll" id="bdcd5694-6f47-8e9c-4f0a-b5a3d00cbbdc">
      <Execution id="3f029637-e925-4dba-aab8-c50fc682813f" />
      <TestMethod codeBase="C:/Users/Louis/Documents/School/UCSD/cse136/cse136_vs2010_solution/BLTest/bin/Debug/BLTest.DLL" adapterTypeName="Microsoft.VisualStudio.TestTools.TestTypes.Unit.UnitTestAdapter, Microsoft.VisualStudio.QualityTools.Tips.UnitTest.Adapter, Version=10.0.0.0, Culture=neutral, PublicKeyToken=b03f5f7f11d50a3a" className="BLTest.BLProductCuttingTest, BLTest, Version=1.0.0.0, Culture=neutral, PublicKeyToken=null" name="CreateProductCuttingNullErrorTest" />
    </UnitTest>
    <UnitTest name="CreateBrandTest" storage="c:\users\louis\documents\school\ucsd\cse136\cse136_vs2010_solution\bltest\bin\debug\bltest.dll" id="f7826c58-01e2-4c82-f47f-08228e891502">
      <Execution id="e59e8ca1-f357-43bd-913f-b623273cdcbc" />
      <TestMethod codeBase="C:/Users/Louis/Documents/School/UCSD/cse136/cse136_vs2010_solution/BLTest/bin/Debug/BLTest.DLL" adapterTypeName="Microsoft.VisualStudio.TestTools.TestTypes.Unit.UnitTestAdapter, Microsoft.VisualStudio.QualityTools.Tips.UnitTest.Adapter, Version=10.0.0.0, Culture=neutral, PublicKeyToken=b03f5f7f11d50a3a" className="BLTest.BLBrandTest, BLTest, Version=1.0.0.0, Culture=neutral, PublicKeyToken=null" name="CreateBrandTest" />
    </UnitTest>
    <UnitTest name="CreateProductTest" storage="c:\users\louis\documents\school\ucsd\cse136\cse136_vs2010_solution\bltest\bin\debug\bltest.dll" id="a5af5316-0907-aef9-72aa-1e7958fc3974">
      <Execution id="8cecc005-4f78-4389-b9ff-9e11921bfd4d" />
      <TestMethod codeBase="C:/Users/Louis/Documents/School/UCSD/cse136/cse136_vs2010_solution/BLTest/bin/Debug/BLTest.DLL" adapterTypeName="Microsoft.VisualStudio.TestTools.TestTypes.Unit.UnitTestAdapter, Microsoft.VisualStudio.QualityTools.Tips.UnitTest.Adapter, Version=10.0.0.0, Culture=neutral, PublicKeyToken=b03f5f7f11d50a3a" className="BLTest.BLProductTest, BLTest, Version=1.0.0.0, Culture=neutral, PublicKeyToken=null" name="CreateProductTest" />
    </UnitTest>
    <UnitTest name="UpdateProductTypeTest" storage="c:\users\louis\documents\school\ucsd\cse136\cse136_vs2010_solution\bltest\bin\debug\bltest.dll" id="749e2125-91f3-366c-3cc9-5d757c5d89fc">
      <Execution id="824bbb92-6b0b-495c-9e15-421336b59f66" />
      <TestMethod codeBase="C:/Users/Louis/Documents/School/UCSD/cse136/cse136_vs2010_solution/BLTest/bin/Debug/BLTest.DLL" adapterTypeName="Microsoft.VisualStudio.TestTools.TestTypes.Unit.UnitTestAdapter, Microsoft.VisualStudio.QualityTools.Tips.UnitTest.Adapter, Version=10.0.0.0, Culture=neutral, PublicKeyToken=b03f5f7f11d50a3a" className="BLTest.BLProductTypeTest, BLTest, Version=1.0.0.0, Culture=neutral, PublicKeyToken=null" name="UpdateProductTypeTest" />
    </UnitTest>
    <UnitTest name="ReadAllPVTest" storage="c:\users\louis\documents\school\ucsd\cse136\cse136_vs2010_solution\daltest\bin\debug\daltest.dll" id="39a2e8d3-569e-2be2-3617-2b697cf73be3">
      <Execution id="ad8d96c9-6e83-4737-8b5f-75b0a054a207" />
      <TestMethod codeBase="C:/Users/Louis/Documents/School/UCSD/cse136/cse136_vs2010_solution/DALTest/bin/Debug/DALTest.DLL" adapterTypeName="Microsoft.VisualStudio.TestTools.TestTypes.Unit.UnitTestAdapter, Microsoft.VisualStudio.QualityTools.Tips.UnitTest.Adapter, Version=10.0.0.0, Culture=neutral, PublicKeyToken=b03f5f7f11d50a3a" className="DALTest.DALProductVariationInfoTest, DALTest, Version=1.0.0.0, Culture=neutral, PublicKeyToken=null" name="ReadAllPVTest" />
    </UnitTest>
    <UnitTest name="UpdateProductTypeTest" storage="c:\users\louis\documents\school\ucsd\cse136\cse136_vs2010_solution\daltest\bin\debug\daltest.dll" id="54e7777a-c6ad-8aae-0fca-0734abbb2233">
      <Execution id="48e2d9f4-0bfb-4c7b-8864-f62600799e31" />
      <TestMethod codeBase="C:/Users/Louis/Documents/School/UCSD/cse136/cse136_vs2010_solution/DALTest/bin/Debug/DALTest.DLL" adapterTypeName="Microsoft.VisualStudio.TestTools.TestTypes.Unit.UnitTestAdapter, Microsoft.VisualStudio.QualityTools.Tips.UnitTest.Adapter, Version=10.0.0.0, Culture=neutral, PublicKeyToken=b03f5f7f11d50a3a" className="DALTest.DALTypeTest, DALTest, Version=1.0.0.0, Culture=neutral, PublicKeyToken=null" name="UpdateProductTypeTest" />
    </UnitTest>
    <UnitTest name="CreatePVTest" storage="c:\users\louis\documents\school\ucsd\cse136\cse136_vs2010_solution\bltest\bin\debug\bltest.dll" id="32befc5b-2805-679f-e132-a2c900e50a08">
      <Execution id="4a31e653-09a3-4037-8cce-d19476e8ede3" />
      <TestMethod codeBase="C:/Users/Louis/Documents/School/UCSD/cse136/cse136_vs2010_solution/BLTest/bin/Debug/BLTest.DLL" adapterTypeName="Microsoft.VisualStudio.TestTools.TestTypes.Unit.UnitTestAdapter, Microsoft.VisualStudio.QualityTools.Tips.UnitTest.Adapter, Version=10.0.0.0, Culture=neutral, PublicKeyToken=b03f5f7f11d50a3a" className="BLTest.BLProductVariationTest, BLTest, Version=1.0.0.0, Culture=neutral, PublicKeyToken=null" name="CreatePVTest" />
    </UnitTest>
    <UnitTest name="ProductCuttingUpdateErrorTest" storage="c:\users\louis\documents\school\ucsd\cse136\cse136_vs2010_solution\bltest\bin\debug\bltest.dll" id="2de277d9-37a5-c97d-c930-1d6c85ec007a">
      <Execution id="be6b16b0-3ff5-4ff3-aecd-323649e5dc12" />
      <TestMethod codeBase="C:/Users/Louis/Documents/School/UCSD/cse136/cse136_vs2010_solution/BLTest/bin/Debug/BLTest.DLL" adapterTypeName="Microsoft.VisualStudio.TestTools.TestTypes.Unit.UnitTestAdapter, Microsoft.VisualStudio.QualityTools.Tips.UnitTest.Adapter, Version=10.0.0.0, Culture=neutral, PublicKeyToken=b03f5f7f11d50a3a" className="BLTest.BLProductCuttingTest, BLTest, Version=1.0.0.0, Culture=neutral, PublicKeyToken=null" name="ProductCuttingUpdateErrorTest" />
    </UnitTest>
    <UnitTest name="CreateProductTypeTest" storage="c:\users\louis\documents\school\ucsd\cse136\cse136_vs2010_solution\daltest\bin\debug\daltest.dll" id="38819b2b-c49c-ae4c-8ed9-952641081eaf">
      <Execution id="1d0543ee-4319-4a8a-ad9e-3d78dbfd7795" />
      <TestMethod codeBase="C:/Users/Louis/Documents/School/UCSD/cse136/cse136_vs2010_solution/DALTest/bin/Debug/DALTest.DLL" adapterTypeName="Microsoft.VisualStudio.TestTools.TestTypes.Unit.UnitTestAdapter, Microsoft.VisualStudio.QualityTools.Tips.UnitTest.Adapter, Version=10.0.0.0, Culture=neutral, PublicKeyToken=b03f5f7f11d50a3a" className="DALTest.DALTypeTest, DALTest, Version=1.0.0.0, Culture=neutral, PublicKeyToken=null" name="CreateProductTypeTest" />
    </UnitTest>
    <UnitTest name="UpdateProductVariationInfoTest" storage="c:\users\louis\documents\school\ucsd\cse136\cse136_vs2010_solution\bltest\bin\debug\bltest.dll" id="17a47e80-72b2-0437-6c34-884341a72cbe">
      <Execution id="0cc76b2e-af01-47ea-84c7-3d4f6a316159" />
      <TestMethod codeBase="C:/Users/Louis/Documents/School/UCSD/cse136/cse136_vs2010_solution/BLTest/bin/Debug/BLTest.DLL" adapterTypeName="Microsoft.VisualStudio.TestTools.TestTypes.Unit.UnitTestAdapter, Microsoft.VisualStudio.QualityTools.Tips.UnitTest.Adapter, Version=10.0.0.0, Culture=neutral, PublicKeyToken=b03f5f7f11d50a3a" className="BLTest.BLProductVariationTest, BLTest, Version=1.0.0.0, Culture=neutral, PublicKeyToken=null" name="UpdateProductVariationInfoTest" />
    </UnitTest>
    <UnitTest name="CreateProductColorErrorTest" storage="c:\users\louis\documents\school\ucsd\cse136\cse136_vs2010_solution\bltest\bin\debug\bltest.dll" id="1381d89d-e61a-d0f1-323e-009145c998cd">
      <Execution id="d7bc47d9-2b4f-4df1-bff6-b44200659f1c" />
      <TestMethod codeBase="C:/Users/Louis/Documents/School/UCSD/cse136/cse136_vs2010_solution/BLTest/bin/Debug/BLTest.DLL" adapterTypeName="Microsoft.VisualStudio.TestTools.TestTypes.Unit.UnitTestAdapter, Microsoft.VisualStudio.QualityTools.Tips.UnitTest.Adapter, Version=10.0.0.0, Culture=neutral, PublicKeyToken=b03f5f7f11d50a3a" className="BLTest.BLProductColorTest, BLTest, Version=1.0.0.0, Culture=neutral, PublicKeyToken=null" name="CreateProductColorErrorTest" />
    </UnitTest>
    <UnitTest name="CreateProductColorNullErrorTest" storage="c:\users\louis\documents\school\ucsd\cse136\cse136_vs2010_solution\bltest\bin\debug\bltest.dll" id="72a23555-32b2-8606-9cd7-3ffb7f93b94d">
      <Execution id="ec083a96-5e30-451a-ac75-d0df1d36825a" />
      <TestMethod codeBase="C:/Users/Louis/Documents/School/UCSD/cse136/cse136_vs2010_solution/BLTest/bin/Debug/BLTest.DLL" adapterTypeName="Microsoft.VisualStudio.TestTools.TestTypes.Unit.UnitTestAdapter, Microsoft.VisualStudio.QualityTools.Tips.UnitTest.Adapter, Version=10.0.0.0, Culture=neutral, PublicKeyToken=b03f5f7f11d50a3a" className="BLTest.BLProductColorTest, BLTest, Version=1.0.0.0, Culture=neutral, PublicKeyToken=null" name="CreateProductColorNullErrorTest" />
    </UnitTest>
    <UnitTest name="ProductCuttingReadErrorTest" storage="c:\users\louis\documents\school\ucsd\cse136\cse136_vs2010_solution\bltest\bin\debug\bltest.dll" id="b22f890b-2fb2-8bc9-6072-6c13741d1a72">
      <Execution id="9bc1e312-090b-44e6-ad24-f61e8fa718bf" />
      <TestMethod codeBase="C:/Users/Louis/Documents/School/UCSD/cse136/cse136_vs2010_solution/BLTest/bin/Debug/BLTest.DLL" adapterTypeName="Microsoft.VisualStudio.TestTools.TestTypes.Unit.UnitTestAdapter, Microsoft.VisualStudio.QualityTools.Tips.UnitTest.Adapter, Version=10.0.0.0, Culture=neutral, PublicKeyToken=b03f5f7f11d50a3a" className="BLTest.BLProductCuttingTest, BLTest, Version=1.0.0.0, Culture=neutral, PublicKeyToken=null" name="ProductCuttingReadErrorTest" />
    </UnitTest>
    <UnitTest name="CreatePVTest" storage="c:\users\louis\documents\school\ucsd\cse136\cse136_vs2010_solution\daltest\bin\debug\daltest.dll" id="c76098cd-5f49-f576-d094-a3b9b8dc9118">
      <Execution id="881996ec-2206-4828-8508-80e6fcdeafc8" />
      <TestMethod codeBase="C:/Users/Louis/Documents/School/UCSD/cse136/cse136_vs2010_solution/DALTest/bin/Debug/DALTest.DLL" adapterTypeName="Microsoft.VisualStudio.TestTools.TestTypes.Unit.UnitTestAdapter, Microsoft.VisualStudio.QualityTools.Tips.UnitTest.Adapter, Version=10.0.0.0, Culture=neutral, PublicKeyToken=b03f5f7f11d50a3a" className="DALTest.DALProductVariationInfoTest, DALTest, Version=1.0.0.0, Culture=neutral, PublicKeyToken=null" name="CreatePVTest" />
    </UnitTest>
    <UnitTest name="UpdateProductCuttingTest" storage="c:\users\louis\documents\school\ucsd\cse136\cse136_vs2010_solution\daltest\bin\debug\daltest.dll" id="df90cdea-c5c0-d0c6-d7f1-abca45aafb69">
      <Execution id="fb7700e7-5166-4d41-9aca-fc436bc64c29" />
      <TestMethod codeBase="C:/Users/Louis/Documents/School/UCSD/cse136/cse136_vs2010_solution/DALTest/bin/Debug/DALTest.DLL" adapterTypeName="Microsoft.VisualStudio.TestTools.TestTypes.Unit.UnitTestAdapter, Microsoft.VisualStudio.QualityTools.Tips.UnitTest.Adapter, Version=10.0.0.0, Culture=neutral, PublicKeyToken=b03f5f7f11d50a3a" className="DALTest.DALProductCuttingTest, DALTest, Version=1.0.0.0, Culture=neutral, PublicKeyToken=null" name="UpdateProductCuttingTest" />
    </UnitTest>
    <UnitTest name="UpdateProductBrandTest" storage="c:\users\louis\documents\school\ucsd\cse136\cse136_vs2010_solution\daltest\bin\debug\daltest.dll" id="ddbc9751-ea78-3907-b0dd-bbebacabbc90">
      <Execution id="4d1268b4-b9cb-417b-9510-4c7cf497c52e" />
      <TestMethod codeBase="C:/Users/Louis/Documents/School/UCSD/cse136/cse136_vs2010_solution/DALTest/bin/Debug/DALTest.DLL" adapterTypeName="Microsoft.VisualStudio.TestTools.TestTypes.Unit.UnitTestAdapter, Microsoft.VisualStudio.QualityTools.Tips.UnitTest.Adapter, Version=10.0.0.0, Culture=neutral, PublicKeyToken=b03f5f7f11d50a3a" className="DALTest.DALBrandTest, DALTest, Version=1.0.0.0, Culture=neutral, PublicKeyToken=null" name="UpdateProductBrandTest" />
    </UnitTest>
    <UnitTest name="ProductVariationDeleteErrorTest" storage="c:\users\louis\documents\school\ucsd\cse136\cse136_vs2010_solution\bltest\bin\debug\bltest.dll" id="a7d7b29b-200e-e950-acdb-f74fb0c8329a">
      <Execution id="7c8a919d-f4cb-49f5-a564-888e733e61b2" />
      <TestMethod codeBase="C:/Users/Louis/Documents/School/UCSD/cse136/cse136_vs2010_solution/BLTest/bin/Debug/BLTest.DLL" adapterTypeName="Microsoft.VisualStudio.TestTools.TestTypes.Unit.UnitTestAdapter, Microsoft.VisualStudio.QualityTools.Tips.UnitTest.Adapter, Version=10.0.0.0, Culture=neutral, PublicKeyToken=b03f5f7f11d50a3a" className="BLTest.BLProductVariationTest, BLTest, Version=1.0.0.0, Culture=neutral, PublicKeyToken=null" name="ProductVariationDeleteErrorTest" />
    </UnitTest>
    <UnitTest name="CreateProductCuttingTest" storage="c:\users\louis\documents\school\ucsd\cse136\cse136_vs2010_solution\daltest\bin\debug\daltest.dll" id="4ee29c4c-716b-1b25-cc47-e7d557e9b20f">
      <Execution id="62b7d446-7eaf-482f-9236-24776470e12f" />
      <TestMethod codeBase="C:/Users/Louis/Documents/School/UCSD/cse136/cse136_vs2010_solution/DALTest/bin/Debug/DALTest.DLL" adapterTypeName="Microsoft.VisualStudio.TestTools.TestTypes.Unit.UnitTestAdapter, Microsoft.VisualStudio.QualityTools.Tips.UnitTest.Adapter, Version=10.0.0.0, Culture=neutral, PublicKeyToken=b03f5f7f11d50a3a" className="DALTest.DALProductCuttingTest, DALTest, Version=1.0.0.0, Culture=neutral, PublicKeyToken=null" name="CreateProductCuttingTest" />
    </UnitTest>
    <UnitTest name="CreateProductColorTest" storage="c:\users\louis\documents\school\ucsd\cse136\cse136_vs2010_solution\bltest\bin\debug\bltest.dll" id="306047c5-8044-ee12-21be-5249fd0ab8bc">
      <Execution id="8ec6f03c-6839-4887-b2fd-d1b4cc28b9f6" />
      <TestMethod codeBase="C:/Users/Louis/Documents/School/UCSD/cse136/cse136_vs2010_solution/BLTest/bin/Debug/BLTest.DLL" adapterTypeName="Microsoft.VisualStudio.TestTools.TestTypes.Unit.UnitTestAdapter, Microsoft.VisualStudio.QualityTools.Tips.UnitTest.Adapter, Version=10.0.0.0, Culture=neutral, PublicKeyToken=b03f5f7f11d50a3a" className="BLTest.BLProductColorTest, BLTest, Version=1.0.0.0, Culture=neutral, PublicKeyToken=null" name="CreateProductColorTest" />
    </UnitTest>
    <UnitTest name="CreateProductErrorTest" storage="c:\users\louis\documents\school\ucsd\cse136\cse136_vs2010_solution\bltest\bin\debug\bltest.dll" id="4984de8b-0f11-84fe-96e4-b08c00e8db25">
      <Execution id="9735f996-4008-423b-9a68-c26b500a0969" />
      <TestMethod codeBase="C:/Users/Louis/Documents/School/UCSD/cse136/cse136_vs2010_solution/BLTest/bin/Debug/BLTest.DLL" adapterTypeName="Microsoft.VisualStudio.TestTools.TestTypes.Unit.UnitTestAdapter, Microsoft.VisualStudio.QualityTools.Tips.UnitTest.Adapter, Version=10.0.0.0, Culture=neutral, PublicKeyToken=b03f5f7f11d50a3a" className="BLTest.BLProductTest, BLTest, Version=1.0.0.0, Culture=neutral, PublicKeyToken=null" name="CreateProductErrorTest" />
    </UnitTest>
    <UnitTest name="ReadAllProductTest" storage="c:\users\louis\documents\school\ucsd\cse136\cse136_vs2010_solution\daltest\bin\debug\daltest.dll" id="39ec5642-081d-ef93-52a6-7125803da287">
      <Execution id="4c10b724-a73c-44cf-a4e6-016bfc53f2e1" />
      <TestMethod codeBase="C:/Users/Louis/Documents/School/UCSD/cse136/cse136_vs2010_solution/DALTest/bin/Debug/DALTest.DLL" adapterTypeName="Microsoft.VisualStudio.TestTools.TestTypes.Unit.UnitTestAdapter, Microsoft.VisualStudio.QualityTools.Tips.UnitTest.Adapter, Version=10.0.0.0, Culture=neutral, PublicKeyToken=b03f5f7f11d50a3a" className="DALTest.DALProductTest, DALTest, Version=1.0.0.0, Culture=neutral, PublicKeyToken=null" name="ReadAllProductTest" />
    </UnitTest>
    <UnitTest name="ProductColorUpdateErrorTest" storage="c:\users\louis\documents\school\ucsd\cse136\cse136_vs2010_solution\bltest\bin\debug\bltest.dll" id="9cf39b8e-04c2-b861-736b-953b0b495874">
      <Execution id="987ca2a3-e490-4bf9-b34b-40eb533e4b6d" />
      <TestMethod codeBase="C:/Users/Louis/Documents/School/UCSD/cse136/cse136_vs2010_solution/BLTest/bin/Debug/BLTest.DLL" adapterTypeName="Microsoft.VisualStudio.TestTools.TestTypes.Unit.UnitTestAdapter, Microsoft.VisualStudio.QualityTools.Tips.UnitTest.Adapter, Version=10.0.0.0, Culture=neutral, PublicKeyToken=b03f5f7f11d50a3a" className="BLTest.BLProductColorTest, BLTest, Version=1.0.0.0, Culture=neutral, PublicKeyToken=null" name="ProductColorUpdateErrorTest" />
    </UnitTest>
    <UnitTest name="CreateProductCuttingErrorTest" storage="c:\users\louis\documents\school\ucsd\cse136\cse136_vs2010_solution\bltest\bin\debug\bltest.dll" id="906cdd9a-e41c-b869-1786-a4ffe476ad69">
      <Execution id="efe1d721-515a-4ddf-9db1-b9ab574aa475" />
      <TestMethod codeBase="C:/Users/Louis/Documents/School/UCSD/cse136/cse136_vs2010_solution/BLTest/bin/Debug/BLTest.DLL" adapterTypeName="Microsoft.VisualStudio.TestTools.TestTypes.Unit.UnitTestAdapter, Microsoft.VisualStudio.QualityTools.Tips.UnitTest.Adapter, Version=10.0.0.0, Culture=neutral, PublicKeyToken=b03f5f7f11d50a3a" className="BLTest.BLProductCuttingTest, BLTest, Version=1.0.0.0, Culture=neutral, PublicKeyToken=null" name="CreateProductCuttingErrorTest" />
    </UnitTest>
    <UnitTest name="ReadAllProductTest" storage="c:\users\louis\documents\school\ucsd\cse136\cse136_vs2010_solution\bltest\bin\debug\bltest.dll" id="0a828938-db60-83a2-bc54-b0d9d2623a89">
      <Execution id="771e0a70-e076-42da-bae7-3297d296fa77" />
      <TestMethod codeBase="C:/Users/Louis/Documents/School/UCSD/cse136/cse136_vs2010_solution/BLTest/bin/Debug/BLTest.DLL" adapterTypeName="Microsoft.VisualStudio.TestTools.TestTypes.Unit.UnitTestAdapter, Microsoft.VisualStudio.QualityTools.Tips.UnitTest.Adapter, Version=10.0.0.0, Culture=neutral, PublicKeyToken=b03f5f7f11d50a3a" className="BLTest.BLProductTest, BLTest, Version=1.0.0.0, Culture=neutral, PublicKeyToken=null" name="ReadAllProductTest" />
    </UnitTest>
    <UnitTest name="DeleteProductVariationInfoTest" storage="c:\users\louis\documents\school\ucsd\cse136\cse136_vs2010_solution\daltest\bin\debug\daltest.dll" id="52df322f-98b6-4e57-d285-dc4d7f1b9314">
      <Execution id="6e3df394-6199-4dc0-870c-2cda53d1ed87" />
      <TestMethod codeBase="C:/Users/Louis/Documents/School/UCSD/cse136/cse136_vs2010_solution/DALTest/bin/Debug/DALTest.DLL" adapterTypeName="Microsoft.VisualStudio.TestTools.TestTypes.Unit.UnitTestAdapter, Microsoft.VisualStudio.QualityTools.Tips.UnitTest.Adapter, Version=10.0.0.0, Culture=neutral, PublicKeyToken=b03f5f7f11d50a3a" className="DALTest.DALProductVariationInfoTest, DALTest, Version=1.0.0.0, Culture=neutral, PublicKeyToken=null" name="DeleteProductVariationInfoTest" />
    </UnitTest>
    <UnitTest name="ProductUpdateErrorTest" storage="c:\users\louis\documents\school\ucsd\cse136\cse136_vs2010_solution\bltest\bin\debug\bltest.dll" id="c6b026e9-3960-4229-9874-a43b265d5ac5">
      <Execution id="c741eb10-55cd-4b77-bb1b-90d3fc94155a" />
      <TestMethod codeBase="C:/Users/Louis/Documents/School/UCSD/cse136/cse136_vs2010_solution/BLTest/bin/Debug/BLTest.DLL" adapterTypeName="Microsoft.VisualStudio.TestTools.TestTypes.Unit.UnitTestAdapter, Microsoft.VisualStudio.QualityTools.Tips.UnitTest.Adapter, Version=10.0.0.0, Culture=neutral, PublicKeyToken=b03f5f7f11d50a3a" className="BLTest.BLProductTest, BLTest, Version=1.0.0.0, Culture=neutral, PublicKeyToken=null" name="ProductUpdateErrorTest" />
    </UnitTest>
    <UnitTest name="CreateStudentTest" storage="c:\users\louis\documents\school\ucsd\cse136\cse136_vs2010_solution\mvc3.tests\bin\debug\mvc3.tests.dll" id="0a9faab6-c2ff-6cfa-e314-2f6d98eb74e4">
      <Execution id="9485a899-91dc-4f18-aeab-26a2712df75c" />
      <TestMethod codeBase="C:/Users/Louis/Documents/School/UCSD/cse136/cse136_vs2010_solution/MVC3.Tests/bin/Debug/MVC3.Tests.DLL" adapterTypeName="Microsoft.VisualStudio.TestTools.TestTypes.Unit.UnitTestAdapter, Microsoft.VisualStudio.QualityTools.Tips.UnitTest.Adapter, Version=10.0.0.0, Culture=neutral, PublicKeyToken=b03f5f7f11d50a3a" className="MVC3.Tests.Controllers.StudentControllerTest, MVC3.Tests, Version=1.0.0.0, Culture=neutral, PublicKeyToken=null" name="CreateStudentTest" />
    </UnitTest>
    <UnitTest name="CreateBrandNullErrorTest" storage="c:\users\louis\documents\school\ucsd\cse136\cse136_vs2010_solution\bltest\bin\debug\bltest.dll" id="1f1e50dc-302d-5d54-d1b6-de3ac7cc0579">
      <Execution id="bdb7084b-f899-478f-95c5-999f7b5b5be5" />
      <TestMethod codeBase="C:/Users/Louis/Documents/School/UCSD/cse136/cse136_vs2010_solution/BLTest/bin/Debug/BLTest.DLL" adapterTypeName="Microsoft.VisualStudio.TestTools.TestTypes.Unit.UnitTestAdapter, Microsoft.VisualStudio.QualityTools.Tips.UnitTest.Adapter, Version=10.0.0.0, Culture=neutral, PublicKeyToken=b03f5f7f11d50a3a" className="BLTest.BLBrandTest, BLTest, Version=1.0.0.0, Culture=neutral, PublicKeyToken=null" name="CreateBrandNullErrorTest" />
    </UnitTest>
    <UnitTest name="CreateBrandErrorTest" storage="c:\users\louis\documents\school\ucsd\cse136\cse136_vs2010_solution\bltest\bin\debug\bltest.dll" id="8440b3dd-4629-ecb3-bea3-283361475284">
      <Execution id="443f0893-b10b-4f91-9a3e-b32618018d68" />
      <TestMethod codeBase="C:/Users/Louis/Documents/School/UCSD/cse136/cse136_vs2010_solution/BLTest/bin/Debug/BLTest.DLL" adapterTypeName="Microsoft.VisualStudio.TestTools.TestTypes.Unit.UnitTestAdapter, Microsoft.VisualStudio.QualityTools.Tips.UnitTest.Adapter, Version=10.0.0.0, Culture=neutral, PublicKeyToken=b03f5f7f11d50a3a" className="BLTest.BLBrandTest, BLTest, Version=1.0.0.0, Culture=neutral, PublicKeyToken=null" name="CreateBrandErrorTest" />
    </UnitTest>
    <UnitTest name="ReadAllProductTypeTest" storage="c:\users\louis\documents\school\ucsd\cse136\cse136_vs2010_solution\bltest\bin\debug\bltest.dll" id="527f0874-7efa-38fb-4cdb-7845b6fdc52f">
      <Execution id="fca5bfac-8a05-462f-8a63-8e02625af0c0" />
      <TestMethod codeBase="C:/Users/Louis/Documents/School/UCSD/cse136/cse136_vs2010_solution/BLTest/bin/Debug/BLTest.DLL" adapterTypeName="Microsoft.VisualStudio.TestTools.TestTypes.Unit.UnitTestAdapter, Microsoft.VisualStudio.QualityTools.Tips.UnitTest.Adapter, Version=10.0.0.0, Culture=neutral, PublicKeyToken=b03f5f7f11d50a3a" className="BLTest.BLProductTypeTest, BLTest, Version=1.0.0.0, Culture=neutral, PublicKeyToken=null" name="ReadAllProductTypeTest" />
    </UnitTest>
    <UnitTest name="ProductTypeReadErrorTest" storage="c:\users\louis\documents\school\ucsd\cse136\cse136_vs2010_solution\bltest\bin\debug\bltest.dll" id="87cd62b0-6032-0378-4d78-97f7b2cf2151">
      <Execution id="394af75e-5597-4d6c-b1ab-867ef2562c71" />
      <TestMethod codeBase="C:/Users/Louis/Documents/School/UCSD/cse136/cse136_vs2010_solution/BLTest/bin/Debug/BLTest.DLL" adapterTypeName="Microsoft.VisualStudio.TestTools.TestTypes.Unit.UnitTestAdapter, Microsoft.VisualStudio.QualityTools.Tips.UnitTest.Adapter, Version=10.0.0.0, Culture=neutral, PublicKeyToken=b03f5f7f11d50a3a" className="BLTest.BLProductTypeTest, BLTest, Version=1.0.0.0, Culture=neutral, PublicKeyToken=null" name="ProductTypeReadErrorTest" />
    </UnitTest>
    <UnitTest name="ProductVariationUpdateErrorTest" storage="c:\users\louis\documents\school\ucsd\cse136\cse136_vs2010_solution\bltest\bin\debug\bltest.dll" id="8ddb55d2-cc76-8371-0cab-349758d0faba">
      <Execution id="0c64c52a-3f68-4419-86b4-7ef23298d0fd" />
      <TestMethod codeBase="C:/Users/Louis/Documents/School/UCSD/cse136/cse136_vs2010_solution/BLTest/bin/Debug/BLTest.DLL" adapterTypeName="Microsoft.VisualStudio.TestTools.TestTypes.Unit.UnitTestAdapter, Microsoft.VisualStudio.QualityTools.Tips.UnitTest.Adapter, Version=10.0.0.0, Culture=neutral, PublicKeyToken=b03f5f7f11d50a3a" className="BLTest.BLProductVariationTest, BLTest, Version=1.0.0.0, Culture=neutral, PublicKeyToken=null" name="ProductVariationUpdateErrorTest" />
    </UnitTest>
    <UnitTest name="UpdateProductColorTest" storage="c:\users\louis\documents\school\ucsd\cse136\cse136_vs2010_solution\daltest\bin\debug\daltest.dll" id="02a0d96a-b36f-259d-191b-5b35b5a8f08e">
      <Execution id="1720e969-7a94-4712-ba5b-57e524471555" />
      <TestMethod codeBase="C:/Users/Louis/Documents/School/UCSD/cse136/cse136_vs2010_solution/DALTest/bin/Debug/DALTest.DLL" adapterTypeName="Microsoft.VisualStudio.TestTools.TestTypes.Unit.UnitTestAdapter, Microsoft.VisualStudio.QualityTools.Tips.UnitTest.Adapter, Version=10.0.0.0, Culture=neutral, PublicKeyToken=b03f5f7f11d50a3a" className="DALTest.DALProductColorTest, DALTest, Version=1.0.0.0, Culture=neutral, PublicKeyToken=null" name="UpdateProductColorTest" />
    </UnitTest>
    <UnitTest name="UpdateProductCuttingTest" storage="c:\users\louis\documents\school\ucsd\cse136\cse136_vs2010_solution\bltest\bin\debug\bltest.dll" id="ad76f5b9-eef6-7da3-02e0-bcb403ffa630">
      <Execution id="beafee64-4f15-42df-b1b9-7b633609eea2" />
      <TestMethod codeBase="C:/Users/Louis/Documents/School/UCSD/cse136/cse136_vs2010_solution/BLTest/bin/Debug/BLTest.DLL" adapterTypeName="Microsoft.VisualStudio.TestTools.TestTypes.Unit.UnitTestAdapter, Microsoft.VisualStudio.QualityTools.Tips.UnitTest.Adapter, Version=10.0.0.0, Culture=neutral, PublicKeyToken=b03f5f7f11d50a3a" className="BLTest.BLProductCuttingTest, BLTest, Version=1.0.0.0, Culture=neutral, PublicKeyToken=null" name="UpdateProductCuttingTest" />
    </UnitTest>
    <UnitTest name="ReadAllBrandTest" storage="c:\users\louis\documents\school\ucsd\cse136\cse136_vs2010_solution\daltest\bin\debug\daltest.dll" id="e852a1f2-fb34-ffdc-ed5c-718cafd085e2">
      <Execution id="447048e8-1d04-49fe-98af-49688d61c99b" />
      <TestMethod codeBase="C:/Users/Louis/Documents/School/UCSD/cse136/cse136_vs2010_solution/DALTest/bin/Debug/DALTest.DLL" adapterTypeName="Microsoft.VisualStudio.TestTools.TestTypes.Unit.UnitTestAdapter, Microsoft.VisualStudio.QualityTools.Tips.UnitTest.Adapter, Version=10.0.0.0, Culture=neutral, PublicKeyToken=b03f5f7f11d50a3a" className="DALTest.DALBrandTest, DALTest, Version=1.0.0.0, Culture=neutral, PublicKeyToken=null" name="ReadAllBrandTest" />
    </UnitTest>
    <UnitTest name="DeleteProductVariationInfoTest" storage="c:\users\louis\documents\school\ucsd\cse136\cse136_vs2010_solution\bltest\bin\debug\bltest.dll" id="51e7e7bf-6ccc-542c-0d91-d03ec1c8332e">
      <Execution id="795f43cf-ab89-4a90-91d9-1350f14fec9f" />
      <TestMethod codeBase="C:/Users/Louis/Documents/School/UCSD/cse136/cse136_vs2010_solution/BLTest/bin/Debug/BLTest.DLL" adapterTypeName="Microsoft.VisualStudio.TestTools.TestTypes.Unit.UnitTestAdapter, Microsoft.VisualStudio.QualityTools.Tips.UnitTest.Adapter, Version=10.0.0.0, Culture=neutral, PublicKeyToken=b03f5f7f11d50a3a" className="BLTest.BLProductVariationTest, BLTest, Version=1.0.0.0, Culture=neutral, PublicKeyToken=null" name="DeleteProductVariationInfoTest" />
    </UnitTest>
    <UnitTest name="CreateProductVariationErrorTest" storage="c:\users\louis\documents\school\ucsd\cse136\cse136_vs2010_solution\bltest\bin\debug\bltest.dll" id="2c820968-7c91-03d3-a299-ef437a4adae9">
      <Execution id="60f1568d-2f92-4101-9cb3-23e9573ca927" />
      <TestMethod codeBase="C:/Users/Louis/Documents/School/UCSD/cse136/cse136_vs2010_solution/BLTest/bin/Debug/BLTest.DLL" adapterTypeName="Microsoft.VisualStudio.TestTools.TestTypes.Unit.UnitTestAdapter, Microsoft.VisualStudio.QualityTools.Tips.UnitTest.Adapter, Version=10.0.0.0, Culture=neutral, PublicKeyToken=b03f5f7f11d50a3a" className="BLTest.BLProductVariationTest, BLTest, Version=1.0.0.0, Culture=neutral, PublicKeyToken=null" name="CreateProductVariationErrorTest" />
    </UnitTest>
    <UnitTest name="UpdateProductVariationInfoTest" storage="c:\users\louis\documents\school\ucsd\cse136\cse136_vs2010_solution\daltest\bin\debug\daltest.dll" id="c68b8238-9415-4bac-14f0-0a40a7e90643">
      <Execution id="0a952504-bd71-42c0-ac60-1df0459337ca" />
      <TestMethod codeBase="C:/Users/Louis/Documents/School/UCSD/cse136/cse136_vs2010_solution/DALTest/bin/Debug/DALTest.DLL" adapterTypeName="Microsoft.VisualStudio.TestTools.TestTypes.Unit.UnitTestAdapter, Microsoft.VisualStudio.QualityTools.Tips.UnitTest.Adapter, Version=10.0.0.0, Culture=neutral, PublicKeyToken=b03f5f7f11d50a3a" className="DALTest.DALProductVariationInfoTest, DALTest, Version=1.0.0.0, Culture=neutral, PublicKeyToken=null" name="UpdateProductVariationInfoTest" />
    </UnitTest>
    <UnitTest name="ProductVariationReadErrorTest" storage="c:\users\louis\documents\school\ucsd\cse136\cse136_vs2010_solution\bltest\bin\debug\bltest.dll" id="769129ee-601e-ba5f-360d-d3013c602f01">
      <Execution id="dd5dc9dc-f166-456c-8db3-7d96c2c0d563" />
      <TestMethod codeBase="C:/Users/Louis/Documents/School/UCSD/cse136/cse136_vs2010_solution/BLTest/bin/Debug/BLTest.DLL" adapterTypeName="Microsoft.VisualStudio.TestTools.TestTypes.Unit.UnitTestAdapter, Microsoft.VisualStudio.QualityTools.Tips.UnitTest.Adapter, Version=10.0.0.0, Culture=neutral, PublicKeyToken=b03f5f7f11d50a3a" className="BLTest.BLProductVariationTest, BLTest, Version=1.0.0.0, Culture=neutral, PublicKeyToken=null" name="ProductVariationReadErrorTest" />
    </UnitTest>
    <UnitTest name="ReadAllProductColorTest" storage="c:\users\louis\documents\school\ucsd\cse136\cse136_vs2010_solution\daltest\bin\debug\daltest.dll" id="cd8ccf9f-8213-ce86-61d5-8fae292b70cc">
      <Execution id="17602800-b92a-4a20-b309-00a12cd1f605" />
      <TestMethod codeBase="C:/Users/Louis/Documents/School/UCSD/cse136/cse136_vs2010_solution/DALTest/bin/Debug/DALTest.DLL" adapterTypeName="Microsoft.VisualStudio.TestTools.TestTypes.Unit.UnitTestAdapter, Microsoft.VisualStudio.QualityTools.Tips.UnitTest.Adapter, Version=10.0.0.0, Culture=neutral, PublicKeyToken=b03f5f7f11d50a3a" className="DALTest.DALProductColorTest, DALTest, Version=1.0.0.0, Culture=neutral, PublicKeyToken=null" name="ReadAllProductColorTest" />
    </UnitTest>
    <UnitTest name="UpdateProductTest" storage="c:\users\louis\documents\school\ucsd\cse136\cse136_vs2010_solution\bltest\bin\debug\bltest.dll" id="fceb51c8-60ab-9dba-9bc5-68eec453d8bc">
      <Execution id="e17d7b1a-a6c0-4d5c-b2dd-bbc019b90970" />
      <TestMethod codeBase="C:/Users/Louis/Documents/School/UCSD/cse136/cse136_vs2010_solution/BLTest/bin/Debug/BLTest.DLL" adapterTypeName="Microsoft.VisualStudio.TestTools.TestTypes.Unit.UnitTestAdapter, Microsoft.VisualStudio.QualityTools.Tips.UnitTest.Adapter, Version=10.0.0.0, Culture=neutral, PublicKeyToken=b03f5f7f11d50a3a" className="BLTest.BLProductTest, BLTest, Version=1.0.0.0, Culture=neutral, PublicKeyToken=null" name="UpdateProductTest" />
    </UnitTest>
    <UnitTest name="ReadAllBrandTest" storage="c:\users\louis\documents\school\ucsd\cse136\cse136_vs2010_solution\bltest\bin\debug\bltest.dll" id="44c316ef-e570-09f1-f2c1-54180c893f98">
      <Execution id="d683918b-2133-4e77-941c-1fa58f501181" />
      <TestMethod codeBase="C:/Users/Louis/Documents/School/UCSD/cse136/cse136_vs2010_solution/BLTest/bin/Debug/BLTest.DLL" adapterTypeName="Microsoft.VisualStudio.TestTools.TestTypes.Unit.UnitTestAdapter, Microsoft.VisualStudio.QualityTools.Tips.UnitTest.Adapter, Version=10.0.0.0, Culture=neutral, PublicKeyToken=b03f5f7f11d50a3a" className="BLTest.BLBrandTest, BLTest, Version=1.0.0.0, Culture=neutral, PublicKeyToken=null" name="ReadAllBrandTest" />
    </UnitTest>
    <UnitTest name="UpdateProductTest" storage="c:\users\louis\documents\school\ucsd\cse136\cse136_vs2010_solution\daltest\bin\debug\daltest.dll" id="d3145b4d-1fba-fbb6-489d-880aca3a67d3">
      <Execution id="70d056be-65a7-464f-9147-6e2db9adb302" />
      <TestMethod codeBase="C:/Users/Louis/Documents/School/UCSD/cse136/cse136_vs2010_solution/DALTest/bin/Debug/DALTest.DLL" adapterTypeName="Microsoft.VisualStudio.TestTools.TestTypes.Unit.UnitTestAdapter, Microsoft.VisualStudio.QualityTools.Tips.UnitTest.Adapter, Version=10.0.0.0, Culture=neutral, PublicKeyToken=b03f5f7f11d50a3a" className="DALTest.DALProductTest, DALTest, Version=1.0.0.0, Culture=neutral, PublicKeyToken=null" name="UpdateProductTest" />
    </UnitTest>
    <UnitTest name="CreateProductNullErrorTest" storage="c:\users\louis\documents\school\ucsd\cse136\cse136_vs2010_solution\bltest\bin\debug\bltest.dll" id="d2636e01-07d3-8d97-7e57-ab6725f5e972">
      <Execution id="37719204-252c-477f-9f98-54789af8ae1c" />
      <TestMethod codeBase="C:/Users/Louis/Documents/School/UCSD/cse136/cse136_vs2010_solution/BLTest/bin/Debug/BLTest.DLL" adapterTypeName="Microsoft.VisualStudio.TestTools.TestTypes.Unit.UnitTestAdapter, Microsoft.VisualStudio.QualityTools.Tips.UnitTest.Adapter, Version=10.0.0.0, Culture=neutral, PublicKeyToken=b03f5f7f11d50a3a" className="BLTest.BLProductTest, BLTest, Version=1.0.0.0, Culture=neutral, PublicKeyToken=null" name="CreateProductNullErrorTest" />
    </UnitTest>
    <UnitTest name="ReadAllProductCuttingTest" storage="c:\users\louis\documents\school\ucsd\cse136\cse136_vs2010_solution\bltest\bin\debug\bltest.dll" id="6567eec0-603e-0c1c-b63c-38e9a20c4df4">
      <Execution id="bacb12d6-0b47-4da0-89f2-5593e6cdfd1c" />
      <TestMethod codeBase="C:/Users/Louis/Documents/School/UCSD/cse136/cse136_vs2010_solution/BLTest/bin/Debug/BLTest.DLL" adapterTypeName="Microsoft.VisualStudio.TestTools.TestTypes.Unit.UnitTestAdapter, Microsoft.VisualStudio.QualityTools.Tips.UnitTest.Adapter, Version=10.0.0.0, Culture=neutral, PublicKeyToken=b03f5f7f11d50a3a" className="BLTest.BLProductCuttingTest, BLTest, Version=1.0.0.0, Culture=neutral, PublicKeyToken=null" name="ReadAllProductCuttingTest" />
    </UnitTest>
    <UnitTest name="CreateProductTypeTest" storage="c:\users\louis\documents\school\ucsd\cse136\cse136_vs2010_solution\bltest\bin\debug\bltest.dll" id="1e60bab5-dba5-e699-f6b8-0811bd4de6e3">
      <Execution id="4194d131-882c-46ee-9e39-fb3342c832b8" />
      <TestMethod codeBase="C:/Users/Louis/Documents/School/UCSD/cse136/cse136_vs2010_solution/BLTest/bin/Debug/BLTest.DLL" adapterTypeName="Microsoft.VisualStudio.TestTools.TestTypes.Unit.UnitTestAdapter, Microsoft.VisualStudio.QualityTools.Tips.UnitTest.Adapter, Version=10.0.0.0, Culture=neutral, PublicKeyToken=b03f5f7f11d50a3a" className="BLTest.BLProductTypeTest, BLTest, Version=1.0.0.0, Culture=neutral, PublicKeyToken=null" name="CreateProductTypeTest" />
    </UnitTest>
    <UnitTest name="ReadAllProductColorTest" storage="c:\users\louis\documents\school\ucsd\cse136\cse136_vs2010_solution\bltest\bin\debug\bltest.dll" id="53956050-dfb2-bc6f-a53b-1e274204bdd8">
      <Execution id="a635f791-a771-437e-95d0-402bd8869cbe" />
      <TestMethod codeBase="C:/Users/Louis/Documents/School/UCSD/cse136/cse136_vs2010_solution/BLTest/bin/Debug/BLTest.DLL" adapterTypeName="Microsoft.VisualStudio.TestTools.TestTypes.Unit.UnitTestAdapter, Microsoft.VisualStudio.QualityTools.Tips.UnitTest.Adapter, Version=10.0.0.0, Culture=neutral, PublicKeyToken=b03f5f7f11d50a3a" className="BLTest.BLProductColorTest, BLTest, Version=1.0.0.0, Culture=neutral, PublicKeyToken=null" name="ReadAllProductColorTest" />
    </UnitTest>
    <UnitTest name="CreateProductTypeErrorTest" storage="c:\users\louis\documents\school\ucsd\cse136\cse136_vs2010_solution\bltest\bin\debug\bltest.dll" id="bfb23467-9ed6-2af2-a378-dc1e9bbf5b26">
      <Execution id="8cd7622c-7f12-4d9d-b79b-8c0b8d2a70a9" />
      <TestMethod codeBase="C:/Users/Louis/Documents/School/UCSD/cse136/cse136_vs2010_solution/BLTest/bin/Debug/BLTest.DLL" adapterTypeName="Microsoft.VisualStudio.TestTools.TestTypes.Unit.UnitTestAdapter, Microsoft.VisualStudio.QualityTools.Tips.UnitTest.Adapter, Version=10.0.0.0, Culture=neutral, PublicKeyToken=b03f5f7f11d50a3a" className="BLTest.BLProductTypeTest, BLTest, Version=1.0.0.0, Culture=neutral, PublicKeyToken=null" name="CreateProductTypeErrorTest" />
    </UnitTest>
    <UnitTest name="BrandReadErrorTest" storage="c:\users\louis\documents\school\ucsd\cse136\cse136_vs2010_solution\bltest\bin\debug\bltest.dll" id="cddde496-20c6-4b8e-d5cd-072a15f2fccb">
      <Execution id="7b38139e-8ca5-435d-835e-d9b74affd09a" />
      <TestMethod codeBase="C:/Users/Louis/Documents/School/UCSD/cse136/cse136_vs2010_solution/BLTest/bin/Debug/BLTest.DLL" adapterTypeName="Microsoft.VisualStudio.TestTools.TestTypes.Unit.UnitTestAdapter, Microsoft.VisualStudio.QualityTools.Tips.UnitTest.Adapter, Version=10.0.0.0, Culture=neutral, PublicKeyToken=b03f5f7f11d50a3a" className="BLTest.BLBrandTest, BLTest, Version=1.0.0.0, Culture=neutral, PublicKeyToken=null" name="BrandReadErrorTest" />
    </UnitTest>
    <UnitTest name="ProductReadErrorTest" storage="c:\users\louis\documents\school\ucsd\cse136\cse136_vs2010_solution\bltest\bin\debug\bltest.dll" id="a91e9ed3-5646-12d6-93c6-af2db48c7e59">
      <Execution id="1d074db0-1429-49b6-9616-ab5bbc766b8f" />
      <TestMethod codeBase="C:/Users/Louis/Documents/School/UCSD/cse136/cse136_vs2010_solution/BLTest/bin/Debug/BLTest.DLL" adapterTypeName="Microsoft.VisualStudio.TestTools.TestTypes.Unit.UnitTestAdapter, Microsoft.VisualStudio.QualityTools.Tips.UnitTest.Adapter, Version=10.0.0.0, Culture=neutral, PublicKeyToken=b03f5f7f11d50a3a" className="BLTest.BLProductTest, BLTest, Version=1.0.0.0, Culture=neutral, PublicKeyToken=null" name="ProductReadErrorTest" />
    </UnitTest>
    <UnitTest name="ProductColorReadErrorTest" storage="c:\users\louis\documents\school\ucsd\cse136\cse136_vs2010_solution\bltest\bin\debug\bltest.dll" id="a371c641-f9b0-857d-8d7a-ba50f3ebff43">
      <Execution id="93b19db2-ad59-46a0-97b6-37ae348f921d" />
      <TestMethod codeBase="C:/Users/Louis/Documents/School/UCSD/cse136/cse136_vs2010_solution/BLTest/bin/Debug/BLTest.DLL" adapterTypeName="Microsoft.VisualStudio.TestTools.TestTypes.Unit.UnitTestAdapter, Microsoft.VisualStudio.QualityTools.Tips.UnitTest.Adapter, Version=10.0.0.0, Culture=neutral, PublicKeyToken=b03f5f7f11d50a3a" className="BLTest.BLProductColorTest, BLTest, Version=1.0.0.0, Culture=neutral, PublicKeyToken=null" name="ProductColorReadErrorTest" />
    </UnitTest>
    <UnitTest name="UpdateBrandTest" storage="c:\users\louis\documents\school\ucsd\cse136\cse136_vs2010_solution\bltest\bin\debug\bltest.dll" id="6724fe7d-3a6e-82e1-5e9c-bfae58cb851f">
      <Execution id="b0014f10-7db9-433a-900d-64b496ad4ea5" />
      <TestMethod codeBase="C:/Users/Louis/Documents/School/UCSD/cse136/cse136_vs2010_solution/BLTest/bin/Debug/BLTest.DLL" adapterTypeName="Microsoft.VisualStudio.TestTools.TestTypes.Unit.UnitTestAdapter, Microsoft.VisualStudio.QualityTools.Tips.UnitTest.Adapter, Version=10.0.0.0, Culture=neutral, PublicKeyToken=b03f5f7f11d50a3a" className="BLTest.BLBrandTest, BLTest, Version=1.0.0.0, Culture=neutral, PublicKeyToken=null" name="UpdateBrandTest" />
    </UnitTest>
    <UnitTest name="Index" storage="c:\users\louis\documents\school\ucsd\cse136\cse136_vs2010_solution\mvc3.tests\bin\debug\mvc3.tests.dll" id="12e3c4c9-0e7f-4fb6-44e9-504011a51fde">
      <Execution id="d847788a-9a86-47ab-8c3a-9b596c374c1c" />
      <TestMethod codeBase="C:/Users/Louis/Documents/School/UCSD/cse136/cse136_vs2010_solution/MVC3.Tests/bin/Debug/MVC3.Tests.DLL" adapterTypeName="Microsoft.VisualStudio.TestTools.TestTypes.Unit.UnitTestAdapter, Microsoft.VisualStudio.QualityTools.Tips.UnitTest.Adapter, Version=10.0.0.0, Culture=neutral, PublicKeyToken=b03f5f7f11d50a3a" className="MVC3.Tests.Controllers.HomeControllerTest, MVC3.Tests, Version=1.0.0.0, Culture=neutral, PublicKeyToken=null" name="Index" />
    </UnitTest>
    <UnitTest name="ReadAllProductCuttingTest" storage="c:\users\louis\documents\school\ucsd\cse136\cse136_vs2010_solution\daltest\bin\debug\daltest.dll" id="5129d0b1-e05a-ba39-3d08-819bb36e9c7a">
      <Execution id="b29c69e4-1425-49d8-93f1-ea9c3c61fc76" />
      <TestMethod codeBase="C:/Users/Louis/Documents/School/UCSD/cse136/cse136_vs2010_solution/DALTest/bin/Debug/DALTest.DLL" adapterTypeName="Microsoft.VisualStudio.TestTools.TestTypes.Unit.UnitTestAdapter, Microsoft.VisualStudio.QualityTools.Tips.UnitTest.Adapter, Version=10.0.0.0, Culture=neutral, PublicKeyToken=b03f5f7f11d50a3a" className="DALTest.DALProductCuttingTest, DALTest, Version=1.0.0.0, Culture=neutral, PublicKeyToken=null" name="ReadAllProductCuttingTest" />
    </UnitTest>
    <UnitTest name="ReadAllPVTest" storage="c:\users\louis\documents\school\ucsd\cse136\cse136_vs2010_solution\bltest\bin\debug\bltest.dll" id="83def0be-13ed-eb0c-cf34-39cb5d72d47e">
      <Execution id="b3bd8f89-a9ee-4c61-8c5c-990170967c70" />
      <TestMethod codeBase="C:/Users/Louis/Documents/School/UCSD/cse136/cse136_vs2010_solution/BLTest/bin/Debug/BLTest.DLL" adapterTypeName="Microsoft.VisualStudio.TestTools.TestTypes.Unit.UnitTestAdapter, Microsoft.VisualStudio.QualityTools.Tips.UnitTest.Adapter, Version=10.0.0.0, Culture=neutral, PublicKeyToken=b03f5f7f11d50a3a" className="BLTest.BLProductVariationTest, BLTest, Version=1.0.0.0, Culture=neutral, PublicKeyToken=null" name="ReadAllPVTest" />
    </UnitTest>
    <UnitTest name="ReadAllProductTypeTest" storage="c:\users\louis\documents\school\ucsd\cse136\cse136_vs2010_solution\daltest\bin\debug\daltest.dll" id="48998be3-5bf2-451d-90c6-e1f4233cc9d1">
      <Execution id="6e07b0cd-f6de-4ec5-b2b3-fcea99e9cd8e" />
      <TestMethod codeBase="C:/Users/Louis/Documents/School/UCSD/cse136/cse136_vs2010_solution/DALTest/bin/Debug/DALTest.DLL" adapterTypeName="Microsoft.VisualStudio.TestTools.TestTypes.Unit.UnitTestAdapter, Microsoft.VisualStudio.QualityTools.Tips.UnitTest.Adapter, Version=10.0.0.0, Culture=neutral, PublicKeyToken=b03f5f7f11d50a3a" className="DALTest.DALTypeTest, DALTest, Version=1.0.0.0, Culture=neutral, PublicKeyToken=null" name="ReadAllProductTypeTest" />
    </UnitTest>
    <UnitTest name="ProductTypeUpdateErrorTest" storage="c:\users\louis\documents\school\ucsd\cse136\cse136_vs2010_solution\bltest\bin\debug\bltest.dll" id="c67b2499-e7a4-2b19-624b-77fbc4aeac92">
      <Execution id="4526db87-1ac7-473d-95c9-acb53e7f7936" />
      <TestMethod codeBase="C:/Users/Louis/Documents/School/UCSD/cse136/cse136_vs2010_solution/BLTest/bin/Debug/BLTest.DLL" adapterTypeName="Microsoft.VisualStudio.TestTools.TestTypes.Unit.UnitTestAdapter, Microsoft.VisualStudio.QualityTools.Tips.UnitTest.Adapter, Version=10.0.0.0, Culture=neutral, PublicKeyToken=b03f5f7f11d50a3a" className="BLTest.BLProductTypeTest, BLTest, Version=1.0.0.0, Culture=neutral, PublicKeyToken=null" name="ProductTypeUpdateErrorTest" />
    </UnitTest>
    <UnitTest name="CreateBrandTest" storage="c:\users\louis\documents\school\ucsd\cse136\cse136_vs2010_solution\daltest\bin\debug\daltest.dll" id="f164ed89-d296-5ff9-08d7-a7e4a1f0d9d7">
      <Execution id="edb27127-4015-4242-8124-beceaf139b2a" />
      <TestMethod codeBase="C:/Users/Louis/Documents/School/UCSD/cse136/cse136_vs2010_solution/DALTest/bin/Debug/DALTest.DLL" adapterTypeName="Microsoft.VisualStudio.TestTools.TestTypes.Unit.UnitTestAdapter, Microsoft.VisualStudio.QualityTools.Tips.UnitTest.Adapter, Version=10.0.0.0, Culture=neutral, PublicKeyToken=b03f5f7f11d50a3a" className="DALTest.DALBrandTest, DALTest, Version=1.0.0.0, Culture=neutral, PublicKeyToken=null" name="CreateBrandTest" />
    </UnitTest>
    <UnitTest name="CreateProductCuttingTest" storage="c:\users\louis\documents\school\ucsd\cse136\cse136_vs2010_solution\bltest\bin\debug\bltest.dll" id="4068bac0-9c67-8bcf-fe66-d8581e88d686">
      <Execution id="1b8dbdc2-174c-470a-b645-1ece6a8a10a9" />
      <TestMethod codeBase="C:/Users/Louis/Documents/School/UCSD/cse136/cse136_vs2010_solution/BLTest/bin/Debug/BLTest.DLL" adapterTypeName="Microsoft.VisualStudio.TestTools.TestTypes.Unit.UnitTestAdapter, Microsoft.VisualStudio.QualityTools.Tips.UnitTest.Adapter, Version=10.0.0.0, Culture=neutral, PublicKeyToken=b03f5f7f11d50a3a" className="BLTest.BLProductCuttingTest, BLTest, Version=1.0.0.0, Culture=neutral, PublicKeyToken=null" name="CreateProductCuttingTest" />
    </UnitTest>
    <UnitTest name="UpdateProductColorTest" storage="c:\users\louis\documents\school\ucsd\cse136\cse136_vs2010_solution\bltest\bin\debug\bltest.dll" id="dc348301-aaee-9d57-e85e-e7bdc8bf9c91">
      <Execution id="25f052f4-6270-47de-a323-87d5b2e4eebe" />
      <TestMethod codeBase="C:/Users/Louis/Documents/School/UCSD/cse136/cse136_vs2010_solution/BLTest/bin/Debug/BLTest.DLL" adapterTypeName="Microsoft.VisualStudio.TestTools.TestTypes.Unit.UnitTestAdapter, Microsoft.VisualStudio.QualityTools.Tips.UnitTest.Adapter, Version=10.0.0.0, Culture=neutral, PublicKeyToken=b03f5f7f11d50a3a" className="BLTest.BLProductColorTest, BLTest, Version=1.0.0.0, Culture=neutral, PublicKeyToken=null" name="UpdateProductColorTest" />
    </UnitTest>
    <UnitTest name="CreateProductTest" storage="c:\users\louis\documents\school\ucsd\cse136\cse136_vs2010_solution\daltest\bin\debug\daltest.dll" id="ed374848-8a67-3fea-eaa8-78dc7d5d1593">
      <Execution id="4b946e9f-4ec9-473e-987a-7ef36144a73f" />
      <TestMethod codeBase="C:/Users/Louis/Documents/School/UCSD/cse136/cse136_vs2010_solution/DALTest/bin/Debug/DALTest.DLL" adapterTypeName="Microsoft.VisualStudio.TestTools.TestTypes.Unit.UnitTestAdapter, Microsoft.VisualStudio.QualityTools.Tips.UnitTest.Adapter, Version=10.0.0.0, Culture=neutral, PublicKeyToken=b03f5f7f11d50a3a" className="DALTest.DALProductTest, DALTest, Version=1.0.0.0, Culture=neutral, PublicKeyToken=null" name="CreateProductTest" />
    </UnitTest>
  </TestDefinitions>
  <TestLists>
    <TestList name="Results Not in a List" id="8c84fa94-04c1-424b-9868-57a2d4851a1d" />
    <TestList name="All Loaded Results" id="19431567-8539-422a-85d7-44ee4e166bda" />
  </TestLists>
  <TestEntries>
    <TestEntry testId="02a0d96a-b36f-259d-191b-5b35b5a8f08e" executionId="1720e969-7a94-4712-ba5b-57e524471555" testListId="8c84fa94-04c1-424b-9868-57a2d4851a1d" />
    <TestEntry testId="0a828938-db60-83a2-bc54-b0d9d2623a89" executionId="771e0a70-e076-42da-bae7-3297d296fa77" testListId="8c84fa94-04c1-424b-9868-57a2d4851a1d" />
    <TestEntry testId="0a9faab6-c2ff-6cfa-e314-2f6d98eb74e4" executionId="9485a899-91dc-4f18-aeab-26a2712df75c" testListId="8c84fa94-04c1-424b-9868-57a2d4851a1d" />
    <TestEntry testId="12e3c4c9-0e7f-4fb6-44e9-504011a51fde" executionId="d847788a-9a86-47ab-8c3a-9b596c374c1c" testListId="8c84fa94-04c1-424b-9868-57a2d4851a1d" />
    <TestEntry testId="1381d89d-e61a-d0f1-323e-009145c998cd" executionId="d7bc47d9-2b4f-4df1-bff6-b44200659f1c" testListId="8c84fa94-04c1-424b-9868-57a2d4851a1d" />
    <TestEntry testId="17a47e80-72b2-0437-6c34-884341a72cbe" executionId="0cc76b2e-af01-47ea-84c7-3d4f6a316159" testListId="8c84fa94-04c1-424b-9868-57a2d4851a1d" />
    <TestEntry testId="1e60bab5-dba5-e699-f6b8-0811bd4de6e3" executionId="4194d131-882c-46ee-9e39-fb3342c832b8" testListId="8c84fa94-04c1-424b-9868-57a2d4851a1d" />
    <TestEntry testId="1f1e50dc-302d-5d54-d1b6-de3ac7cc0579" executionId="bdb7084b-f899-478f-95c5-999f7b5b5be5" testListId="8c84fa94-04c1-424b-9868-57a2d4851a1d" />
    <TestEntry testId="2c820968-7c91-03d3-a299-ef437a4adae9" executionId="60f1568d-2f92-4101-9cb3-23e9573ca927" testListId="8c84fa94-04c1-424b-9868-57a2d4851a1d" />
    <TestEntry testId="2de277d9-37a5-c97d-c930-1d6c85ec007a" executionId="be6b16b0-3ff5-4ff3-aecd-323649e5dc12" testListId="8c84fa94-04c1-424b-9868-57a2d4851a1d" />
    <TestEntry testId="306047c5-8044-ee12-21be-5249fd0ab8bc" executionId="8ec6f03c-6839-4887-b2fd-d1b4cc28b9f6" testListId="8c84fa94-04c1-424b-9868-57a2d4851a1d" />
    <TestEntry testId="32befc5b-2805-679f-e132-a2c900e50a08" executionId="4a31e653-09a3-4037-8cce-d19476e8ede3" testListId="8c84fa94-04c1-424b-9868-57a2d4851a1d" />
    <TestEntry testId="38819b2b-c49c-ae4c-8ed9-952641081eaf" executionId="1d0543ee-4319-4a8a-ad9e-3d78dbfd7795" testListId="8c84fa94-04c1-424b-9868-57a2d4851a1d" />
    <TestEntry testId="39a2e8d3-569e-2be2-3617-2b697cf73be3" executionId="ad8d96c9-6e83-4737-8b5f-75b0a054a207" testListId="8c84fa94-04c1-424b-9868-57a2d4851a1d" />
    <TestEntry testId="39ec5642-081d-ef93-52a6-7125803da287" executionId="4c10b724-a73c-44cf-a4e6-016bfc53f2e1" testListId="8c84fa94-04c1-424b-9868-57a2d4851a1d" />
    <TestEntry testId="4068bac0-9c67-8bcf-fe66-d8581e88d686" executionId="1b8dbdc2-174c-470a-b645-1ece6a8a10a9" testListId="8c84fa94-04c1-424b-9868-57a2d4851a1d" />
    <TestEntry testId="44c316ef-e570-09f1-f2c1-54180c893f98" executionId="d683918b-2133-4e77-941c-1fa58f501181" testListId="8c84fa94-04c1-424b-9868-57a2d4851a1d" />
    <TestEntry testId="48998be3-5bf2-451d-90c6-e1f4233cc9d1" executionId="6e07b0cd-f6de-4ec5-b2b3-fcea99e9cd8e" testListId="8c84fa94-04c1-424b-9868-57a2d4851a1d" />
    <TestEntry testId="4984de8b-0f11-84fe-96e4-b08c00e8db25" executionId="9735f996-4008-423b-9a68-c26b500a0969" testListId="8c84fa94-04c1-424b-9868-57a2d4851a1d" />
    <TestEntry testId="4ee29c4c-716b-1b25-cc47-e7d557e9b20f" executionId="62b7d446-7eaf-482f-9236-24776470e12f" testListId="8c84fa94-04c1-424b-9868-57a2d4851a1d" />
    <TestEntry testId="5129d0b1-e05a-ba39-3d08-819bb36e9c7a" executionId="b29c69e4-1425-49d8-93f1-ea9c3c61fc76" testListId="8c84fa94-04c1-424b-9868-57a2d4851a1d" />
    <TestEntry testId="51e7e7bf-6ccc-542c-0d91-d03ec1c8332e" executionId="795f43cf-ab89-4a90-91d9-1350f14fec9f" testListId="8c84fa94-04c1-424b-9868-57a2d4851a1d" />
    <TestEntry testId="527f0874-7efa-38fb-4cdb-7845b6fdc52f" executionId="fca5bfac-8a05-462f-8a63-8e02625af0c0" testListId="8c84fa94-04c1-424b-9868-57a2d4851a1d" />
    <TestEntry testId="52df322f-98b6-4e57-d285-dc4d7f1b9314" executionId="6e3df394-6199-4dc0-870c-2cda53d1ed87" testListId="8c84fa94-04c1-424b-9868-57a2d4851a1d" />
    <TestEntry testId="53956050-dfb2-bc6f-a53b-1e274204bdd8" executionId="a635f791-a771-437e-95d0-402bd8869cbe" testListId="8c84fa94-04c1-424b-9868-57a2d4851a1d" />
    <TestEntry testId="54e7777a-c6ad-8aae-0fca-0734abbb2233" executionId="48e2d9f4-0bfb-4c7b-8864-f62600799e31" testListId="8c84fa94-04c1-424b-9868-57a2d4851a1d" />
    <TestEntry testId="6567eec0-603e-0c1c-b63c-38e9a20c4df4" executionId="bacb12d6-0b47-4da0-89f2-5593e6cdfd1c" testListId="8c84fa94-04c1-424b-9868-57a2d4851a1d" />
    <TestEntry testId="6724fe7d-3a6e-82e1-5e9c-bfae58cb851f" executionId="b0014f10-7db9-433a-900d-64b496ad4ea5" testListId="8c84fa94-04c1-424b-9868-57a2d4851a1d" />
    <TestEntry testId="6b18c41e-9b98-699a-6cd9-609e14952373" executionId="28c18da2-0b42-4263-899f-f4bbe10d5587" testListId="8c84fa94-04c1-424b-9868-57a2d4851a1d" />
    <TestEntry testId="72a23555-32b2-8606-9cd7-3ffb7f93b94d" executionId="ec083a96-5e30-451a-ac75-d0df1d36825a" testListId="8c84fa94-04c1-424b-9868-57a2d4851a1d" />
    <TestEntry testId="749e2125-91f3-366c-3cc9-5d757c5d89fc" executionId="824bbb92-6b0b-495c-9e15-421336b59f66" testListId="8c84fa94-04c1-424b-9868-57a2d4851a1d" />
    <TestEntry testId="769129ee-601e-ba5f-360d-d3013c602f01" executionId="dd5dc9dc-f166-456c-8db3-7d96c2c0d563" testListId="8c84fa94-04c1-424b-9868-57a2d4851a1d" />
    <TestEntry testId="7c829374-b2b7-a64c-0106-8a1c527f9eee" executionId="210f0099-c9fe-4263-b774-a2edbd5264d5" testListId="8c84fa94-04c1-424b-9868-57a2d4851a1d" />
    <TestEntry testId="83def0be-13ed-eb0c-cf34-39cb5d72d47e" executionId="b3bd8f89-a9ee-4c61-8c5c-990170967c70" testListId="8c84fa94-04c1-424b-9868-57a2d4851a1d" />
    <TestEntry testId="8440b3dd-4629-ecb3-bea3-283361475284" executionId="443f0893-b10b-4f91-9a3e-b32618018d68" testListId="8c84fa94-04c1-424b-9868-57a2d4851a1d" />
    <TestEntry testId="87cd62b0-6032-0378-4d78-97f7b2cf2151" executionId="394af75e-5597-4d6c-b1ab-867ef2562c71" testListId="8c84fa94-04c1-424b-9868-57a2d4851a1d" />
    <TestEntry testId="8ddb55d2-cc76-8371-0cab-349758d0faba" executionId="0c64c52a-3f68-4419-86b4-7ef23298d0fd" testListId="8c84fa94-04c1-424b-9868-57a2d4851a1d" />
    <TestEntry testId="906cdd9a-e41c-b869-1786-a4ffe476ad69" executionId="efe1d721-515a-4ddf-9db1-b9ab574aa475" testListId="8c84fa94-04c1-424b-9868-57a2d4851a1d" />
    <TestEntry testId="9cf39b8e-04c2-b861-736b-953b0b495874" executionId="987ca2a3-e490-4bf9-b34b-40eb533e4b6d" testListId="8c84fa94-04c1-424b-9868-57a2d4851a1d" />
    <TestEntry testId="a371c641-f9b0-857d-8d7a-ba50f3ebff43" executionId="93b19db2-ad59-46a0-97b6-37ae348f921d" testListId="8c84fa94-04c1-424b-9868-57a2d4851a1d" />
    <TestEntry testId="a5af5316-0907-aef9-72aa-1e7958fc3974" executionId="8cecc005-4f78-4389-b9ff-9e11921bfd4d" testListId="8c84fa94-04c1-424b-9868-57a2d4851a1d" />
    <TestEntry testId="a7d7b29b-200e-e950-acdb-f74fb0c8329a" executionId="7c8a919d-f4cb-49f5-a564-888e733e61b2" testListId="8c84fa94-04c1-424b-9868-57a2d4851a1d" />
    <TestEntry testId="a91e9ed3-5646-12d6-93c6-af2db48c7e59" executionId="1d074db0-1429-49b6-9616-ab5bbc766b8f" testListId="8c84fa94-04c1-424b-9868-57a2d4851a1d" />
    <TestEntry testId="ad76f5b9-eef6-7da3-02e0-bcb403ffa630" executionId="beafee64-4f15-42df-b1b9-7b633609eea2" testListId="8c84fa94-04c1-424b-9868-57a2d4851a1d" />
    <TestEntry testId="b22f890b-2fb2-8bc9-6072-6c13741d1a72" executionId="9bc1e312-090b-44e6-ad24-f61e8fa718bf" testListId="8c84fa94-04c1-424b-9868-57a2d4851a1d" />
    <TestEntry testId="bdcd5694-6f47-8e9c-4f0a-b5a3d00cbbdc" executionId="3f029637-e925-4dba-aab8-c50fc682813f" testListId="8c84fa94-04c1-424b-9868-57a2d4851a1d" />
    <TestEntry testId="bfb23467-9ed6-2af2-a378-dc1e9bbf5b26" executionId="8cd7622c-7f12-4d9d-b79b-8c0b8d2a70a9" testListId="8c84fa94-04c1-424b-9868-57a2d4851a1d" />
    <TestEntry testId="c67b2499-e7a4-2b19-624b-77fbc4aeac92" executionId="4526db87-1ac7-473d-95c9-acb53e7f7936" testListId="8c84fa94-04c1-424b-9868-57a2d4851a1d" />
    <TestEntry testId="c68b8238-9415-4bac-14f0-0a40a7e90643" executionId="0a952504-bd71-42c0-ac60-1df0459337ca" testListId="8c84fa94-04c1-424b-9868-57a2d4851a1d" />
    <TestEntry testId="c6b026e9-3960-4229-9874-a43b265d5ac5" executionId="c741eb10-55cd-4b77-bb1b-90d3fc94155a" testListId="8c84fa94-04c1-424b-9868-57a2d4851a1d" />
    <TestEntry testId="c76098cd-5f49-f576-d094-a3b9b8dc9118" executionId="881996ec-2206-4828-8508-80e6fcdeafc8" testListId="8c84fa94-04c1-424b-9868-57a2d4851a1d" />
    <TestEntry testId="cd8ccf9f-8213-ce86-61d5-8fae292b70cc" executionId="17602800-b92a-4a20-b309-00a12cd1f605" testListId="8c84fa94-04c1-424b-9868-57a2d4851a1d" />
    <TestEntry testId="cddde496-20c6-4b8e-d5cd-072a15f2fccb" executionId="7b38139e-8ca5-435d-835e-d9b74affd09a" testListId="8c84fa94-04c1-424b-9868-57a2d4851a1d" />
    <TestEntry testId="d2636e01-07d3-8d97-7e57-ab6725f5e972" executionId="37719204-252c-477f-9f98-54789af8ae1c" testListId="8c84fa94-04c1-424b-9868-57a2d4851a1d" />
    <TestEntry testId="d3145b4d-1fba-fbb6-489d-880aca3a67d3" executionId="70d056be-65a7-464f-9147-6e2db9adb302" testListId="8c84fa94-04c1-424b-9868-57a2d4851a1d" />
    <TestEntry testId="dc348301-aaee-9d57-e85e-e7bdc8bf9c91" executionId="25f052f4-6270-47de-a323-87d5b2e4eebe" testListId="8c84fa94-04c1-424b-9868-57a2d4851a1d" />
    <TestEntry testId="ddbc9751-ea78-3907-b0dd-bbebacabbc90" executionId="4d1268b4-b9cb-417b-9510-4c7cf497c52e" testListId="8c84fa94-04c1-424b-9868-57a2d4851a1d" />
    <TestEntry testId="df90cdea-c5c0-d0c6-d7f1-abca45aafb69" executionId="fb7700e7-5166-4d41-9aca-fc436bc64c29" testListId="8c84fa94-04c1-424b-9868-57a2d4851a1d" />
    <TestEntry testId="e838b5ac-738c-c97e-c3d6-f1fb0daa2370" executionId="386d635e-2224-4432-a196-66614da13c74" testListId="8c84fa94-04c1-424b-9868-57a2d4851a1d" />
    <TestEntry testId="e852a1f2-fb34-ffdc-ed5c-718cafd085e2" executionId="447048e8-1d04-49fe-98af-49688d61c99b" testListId="8c84fa94-04c1-424b-9868-57a2d4851a1d" />
    <TestEntry testId="ed374848-8a67-3fea-eaa8-78dc7d5d1593" executionId="4b946e9f-4ec9-473e-987a-7ef36144a73f" testListId="8c84fa94-04c1-424b-9868-57a2d4851a1d" />
    <TestEntry testId="f164ed89-d296-5ff9-08d7-a7e4a1f0d9d7" executionId="edb27127-4015-4242-8124-beceaf139b2a" testListId="8c84fa94-04c1-424b-9868-57a2d4851a1d" />
    <TestEntry testId="f7826c58-01e2-4c82-f47f-08228e891502" executionId="e59e8ca1-f357-43bd-913f-b623273cdcbc" testListId="8c84fa94-04c1-424b-9868-57a2d4851a1d" />
    <TestEntry testId="fceb51c8-60ab-9dba-9bc5-68eec453d8bc" executionId="e17d7b1a-a6c0-4d5c-b2dd-bbc019b90970" testListId="8c84fa94-04c1-424b-9868-57a2d4851a1d" />
  </TestEntries>
  <Results>
    <UnitTestResult executionId="1720e969-7a94-4712-ba5b-57e524471555" testId="02a0d96a-b36f-259d-191b-5b35b5a8f08e" testName="UpdateProductColorTest" computerName="LOUIS-HP" duration="00:00:00.0499708" startTime="2012-08-27T15:43:47.7980384-07:00" endTime="2012-08-27T15:43:48.3380693-07:00" testType="13cdc9d9-ddb5-4fa4-a97d-d965ccfc6d4b" outcome="Passed" testListId="8c84fa94-04c1-424b-9868-57a2d4851a1d" relativeResultsDirectory="1720e969-7a94-4712-ba5b-57e524471555">
    </UnitTestResult>
    <UnitTestResult executionId="771e0a70-e076-42da-bae7-3297d296fa77" testId="0a828938-db60-83a2-bc54-b0d9d2623a89" testName="ReadAllProductTest" computerName="LOUIS-HP" duration="00:00:00.0468499" startTime="2012-08-27T15:43:48.3430696-07:00" endTime="2012-08-27T15:43:48.7830948-07:00" testType="13cdc9d9-ddb5-4fa4-a97d-d965ccfc6d4b" outcome="Passed" testListId="8c84fa94-04c1-424b-9868-57a2d4851a1d" relativeResultsDirectory="771e0a70-e076-42da-bae7-3297d296fa77">
    </UnitTestResult>
    <UnitTestResult executionId="9485a899-91dc-4f18-aeab-26a2712df75c" testId="0a9faab6-c2ff-6cfa-e314-2f6d98eb74e4" testName="CreateStudentTest" computerName="LOUIS-HP" duration="00:00:00.4169190" startTime="2012-08-27T15:43:48.7870950-07:00" endTime="2012-08-27T15:43:49.5841406-07:00" testType="13cdc9d9-ddb5-4fa4-a97d-d965ccfc6d4b" outcome="Failed" testListId="8c84fa94-04c1-424b-9868-57a2d4851a1d" relativeResultsDirectory="9485a899-91dc-4f18-aeab-26a2712df75c">
      <Output>
        <ErrorInfo>
          <Message>Test method MVC3.Tests.Controllers.StudentControllerTest.CreateStudentTest threw exception: 
System.NullReferenceException: Object reference not set to an instance of an object.</Message>
          <StackTrace>    at MVC3.Tests.Controllers.StudentControllerTest.CreateStudentTest() in C:\Users\Louis\Documents\School\UCSD\cse136\cse136_vs2010_solution\MVC3.Tests\Controllers\StudentControllerTest.cs:line 46
</StackTrace>
        </ErrorInfo>
      </Output>
    </UnitTestResult>
    <UnitTestResult executionId="d847788a-9a86-47ab-8c3a-9b596c374c1c" testId="12e3c4c9-0e7f-4fb6-44e9-504011a51fde" testName="Index" computerName="LOUIS-HP" duration="00:00:00.0386470" startTime="2012-08-27T15:43:49.5881408-07:00" endTime="2012-08-27T15:43:49.6361436-07:00" testType="13cdc9d9-ddb5-4fa4-a97d-d965ccfc6d4b" outcome="Passed" testListId="8c84fa94-04c1-424b-9868-57a2d4851a1d" relativeResultsDirectory="d847788a-9a86-47ab-8c3a-9b596c374c1c">
    </UnitTestResult>
    <UnitTestResult executionId="d7bc47d9-2b4f-4df1-bff6-b44200659f1c" testId="1381d89d-e61a-d0f1-323e-009145c998cd" testName="CreateProductColorErrorTest" computerName="LOUIS-HP" duration="00:00:00.0328532" startTime="2012-08-27T15:43:49.6401438-07:00" endTime="2012-08-27T15:43:49.6781460-07:00" testType="13cdc9d9-ddb5-4fa4-a97d-d965ccfc6d4b" outcome="Failed" testListId="8c84fa94-04c1-424b-9868-57a2d4851a1d" relativeResultsDirectory="d7bc47d9-2b4f-4df1-bff6-b44200659f1c">
      <Output>
        <ErrorInfo>
          <Message>Assert.AreEqual failed. Expected:&lt;1&gt;. Actual:&lt;2&gt;. </Message>
          <StackTrace>   at BLTest.BLProductColorTest.CreateProductColorErrorTest() in C:\Users\Louis\Documents\School\UCSD\cse136\cse136_vs2010_solution\BLTest\BLProductColorTest.cs:line 130
</StackTrace>
        </ErrorInfo>
      </Output>
    </UnitTestResult>
    <UnitTestResult executionId="0cc76b2e-af01-47ea-84c7-3d4f6a316159" testId="17a47e80-72b2-0437-6c34-884341a72cbe" testName="UpdateProductVariationInfoTest" computerName="LOUIS-HP" duration="00:00:00.0331352" startTime="2012-08-27T15:43:49.6821462-07:00" endTime="2012-08-27T15:43:49.7221485-07:00" testType="13cdc9d9-ddb5-4fa4-a97d-d965ccfc6d4b" outcome="Passed" testListId="8c84fa94-04c1-424b-9868-57a2d4851a1d" relativeResultsDirectory="0cc76b2e-af01-47ea-84c7-3d4f6a316159">
    </UnitTestResult>
    <UnitTestResult executionId="4194d131-882c-46ee-9e39-fb3342c832b8" testId="1e60bab5-dba5-e699-f6b8-0811bd4de6e3" testName="CreateProductTypeTest" computerName="LOUIS-HP" duration="00:00:00.0139784" startTime="2012-08-27T15:43:49.7261487-07:00" endTime="2012-08-27T15:43:49.7451498-07:00" testType="13cdc9d9-ddb5-4fa4-a97d-d965ccfc6d4b" outcome="Passed" testListId="8c84fa94-04c1-424b-9868-57a2d4851a1d" relativeResultsDirectory="4194d131-882c-46ee-9e39-fb3342c832b8">
      <Output>
        <DebugTrace>RESULT:19
RESULT:19
RESULT:Super deep v turtle neck 474
</DebugTrace>
      </Output>
    </UnitTestResult>
    <UnitTestResult executionId="bdb7084b-f899-478f-95c5-999f7b5b5be5" testId="1f1e50dc-302d-5d54-d1b6-de3ac7cc0579" testName="CreateBrandNullErrorTest" computerName="LOUIS-HP" duration="00:00:00.0014002" startTime="2012-08-27T15:43:49.7501501-07:00" endTime="2012-08-27T15:43:49.7571505-07:00" testType="13cdc9d9-ddb5-4fa4-a97d-d965ccfc6d4b" outcome="Passed" testListId="8c84fa94-04c1-424b-9868-57a2d4851a1d" relativeResultsDirectory="bdb7084b-f899-478f-95c5-999f7b5b5be5">
    </UnitTestResult>
    <UnitTestResult executionId="60f1568d-2f92-4101-9cb3-23e9573ca927" testId="2c820968-7c91-03d3-a299-ef437a4adae9" testName="CreateProductVariationErrorTest" computerName="LOUIS-HP" duration="00:00:00.0164032" startTime="2012-08-27T15:43:49.7611507-07:00" endTime="2012-08-27T15:43:49.7831520-07:00" testType="13cdc9d9-ddb5-4fa4-a97d-d965ccfc6d4b" outcome="Passed" testListId="8c84fa94-04c1-424b-9868-57a2d4851a1d" relativeResultsDirectory="60f1568d-2f92-4101-9cb3-23e9573ca927">
      <Output>
        <DebugTrace>THIS IS THE PID:41
THIS IS THE ERROR:Invalid product_id
THIS IS THE ERROR:Invalid product_brand_id
THIS IS THE ERROR:Invalid product_cutting_id
THIS IS THE ERROR:Invalid product_color_id
THIS IS THE ERROR:Invalid sex
THIS IS THE ERROR:Invalid size
THIS IS THE ERROR:Invalid stock
THIS IS THE ERROR:Invalid price
THIS IS THE ERROR:Invalid condition
</DebugTrace>
      </Output>
    </UnitTestResult>
    <UnitTestResult executionId="be6b16b0-3ff5-4ff3-aecd-323649e5dc12" testId="2de277d9-37a5-c97d-c930-1d6c85ec007a" testName="ProductCuttingUpdateErrorTest" computerName="LOUIS-HP" duration="00:00:00.0045675" startTime="2012-08-27T15:43:49.7871522-07:00" endTime="2012-08-27T15:43:49.7971528-07:00" testType="13cdc9d9-ddb5-4fa4-a97d-d965ccfc6d4b" outcome="Passed" testListId="8c84fa94-04c1-424b-9868-57a2d4851a1d" relativeResultsDirectory="be6b16b0-3ff5-4ff3-aecd-323649e5dc12">
    </UnitTestResult>
    <UnitTestResult executionId="8ec6f03c-6839-4887-b2fd-d1b4cc28b9f6" testId="306047c5-8044-ee12-21be-5249fd0ab8bc" testName="CreateProductColorTest" computerName="LOUIS-HP" duration="00:00:00.0118057" startTime="2012-08-27T15:43:49.8001530-07:00" endTime="2012-08-27T15:43:49.8181540-07:00" testType="13cdc9d9-ddb5-4fa4-a97d-d965ccfc6d4b" outcome="Passed" testListId="8c84fa94-04c1-424b-9868-57a2d4851a1d" relativeResultsDirectory="8ec6f03c-6839-4887-b2fd-d1b4cc28b9f6">
      <Output>
        <DebugTrace>RESULT:27
RESULT:27
RESULT:Sanrio Pink 223
</DebugTrace>
      </Output>
    </UnitTestResult>
    <UnitTestResult executionId="4a31e653-09a3-4037-8cce-d19476e8ede3" testId="32befc5b-2805-679f-e132-a2c900e50a08" testName="CreatePVTest" computerName="LOUIS-HP" duration="00:00:00.0173527" startTime="2012-08-27T15:43:49.8211542-07:00" endTime="2012-08-27T15:43:49.8441555-07:00" testType="13cdc9d9-ddb5-4fa4-a97d-d965ccfc6d4b" outcome="Passed" testListId="8c84fa94-04c1-424b-9868-57a2d4851a1d" relativeResultsDirectory="4a31e653-09a3-4037-8cce-d19476e8ede3">
      <Output>
        <DebugTrace>THIS IS THE PID:1
RESULT:116
RESULT:1
RESULT:1
RESULT:1
RESULT:1
RESULT:1
RESULT:M
RESULT:L
RESULT:1
RESULT:1
RESULT:a
</DebugTrace>
      </Output>
    </UnitTestResult>
    <UnitTestResult executionId="1d0543ee-4319-4a8a-ad9e-3d78dbfd7795" testId="38819b2b-c49c-ae4c-8ed9-952641081eaf" testName="CreateProductTypeTest" computerName="LOUIS-HP" duration="00:00:00.0093555" startTime="2012-08-27T15:43:49.8471557-07:00" endTime="2012-08-27T15:43:49.8621565-07:00" testType="13cdc9d9-ddb5-4fa4-a97d-d965ccfc6d4b" outcome="Passed" testListId="8c84fa94-04c1-424b-9868-57a2d4851a1d" relativeResultsDirectory="1d0543ee-4319-4a8a-ad9e-3d78dbfd7795">
    </UnitTestResult>
    <UnitTestResult executionId="ad8d96c9-6e83-4737-8b5f-75b0a054a207" testId="39a2e8d3-569e-2be2-3617-2b697cf73be3" testName="ReadAllPVTest" computerName="LOUIS-HP" duration="00:00:00.0164375" startTime="2012-08-27T15:43:49.8661567-07:00" endTime="2012-08-27T15:43:49.8881580-07:00" testType="13cdc9d9-ddb5-4fa4-a97d-d965ccfc6d4b" outcome="Passed" testListId="8c84fa94-04c1-424b-9868-57a2d4851a1d" relativeResultsDirectory="ad8d96c9-6e83-4737-8b5f-75b0a054a207">
    </UnitTestResult>
    <UnitTestResult executionId="4c10b724-a73c-44cf-a4e6-016bfc53f2e1" testId="39ec5642-081d-ef93-52a6-7125803da287" testName="ReadAllProductTest" computerName="LOUIS-HP" duration="00:00:00.0073029" startTime="2012-08-27T15:43:49.8911582-07:00" endTime="2012-08-27T15:43:49.9041589-07:00" testType="13cdc9d9-ddb5-4fa4-a97d-d965ccfc6d4b" outcome="Passed" testListId="8c84fa94-04c1-424b-9868-57a2d4851a1d" relativeResultsDirectory="4c10b724-a73c-44cf-a4e6-016bfc53f2e1">
    </UnitTestResult>
    <UnitTestResult executionId="1b8dbdc2-174c-470a-b645-1ece6a8a10a9" testId="4068bac0-9c67-8bcf-fe66-d8581e88d686" testName="CreateProductCuttingTest" computerName="LOUIS-HP" duration="00:00:00.0108553" startTime="2012-08-27T15:43:49.9071591-07:00" endTime="2012-08-27T15:43:49.9231600-07:00" testType="13cdc9d9-ddb5-4fa4-a97d-d965ccfc6d4b" outcome="Passed" testListId="8c84fa94-04c1-424b-9868-57a2d4851a1d" relativeResultsDirectory="1b8dbdc2-174c-470a-b645-1ece6a8a10a9">
    </UnitTestResult>
    <UnitTestResult executionId="d683918b-2133-4e77-941c-1fa58f501181" testId="44c316ef-e570-09f1-f2c1-54180c893f98" testName="ReadAllBrandTest" computerName="LOUIS-HP" duration="00:00:00.0044095" startTime="2012-08-27T15:43:49.9271602-07:00" endTime="2012-08-27T15:43:49.9361607-07:00" testType="13cdc9d9-ddb5-4fa4-a97d-d965ccfc6d4b" outcome="Passed" testListId="8c84fa94-04c1-424b-9868-57a2d4851a1d" relativeResultsDirectory="d683918b-2133-4e77-941c-1fa58f501181">
    </UnitTestResult>
    <UnitTestResult executionId="6e07b0cd-f6de-4ec5-b2b3-fcea99e9cd8e" testId="48998be3-5bf2-451d-90c6-e1f4233cc9d1" testName="ReadAllProductTypeTest" computerName="LOUIS-HP" duration="00:00:00.0061221" startTime="2012-08-27T15:43:49.9401610-07:00" endTime="2012-08-27T15:43:49.9511616-07:00" testType="13cdc9d9-ddb5-4fa4-a97d-d965ccfc6d4b" outcome="Passed" testListId="8c84fa94-04c1-424b-9868-57a2d4851a1d" relativeResultsDirectory="6e07b0cd-f6de-4ec5-b2b3-fcea99e9cd8e">
    </UnitTestResult>
    <UnitTestResult executionId="9735f996-4008-423b-9a68-c26b500a0969" testId="4984de8b-0f11-84fe-96e4-b08c00e8db25" testName="CreateProductErrorTest" computerName="LOUIS-HP" duration="00:00:00.0086812" startTime="2012-08-27T15:43:49.9551618-07:00" endTime="2012-08-27T15:43:49.9691626-07:00" testType="13cdc9d9-ddb5-4fa4-a97d-d965ccfc6d4b" outcome="Failed" testListId="8c84fa94-04c1-424b-9868-57a2d4851a1d" relativeResultsDirectory="9735f996-4008-423b-9a68-c26b500a0969">
      <Output>
        <ErrorInfo>
          <Message>Assert.AreEqual failed. Expected:&lt;1&gt;. Actual:&lt;2&gt;. </Message>
          <StackTrace>   at BLTest.BLProductTest.CreateProductErrorTest() in C:\Users\Louis\Documents\School\UCSD\cse136\cse136_vs2010_solution\BLTest\BLProductTest.cs:line 130
</StackTrace>
        </ErrorInfo>
      </Output>
    </UnitTestResult>
    <UnitTestResult executionId="62b7d446-7eaf-482f-9236-24776470e12f" testId="4ee29c4c-716b-1b25-cc47-e7d557e9b20f" testName="CreateProductCuttingTest" computerName="LOUIS-HP" duration="00:00:00.0094778" startTime="2012-08-27T15:43:49.9721628-07:00" endTime="2012-08-27T15:43:49.9871637-07:00" testType="13cdc9d9-ddb5-4fa4-a97d-d965ccfc6d4b" outcome="Passed" testListId="8c84fa94-04c1-424b-9868-57a2d4851a1d" relativeResultsDirectory="62b7d446-7eaf-482f-9236-24776470e12f">
    </UnitTestResult>
    <UnitTestResult executionId="b29c69e4-1425-49d8-93f1-ea9c3c61fc76" testId="5129d0b1-e05a-ba39-3d08-819bb36e9c7a" testName="ReadAllProductCuttingTest" computerName="LOUIS-HP" duration="00:00:00.0059566" startTime="2012-08-27T15:43:49.9911639-07:00" endTime="2012-08-27T15:43:50.0011645-07:00" testType="13cdc9d9-ddb5-4fa4-a97d-d965ccfc6d4b" outcome="Passed" testListId="8c84fa94-04c1-424b-9868-57a2d4851a1d" relativeResultsDirectory="b29c69e4-1425-49d8-93f1-ea9c3c61fc76">
    </UnitTestResult>
    <UnitTestResult executionId="795f43cf-ab89-4a90-91d9-1350f14fec9f" testId="51e7e7bf-6ccc-542c-0d91-d03ec1c8332e" testName="DeleteProductVariationInfoTest" computerName="LOUIS-HP" duration="00:00:00.0201876" startTime="2012-08-27T15:43:50.0051647-07:00" endTime="2012-08-27T15:43:50.0301661-07:00" testType="13cdc9d9-ddb5-4fa4-a97d-d965ccfc6d4b" outcome="Passed" testListId="8c84fa94-04c1-424b-9868-57a2d4851a1d" relativeResultsDirectory="795f43cf-ab89-4a90-91d9-1350f14fec9f">
      <Output>
        <DebugTrace>THIS IS THE PID:1
THIS IS THE ID: 117
</DebugTrace>
      </Output>
    </UnitTestResult>
    <UnitTestResult executionId="fca5bfac-8a05-462f-8a63-8e02625af0c0" testId="527f0874-7efa-38fb-4cdb-7845b6fdc52f" testName="ReadAllProductTypeTest" computerName="LOUIS-HP" duration="00:00:00.0050949" startTime="2012-08-27T15:43:50.0351664-07:00" endTime="2012-08-27T15:43:50.0451670-07:00" testType="13cdc9d9-ddb5-4fa4-a97d-d965ccfc6d4b" outcome="Passed" testListId="8c84fa94-04c1-424b-9868-57a2d4851a1d" relativeResultsDirectory="fca5bfac-8a05-462f-8a63-8e02625af0c0">
    </UnitTestResult>
    <UnitTestResult executionId="6e3df394-6199-4dc0-870c-2cda53d1ed87" testId="52df322f-98b6-4e57-d285-dc4d7f1b9314" testName="DeleteProductVariationInfoTest" computerName="LOUIS-HP" duration="00:00:00.0090079" startTime="2012-08-27T15:43:50.0481671-07:00" endTime="2012-08-27T15:43:50.0621680-07:00" testType="13cdc9d9-ddb5-4fa4-a97d-d965ccfc6d4b" outcome="Passed" testListId="8c84fa94-04c1-424b-9868-57a2d4851a1d" relativeResultsDirectory="6e3df394-6199-4dc0-870c-2cda53d1ed87">
    </UnitTestResult>
    <UnitTestResult executionId="a635f791-a771-437e-95d0-402bd8869cbe" testId="53956050-dfb2-bc6f-a53b-1e274204bdd8" testName="ReadAllProductColorTest" computerName="LOUIS-HP" duration="00:00:00.0044997" startTime="2012-08-27T15:43:50.0681683-07:00" endTime="2012-08-27T15:43:50.0781689-07:00" testType="13cdc9d9-ddb5-4fa4-a97d-d965ccfc6d4b" outcome="Passed" testListId="8c84fa94-04c1-424b-9868-57a2d4851a1d" relativeResultsDirectory="a635f791-a771-437e-95d0-402bd8869cbe">
    </UnitTestResult>
    <UnitTestResult executionId="48e2d9f4-0bfb-4c7b-8864-f62600799e31" testId="54e7777a-c6ad-8aae-0fca-0734abbb2233" testName="UpdateProductTypeTest" computerName="LOUIS-HP" duration="00:00:00.0061663" startTime="2012-08-27T15:43:50.0821691-07:00" endTime="2012-08-27T15:43:50.0931697-07:00" testType="13cdc9d9-ddb5-4fa4-a97d-d965ccfc6d4b" outcome="Passed" testListId="8c84fa94-04c1-424b-9868-57a2d4851a1d" relativeResultsDirectory="48e2d9f4-0bfb-4c7b-8864-f62600799e31">
    </UnitTestResult>
    <UnitTestResult executionId="bacb12d6-0b47-4da0-89f2-5593e6cdfd1c" testId="6567eec0-603e-0c1c-b63c-38e9a20c4df4" testName="ReadAllProductCuttingTest" computerName="LOUIS-HP" duration="00:00:00.0041766" startTime="2012-08-27T15:43:50.0971700-07:00" endTime="2012-08-27T15:43:50.1061705-07:00" testType="13cdc9d9-ddb5-4fa4-a97d-d965ccfc6d4b" outcome="Passed" testListId="8c84fa94-04c1-424b-9868-57a2d4851a1d" relativeResultsDirectory="bacb12d6-0b47-4da0-89f2-5593e6cdfd1c">
    </UnitTestResult>
    <UnitTestResult executionId="b0014f10-7db9-433a-900d-64b496ad4ea5" testId="6724fe7d-3a6e-82e1-5e9c-bfae58cb851f" testName="UpdateBrandTest" computerName="LOUIS-HP" duration="00:00:00.0101890" startTime="2012-08-27T15:43:50.1101707-07:00" endTime="2012-08-27T15:43:50.1251716-07:00" testType="13cdc9d9-ddb5-4fa4-a97d-d965ccfc6d4b" outcome="Passed" testListId="8c84fa94-04c1-424b-9868-57a2d4851a1d" relativeResultsDirectory="b0014f10-7db9-433a-900d-64b496ad4ea5">
    </UnitTestResult>
    <UnitTestResult executionId="28c18da2-0b42-4263-899f-f4bbe10d5587" testId="6b18c41e-9b98-699a-6cd9-609e14952373" testName="CreateProductColorTest" computerName="LOUIS-HP" duration="00:00:00.0064448" startTime="2012-08-27T15:43:50.1301718-07:00" endTime="2012-08-27T15:43:50.1421725-07:00" testType="13cdc9d9-ddb5-4fa4-a97d-d965ccfc6d4b" outcome="Passed" testListId="8c84fa94-04c1-424b-9868-57a2d4851a1d" relativeResultsDirectory="28c18da2-0b42-4263-899f-f4bbe10d5587">
    </UnitTestResult>
    <UnitTestResult executionId="ec083a96-5e30-451a-ac75-d0df1d36825a" testId="72a23555-32b2-8606-9cd7-3ffb7f93b94d" testName="CreateProductColorNullErrorTest" computerName="LOUIS-HP" duration="00:00:00.0033475" startTime="2012-08-27T15:43:50.1461728-07:00" endTime="2012-08-27T15:43:50.1541732-07:00" testType="13cdc9d9-ddb5-4fa4-a97d-d965ccfc6d4b" outcome="Passed" testListId="8c84fa94-04c1-424b-9868-57a2d4851a1d" relativeResultsDirectory="ec083a96-5e30-451a-ac75-d0df1d36825a">
    </UnitTestResult>
    <UnitTestResult executionId="824bbb92-6b0b-495c-9e15-421336b59f66" testId="749e2125-91f3-366c-3cc9-5d757c5d89fc" testName="UpdateProductTypeTest" computerName="LOUIS-HP" duration="00:00:00.0090712" startTime="2012-08-27T15:43:50.1751744-07:00" endTime="2012-08-27T15:43:50.1891752-07:00" testType="13cdc9d9-ddb5-4fa4-a97d-d965ccfc6d4b" outcome="Passed" testListId="8c84fa94-04c1-424b-9868-57a2d4851a1d" relativeResultsDirectory="824bbb92-6b0b-495c-9e15-421336b59f66">
    </UnitTestResult>
    <UnitTestResult executionId="dd5dc9dc-f166-456c-8db3-7d96c2c0d563" testId="769129ee-601e-ba5f-360d-d3013c602f01" testName="ProductVariationReadErrorTest" computerName="LOUIS-HP" duration="00:00:00.0084314" startTime="2012-08-27T15:43:50.1941755-07:00" endTime="2012-08-27T15:43:50.2071762-07:00" testType="13cdc9d9-ddb5-4fa4-a97d-d965ccfc6d4b" outcome="Passed" testListId="8c84fa94-04c1-424b-9868-57a2d4851a1d" relativeResultsDirectory="dd5dc9dc-f166-456c-8db3-7d96c2c0d563">
      <Output>
        <DebugTrace>REACHED here is the id: 118
THIS IS THE ERROR: Invalid product variation id
REACHED here is the id: -1
THIS IS THE ERROR: Invalid product variation id
THIS IS THE ERROR: Invalid product variation id
</DebugTrace>
      </Output>
    </UnitTestResult>
    <UnitTestResult executionId="210f0099-c9fe-4263-b774-a2edbd5264d5" testId="7c829374-b2b7-a64c-0106-8a1c527f9eee" testName="CreateProductTypeNullErrorTest" computerName="LOUIS-HP" duration="00:00:00.0029910" startTime="2012-08-27T15:43:50.2121765-07:00" endTime="2012-08-27T15:43:50.2201770-07:00" testType="13cdc9d9-ddb5-4fa4-a97d-d965ccfc6d4b" outcome="Passed" testListId="8c84fa94-04c1-424b-9868-57a2d4851a1d" relativeResultsDirectory="210f0099-c9fe-4263-b774-a2edbd5264d5">
    </UnitTestResult>
    <UnitTestResult executionId="b3bd8f89-a9ee-4c61-8c5c-990170967c70" testId="83def0be-13ed-eb0c-cf34-39cb5d72d47e" testName="ReadAllPVTest" computerName="LOUIS-HP" duration="00:00:00.0103059" startTime="2012-08-27T15:43:50.2241772-07:00" endTime="2012-08-27T15:43:50.2391781-07:00" testType="13cdc9d9-ddb5-4fa4-a97d-d965ccfc6d4b" outcome="Passed" testListId="8c84fa94-04c1-424b-9868-57a2d4851a1d" relativeResultsDirectory="b3bd8f89-a9ee-4c61-8c5c-990170967c70">
    </UnitTestResult>
    <UnitTestResult executionId="443f0893-b10b-4f91-9a3e-b32618018d68" testId="8440b3dd-4629-ecb3-bea3-283361475284" testName="CreateBrandErrorTest" computerName="LOUIS-HP" duration="00:00:00.0065184" startTime="2012-08-27T15:43:50.2441784-07:00" endTime="2012-08-27T15:43:50.2551790-07:00" testType="13cdc9d9-ddb5-4fa4-a97d-d965ccfc6d4b" outcome="Failed" testListId="8c84fa94-04c1-424b-9868-57a2d4851a1d" relativeResultsDirectory="443f0893-b10b-4f91-9a3e-b32618018d68">
      <Output>
        <ErrorInfo>
          <Message>Assert.AreEqual failed. Expected:&lt;1&gt;. Actual:&lt;2&gt;. </Message>
          <StackTrace>   at BLTest.BLBrandTest.CreateBrandErrorTest() in C:\Users\Louis\Documents\School\UCSD\cse136\cse136_vs2010_solution\BLTest\BLBrandTest.cs:line 131
</StackTrace>
        </ErrorInfo>
      </Output>
    </UnitTestResult>
    <UnitTestResult executionId="394af75e-5597-4d6c-b1ab-867ef2562c71" testId="87cd62b0-6032-0378-4d78-97f7b2cf2151" testName="ProductTypeReadErrorTest" computerName="LOUIS-HP" duration="00:00:00.0039053" startTime="2012-08-27T15:43:50.2591792-07:00" endTime="2012-08-27T15:43:50.2681797-07:00" testType="13cdc9d9-ddb5-4fa4-a97d-d965ccfc6d4b" outcome="Passed" testListId="8c84fa94-04c1-424b-9868-57a2d4851a1d" relativeResultsDirectory="394af75e-5597-4d6c-b1ab-867ef2562c71">
    </UnitTestResult>
    <UnitTestResult executionId="0c64c52a-3f68-4419-86b4-7ef23298d0fd" testId="8ddb55d2-cc76-8371-0cab-349758d0faba" testName="ProductVariationUpdateErrorTest" computerName="LOUIS-HP" duration="00:00:00.0085358" startTime="2012-08-27T15:43:50.2721800-07:00" endTime="2012-08-27T15:43:50.2861808-07:00" testType="13cdc9d9-ddb5-4fa4-a97d-d965ccfc6d4b" outcome="Passed" testListId="8c84fa94-04c1-424b-9868-57a2d4851a1d" relativeResultsDirectory="0c64c52a-3f68-4419-86b4-7ef23298d0fd">
    </UnitTestResult>
    <UnitTestResult executionId="efe1d721-515a-4ddf-9db1-b9ab574aa475" testId="906cdd9a-e41c-b869-1786-a4ffe476ad69" testName="CreateProductCuttingErrorTest" computerName="LOUIS-HP" duration="00:00:00.0074015" startTime="2012-08-27T15:43:50.2891809-07:00" endTime="2012-08-27T15:43:50.3021817-07:00" testType="13cdc9d9-ddb5-4fa4-a97d-d965ccfc6d4b" outcome="Failed" testListId="8c84fa94-04c1-424b-9868-57a2d4851a1d" relativeResultsDirectory="efe1d721-515a-4ddf-9db1-b9ab574aa475">
      <Output>
        <ErrorInfo>
          <Message>Assert.AreEqual failed. Expected:&lt;1&gt;. Actual:&lt;2&gt;. </Message>
          <StackTrace>   at BLTest.BLProductCuttingTest.CreateProductCuttingErrorTest() in C:\Users\Louis\Documents\School\UCSD\cse136\cse136_vs2010_solution\BLTest\BLProductCuttingTest.cs:line 126
</StackTrace>
        </ErrorInfo>
      </Output>
    </UnitTestResult>
    <UnitTestResult executionId="987ca2a3-e490-4bf9-b34b-40eb533e4b6d" testId="9cf39b8e-04c2-b861-736b-953b0b495874" testName="ProductColorUpdateErrorTest" computerName="LOUIS-HP" duration="00:00:00.0048799" startTime="2012-08-27T15:43:50.3051818-07:00" endTime="2012-08-27T15:43:50.3151824-07:00" testType="13cdc9d9-ddb5-4fa4-a97d-d965ccfc6d4b" outcome="Passed" testListId="8c84fa94-04c1-424b-9868-57a2d4851a1d" relativeResultsDirectory="987ca2a3-e490-4bf9-b34b-40eb533e4b6d">
    </UnitTestResult>
    <UnitTestResult executionId="93b19db2-ad59-46a0-97b6-37ae348f921d" testId="a371c641-f9b0-857d-8d7a-ba50f3ebff43" testName="ProductColorReadErrorTest" computerName="LOUIS-HP" duration="00:00:00.0043203" startTime="2012-08-27T15:43:50.3191827-07:00" endTime="2012-08-27T15:43:50.3271831-07:00" testType="13cdc9d9-ddb5-4fa4-a97d-d965ccfc6d4b" outcome="Passed" testListId="8c84fa94-04c1-424b-9868-57a2d4851a1d" relativeResultsDirectory="93b19db2-ad59-46a0-97b6-37ae348f921d">
    </UnitTestResult>
    <UnitTestResult executionId="8cecc005-4f78-4389-b9ff-9e11921bfd4d" testId="a5af5316-0907-aef9-72aa-1e7958fc3974" testName="CreateProductTest" computerName="LOUIS-HP" duration="00:00:00.0103983" startTime="2012-08-27T15:43:50.3311833-07:00" endTime="2012-08-27T15:43:50.3461842-07:00" testType="13cdc9d9-ddb5-4fa4-a97d-d965ccfc6d4b" outcome="Passed" testListId="8c84fa94-04c1-424b-9868-57a2d4851a1d" relativeResultsDirectory="8cecc005-4f78-4389-b9ff-9e11921bfd4d">
      <Output>
        <DebugTrace>RESULT:41
RESULT:41
RESULT:41
</DebugTrace>
      </Output>
    </UnitTestResult>
    <UnitTestResult executionId="7c8a919d-f4cb-49f5-a564-888e733e61b2" testId="a7d7b29b-200e-e950-acdb-f74fb0c8329a" testName="ProductVariationDeleteErrorTest" computerName="LOUIS-HP" duration="00:00:00.0086210" startTime="2012-08-27T15:43:50.3501844-07:00" endTime="2012-08-27T15:43:50.3631852-07:00" testType="13cdc9d9-ddb5-4fa4-a97d-d965ccfc6d4b" outcome="Passed" testListId="8c84fa94-04c1-424b-9868-57a2d4851a1d" relativeResultsDirectory="7c8a919d-f4cb-49f5-a564-888e733e61b2">
    </UnitTestResult>
    <UnitTestResult executionId="1d074db0-1429-49b6-9616-ab5bbc766b8f" testId="a91e9ed3-5646-12d6-93c6-af2db48c7e59" testName="ProductReadErrorTest" computerName="LOUIS-HP" duration="00:00:00.0040570" startTime="2012-08-27T15:43:50.3671854-07:00" endTime="2012-08-27T15:43:50.3761859-07:00" testType="13cdc9d9-ddb5-4fa4-a97d-d965ccfc6d4b" outcome="Passed" testListId="8c84fa94-04c1-424b-9868-57a2d4851a1d" relativeResultsDirectory="1d074db0-1429-49b6-9616-ab5bbc766b8f">
    </UnitTestResult>
    <UnitTestResult executionId="beafee64-4f15-42df-b1b9-7b633609eea2" testId="ad76f5b9-eef6-7da3-02e0-bcb403ffa630" testName="UpdateProductCuttingTest" computerName="LOUIS-HP" duration="00:00:00.0079173" startTime="2012-08-27T15:43:50.3791861-07:00" endTime="2012-08-27T15:43:50.3931869-07:00" testType="13cdc9d9-ddb5-4fa4-a97d-d965ccfc6d4b" outcome="Passed" testListId="8c84fa94-04c1-424b-9868-57a2d4851a1d" relativeResultsDirectory="beafee64-4f15-42df-b1b9-7b633609eea2">
    </UnitTestResult>
    <UnitTestResult executionId="9bc1e312-090b-44e6-ad24-f61e8fa718bf" testId="b22f890b-2fb2-8bc9-6072-6c13741d1a72" testName="ProductCuttingReadErrorTest" computerName="LOUIS-HP" duration="00:00:00.0046367" startTime="2012-08-27T15:43:50.3971871-07:00" endTime="2012-08-27T15:43:50.4071877-07:00" testType="13cdc9d9-ddb5-4fa4-a97d-d965ccfc6d4b" outcome="Passed" testListId="8c84fa94-04c1-424b-9868-57a2d4851a1d" relativeResultsDirectory="9bc1e312-090b-44e6-ad24-f61e8fa718bf">
    </UnitTestResult>
    <UnitTestResult executionId="3f029637-e925-4dba-aab8-c50fc682813f" testId="bdcd5694-6f47-8e9c-4f0a-b5a3d00cbbdc" testName="CreateProductCuttingNullErrorTest" computerName="LOUIS-HP" duration="00:00:00.0027795" startTime="2012-08-27T15:43:50.4111879-07:00" endTime="2012-08-27T15:43:50.4191884-07:00" testType="13cdc9d9-ddb5-4fa4-a97d-d965ccfc6d4b" outcome="Passed" testListId="8c84fa94-04c1-424b-9868-57a2d4851a1d" relativeResultsDirectory="3f029637-e925-4dba-aab8-c50fc682813f">
    </UnitTestResult>
    <UnitTestResult executionId="8cd7622c-7f12-4d9d-b79b-8c0b8d2a70a9" testId="bfb23467-9ed6-2af2-a378-dc1e9bbf5b26" testName="CreateProductTypeErrorTest" computerName="LOUIS-HP" duration="00:00:00.0076527" startTime="2012-08-27T15:43:50.4231886-07:00" endTime="2012-08-27T15:43:50.4351893-07:00" testType="13cdc9d9-ddb5-4fa4-a97d-d965ccfc6d4b" outcome="Failed" testListId="8c84fa94-04c1-424b-9868-57a2d4851a1d" relativeResultsDirectory="8cd7622c-7f12-4d9d-b79b-8c0b8d2a70a9">
      <Output>
        <ErrorInfo>
          <Message>Assert.AreEqual failed. Expected:&lt;1&gt;. Actual:&lt;2&gt;. </Message>
          <StackTrace>   at BLTest.BLProductTypeTest.CreateProductTypeErrorTest() in C:\Users\Louis\Documents\School\UCSD\cse136\cse136_vs2010_solution\BLTest\BLProductTypeTest.cs:line 129
</StackTrace>
        </ErrorInfo>
      </Output>
    </UnitTestResult>
    <UnitTestResult executionId="4526db87-1ac7-473d-95c9-acb53e7f7936" testId="c67b2499-e7a4-2b19-624b-77fbc4aeac92" testName="ProductTypeUpdateErrorTest" computerName="LOUIS-HP" duration="00:00:00.0044332" startTime="2012-08-27T15:43:50.4391895-07:00" endTime="2012-08-27T15:43:50.4491901-07:00" testType="13cdc9d9-ddb5-4fa4-a97d-d965ccfc6d4b" outcome="Passed" testListId="8c84fa94-04c1-424b-9868-57a2d4851a1d" relativeResultsDirectory="4526db87-1ac7-473d-95c9-acb53e7f7936">
    </UnitTestResult>
    <UnitTestResult executionId="0a952504-bd71-42c0-ac60-1df0459337ca" testId="c68b8238-9415-4bac-14f0-0a40a7e90643" testName="UpdateProductVariationInfoTest" computerName="LOUIS-HP" duration="00:00:00.0090413" startTime="2012-08-27T15:43:50.4531903-07:00" endTime="2012-08-27T15:43:50.4681912-07:00" testType="13cdc9d9-ddb5-4fa4-a97d-d965ccfc6d4b" outcome="Passed" testListId="8c84fa94-04c1-424b-9868-57a2d4851a1d" relativeResultsDirectory="0a952504-bd71-42c0-ac60-1df0459337ca">
    </UnitTestResult>
    <UnitTestResult executionId="c741eb10-55cd-4b77-bb1b-90d3fc94155a" testId="c6b026e9-3960-4229-9874-a43b265d5ac5" testName="ProductUpdateErrorTest" computerName="LOUIS-HP" duration="00:00:00.0048120" startTime="2012-08-27T15:43:50.4721914-07:00" endTime="2012-08-27T15:43:50.4821920-07:00" testType="13cdc9d9-ddb5-4fa4-a97d-d965ccfc6d4b" outcome="Passed" testListId="8c84fa94-04c1-424b-9868-57a2d4851a1d" relativeResultsDirectory="c741eb10-55cd-4b77-bb1b-90d3fc94155a">
    </UnitTestResult>
    <UnitTestResult executionId="881996ec-2206-4828-8508-80e6fcdeafc8" testId="c76098cd-5f49-f576-d094-a3b9b8dc9118" testName="CreatePVTest" computerName="LOUIS-HP" duration="00:00:00.0117946" startTime="2012-08-27T15:43:50.4861922-07:00" endTime="2012-08-27T15:43:50.5031932-07:00" testType="13cdc9d9-ddb5-4fa4-a97d-d965ccfc6d4b" outcome="Passed" testListId="8c84fa94-04c1-424b-9868-57a2d4851a1d" relativeResultsDirectory="881996ec-2206-4828-8508-80e6fcdeafc8">
      <Output>
        <DebugTrace>RESULT:118
RESULT:1
RESULT:1
RESULT:1
RESULT:1
RESULT:1
RESULT:M
RESULT:L
RESULT:1
RESULT:1
RESULT:a
</DebugTrace>
      </Output>
    </UnitTestResult>
    <UnitTestResult executionId="17602800-b92a-4a20-b309-00a12cd1f605" testId="cd8ccf9f-8213-ce86-61d5-8fae292b70cc" testName="ReadAllProductColorTest" computerName="LOUIS-HP" duration="00:00:00.0060347" startTime="2012-08-27T15:43:50.5071934-07:00" endTime="2012-08-27T15:43:50.5171940-07:00" testType="13cdc9d9-ddb5-4fa4-a97d-d965ccfc6d4b" outcome="Passed" testListId="8c84fa94-04c1-424b-9868-57a2d4851a1d" relativeResultsDirectory="17602800-b92a-4a20-b309-00a12cd1f605">
    </UnitTestResult>
    <UnitTestResult executionId="7b38139e-8ca5-435d-835e-d9b74affd09a" testId="cddde496-20c6-4b8e-d5cd-072a15f2fccb" testName="BrandReadErrorTest" computerName="LOUIS-HP" duration="00:00:00.0037076" startTime="2012-08-27T15:43:50.5221943-07:00" endTime="2012-08-27T15:43:50.5301947-07:00" testType="13cdc9d9-ddb5-4fa4-a97d-d965ccfc6d4b" outcome="Passed" testListId="8c84fa94-04c1-424b-9868-57a2d4851a1d" relativeResultsDirectory="7b38139e-8ca5-435d-835e-d9b74affd09a">
    </UnitTestResult>
    <UnitTestResult executionId="37719204-252c-477f-9f98-54789af8ae1c" testId="d2636e01-07d3-8d97-7e57-ab6725f5e972" testName="CreateProductNullErrorTest" computerName="LOUIS-HP" duration="00:00:00.0036773" startTime="2012-08-27T15:43:50.5341949-07:00" endTime="2012-08-27T15:43:50.5441955-07:00" testType="13cdc9d9-ddb5-4fa4-a97d-d965ccfc6d4b" outcome="Passed" testListId="8c84fa94-04c1-424b-9868-57a2d4851a1d" relativeResultsDirectory="37719204-252c-477f-9f98-54789af8ae1c">
    </UnitTestResult>
    <UnitTestResult executionId="70d056be-65a7-464f-9147-6e2db9adb302" testId="d3145b4d-1fba-fbb6-489d-880aca3a67d3" testName="UpdateProductTest" computerName="LOUIS-HP" duration="00:00:00.0078986" startTime="2012-08-27T15:43:50.5481957-07:00" endTime="2012-08-27T15:43:50.5601964-07:00" testType="13cdc9d9-ddb5-4fa4-a97d-d965ccfc6d4b" outcome="Passed" testListId="8c84fa94-04c1-424b-9868-57a2d4851a1d" relativeResultsDirectory="70d056be-65a7-464f-9147-6e2db9adb302">
    </UnitTestResult>
    <UnitTestResult executionId="25f052f4-6270-47de-a323-87d5b2e4eebe" testId="dc348301-aaee-9d57-e85e-e7bdc8bf9c91" testName="UpdateProductColorTest" computerName="LOUIS-HP" duration="00:00:00.0238953" startTime="2012-08-27T15:43:50.5641967-07:00" endTime="2012-08-27T15:43:50.5931983-07:00" testType="13cdc9d9-ddb5-4fa4-a97d-d965ccfc6d4b" outcome="Passed" testListId="8c84fa94-04c1-424b-9868-57a2d4851a1d" relativeResultsDirectory="25f052f4-6270-47de-a323-87d5b2e4eebe">
    </UnitTestResult>
    <UnitTestResult executionId="4d1268b4-b9cb-417b-9510-4c7cf497c52e" testId="ddbc9751-ea78-3907-b0dd-bbebacabbc90" testName="UpdateProductBrandTest" computerName="LOUIS-HP" duration="00:00:00.0100159" startTime="2012-08-27T15:43:50.6011988-07:00" endTime="2012-08-27T15:43:50.6171997-07:00" testType="13cdc9d9-ddb5-4fa4-a97d-d965ccfc6d4b" outcome="Passed" testListId="8c84fa94-04c1-424b-9868-57a2d4851a1d" relativeResultsDirectory="4d1268b4-b9cb-417b-9510-4c7cf497c52e">
    </UnitTestResult>
    <UnitTestResult executionId="fb7700e7-5166-4d41-9aca-fc436bc64c29" testId="df90cdea-c5c0-d0c6-d7f1-abca45aafb69" testName="UpdateProductCuttingTest" computerName="LOUIS-HP" duration="00:00:00.0059343" startTime="2012-08-27T15:43:50.6222000-07:00" endTime="2012-08-27T15:43:50.6342007-07:00" testType="13cdc9d9-ddb5-4fa4-a97d-d965ccfc6d4b" outcome="Passed" testListId="8c84fa94-04c1-424b-9868-57a2d4851a1d" relativeResultsDirectory="fb7700e7-5166-4d41-9aca-fc436bc64c29">
    </UnitTestResult>
    <UnitTestResult executionId="386d635e-2224-4432-a196-66614da13c74" testId="e838b5ac-738c-c97e-c3d6-f1fb0daa2370" testName="BrandUpdateErrorTest" computerName="LOUIS-HP" duration="00:00:00.0046327" startTime="2012-08-27T15:43:50.6382009-07:00" endTime="2012-08-27T15:43:50.6472014-07:00" testType="13cdc9d9-ddb5-4fa4-a97d-d965ccfc6d4b" outcome="Passed" testListId="8c84fa94-04c1-424b-9868-57a2d4851a1d" relativeResultsDirectory="386d635e-2224-4432-a196-66614da13c74">
    </UnitTestResult>
    <UnitTestResult executionId="447048e8-1d04-49fe-98af-49688d61c99b" testId="e852a1f2-fb34-ffdc-ed5c-718cafd085e2" testName="ReadAllBrandTest" computerName="LOUIS-HP" duration="00:00:00.0058379" startTime="2012-08-27T15:43:50.6502016-07:00" endTime="2012-08-27T15:43:50.6612022-07:00" testType="13cdc9d9-ddb5-4fa4-a97d-d965ccfc6d4b" outcome="Passed" testListId="8c84fa94-04c1-424b-9868-57a2d4851a1d" relativeResultsDirectory="447048e8-1d04-49fe-98af-49688d61c99b">
    </UnitTestResult>
    <UnitTestResult executionId="4b946e9f-4ec9-473e-987a-7ef36144a73f" testId="ed374848-8a67-3fea-eaa8-78dc7d5d1593" testName="CreateProductTest" computerName="LOUIS-HP" duration="00:00:00.0067897" startTime="2012-08-27T15:43:50.6642024-07:00" endTime="2012-08-27T15:43:50.6762031-07:00" testType="13cdc9d9-ddb5-4fa4-a97d-d965ccfc6d4b" outcome="Passed" testListId="8c84fa94-04c1-424b-9868-57a2d4851a1d" relativeResultsDirectory="4b946e9f-4ec9-473e-987a-7ef36144a73f">
    </UnitTestResult>
    <UnitTestResult executionId="edb27127-4015-4242-8124-beceaf139b2a" testId="f164ed89-d296-5ff9-08d7-a7e4a1f0d9d7" testName="CreateBrandTest" computerName="LOUIS-HP" duration="00:00:00.0060458" startTime="2012-08-27T15:43:50.6802033-07:00" endTime="2012-08-27T15:43:50.6902039-07:00" testType="13cdc9d9-ddb5-4fa4-a97d-d965ccfc6d4b" outcome="Passed" testListId="8c84fa94-04c1-424b-9868-57a2d4851a1d" relativeResultsDirectory="edb27127-4015-4242-8124-beceaf139b2a">
    </UnitTestResult>
    <UnitTestResult executionId="e59e8ca1-f357-43bd-913f-b623273cdcbc" testId="f7826c58-01e2-4c82-f47f-08228e891502" testName="CreateBrandTest" computerName="LOUIS-HP" duration="00:00:00.0092935" startTime="2012-08-27T15:43:50.6942041-07:00" endTime="2012-08-27T15:43:50.7082049-07:00" testType="13cdc9d9-ddb5-4fa4-a97d-d965ccfc6d4b" outcome="Passed" testListId="8c84fa94-04c1-424b-9868-57a2d4851a1d" relativeResultsDirectory="e59e8ca1-f357-43bd-913f-b623273cdcbc">
      <Output>
        <DebugTrace>RESULT:27
RESULT:27
RESULT:Sanrio 659
</DebugTrace>
      </Output>
    </UnitTestResult>
    <UnitTestResult executionId="e17d7b1a-a6c0-4d5c-b2dd-bbc019b90970" testId="fceb51c8-60ab-9dba-9bc5-68eec453d8bc" testName="UpdateProductTest" computerName="LOUIS-HP" duration="00:00:00.0080967" startTime="2012-08-27T15:43:50.7112051-07:00" endTime="2012-08-27T15:43:50.7242058-07:00" testType="13cdc9d9-ddb5-4fa4-a97d-d965ccfc6d4b" outcome="Passed" testListId="8c84fa94-04c1-424b-9868-57a2d4851a1d" relativeResultsDirectory="e17d7b1a-a6c0-4d5c-b2dd-bbc019b90970">
    </UnitTestResult>
  </Results>
</TestRun>